<?xml version="1.0" encoding="UTF-8"?>
<testsuites>
  <testsuite name="CrmPackClass-class" timestamp="2023-08-17T11:58:19Z" hostname="20a247bd8378" tests="111" skipped="0" failures="0" errors="0" time="0.894">
    <testcase time="0.034" classname="CrmPackClass_class" name="CrmPackClass_correctly_identifies_crmPack_classes"/>
    <testcase time="0.03" classname="CrmPackClass_class" name="CrmPackClass_correctly_identifies_crmPack_classes"/>
    <testcase time="0.0170000000000001" classname="CrmPackClass_class" name="CrmPackClass_correctly_identifies_crmPack_classes"/>
    <testcase time="0.01" classname="CrmPackClass_class" name="CrmPackClass_correctly_identifies_crmPack_classes"/>
    <testcase time="0.00499999999999989" classname="CrmPackClass_class" name="CrmPackClass_correctly_identifies_crmPack_classes"/>
    <testcase time="0.0150000000000001" classname="CrmPackClass_class" name="CrmPackClass_correctly_identifies_crmPack_classes"/>
    <testcase time="0.0269999999999999" classname="CrmPackClass_class" name="CrmPackClass_correctly_identifies_crmPack_classes"/>
    <testcase time="0.00600000000000001" classname="CrmPackClass_class" name="CrmPackClass_correctly_identifies_crmPack_classes"/>
    <testcase time="0.00600000000000001" classname="CrmPackClass_class" name="CrmPackClass_correctly_identifies_crmPack_classes"/>
    <testcase time="0.00499999999999989" classname="CrmPackClass_class" name="CrmPackClass_correctly_identifies_crmPack_classes"/>
    <testcase time="0.00600000000000001" classname="CrmPackClass_class" name="CrmPackClass_correctly_identifies_crmPack_classes"/>
    <testcase time="0.016" classname="CrmPackClass_class" name="CrmPackClass_correctly_identifies_crmPack_classes"/>
    <testcase time="0.00500000000000012" classname="CrmPackClass_class" name="CrmPackClass_correctly_identifies_crmPack_classes"/>
    <testcase time="0.004" classname="CrmPackClass_class" name="CrmPackClass_correctly_identifies_crmPack_classes"/>
    <testcase time="0.00499999999999989" classname="CrmPackClass_class" name="CrmPackClass_correctly_identifies_crmPack_classes"/>
    <testcase time="0.00600000000000001" classname="CrmPackClass_class" name="CrmPackClass_correctly_identifies_crmPack_classes"/>
    <testcase time="0.00900000000000012" classname="CrmPackClass_class" name="CrmPackClass_correctly_identifies_crmPack_classes"/>
    <testcase time="0.00700000000000012" classname="CrmPackClass_class" name="CrmPackClass_correctly_identifies_crmPack_classes"/>
    <testcase time="0.00499999999999989" classname="CrmPackClass_class" name="CrmPackClass_correctly_identifies_crmPack_classes"/>
    <testcase time="0.00700000000000012" classname="CrmPackClass_class" name="CrmPackClass_correctly_identifies_crmPack_classes"/>
    <testcase time="0.0129999999999999" classname="CrmPackClass_class" name="CrmPackClass_correctly_identifies_crmPack_classes"/>
    <testcase time="0.00499999999999989" classname="CrmPackClass_class" name="CrmPackClass_correctly_identifies_crmPack_classes"/>
    <testcase time="0.0130000000000001" classname="CrmPackClass_class" name="CrmPackClass_correctly_identifies_crmPack_classes"/>
    <testcase time="0.00499999999999989" classname="CrmPackClass_class" name="CrmPackClass_correctly_identifies_crmPack_classes"/>
    <testcase time="0.00500000000000012" classname="CrmPackClass_class" name="CrmPackClass_correctly_identifies_crmPack_classes"/>
    <testcase time="0.00499999999999989" classname="CrmPackClass_class" name="CrmPackClass_correctly_identifies_crmPack_classes"/>
    <testcase time="0.00600000000000001" classname="CrmPackClass_class" name="CrmPackClass_correctly_identifies_crmPack_classes"/>
    <testcase time="0.00500000000000012" classname="CrmPackClass_class" name="CrmPackClass_correctly_identifies_crmPack_classes"/>
    <testcase time="0.0089999999999999" classname="CrmPackClass_class" name="CrmPackClass_correctly_identifies_crmPack_classes"/>
    <testcase time="0.00700000000000012" classname="CrmPackClass_class" name="CrmPackClass_correctly_identifies_crmPack_classes"/>
    <testcase time="0.022" classname="CrmPackClass_class" name="CrmPackClass_correctly_identifies_crmPack_classes"/>
    <testcase time="0.00499999999999989" classname="CrmPackClass_class" name="CrmPackClass_correctly_identifies_crmPack_classes"/>
    <testcase time="0.016" classname="CrmPackClass_class" name="CrmPackClass_correctly_identifies_crmPack_classes"/>
    <testcase time="0.00600000000000001" classname="CrmPackClass_class" name="CrmPackClass_correctly_identifies_crmPack_classes"/>
    <testcase time="0.0149999999999999" classname="CrmPackClass_class" name="CrmPackClass_correctly_identifies_crmPack_classes"/>
    <testcase time="0.00499999999999989" classname="CrmPackClass_class" name="CrmPackClass_correctly_identifies_crmPack_classes"/>
    <testcase time="0.00500000000000012" classname="CrmPackClass_class" name="CrmPackClass_correctly_identifies_crmPack_classes"/>
    <testcase time="0.012" classname="CrmPackClass_class" name="CrmPackClass_correctly_identifies_crmPack_classes"/>
    <testcase time="0.01" classname="CrmPackClass_class" name="CrmPackClass_correctly_identifies_crmPack_classes"/>
    <testcase time="0.016" classname="CrmPackClass_class" name="CrmPackClass_correctly_identifies_crmPack_classes"/>
    <testcase time="0.012" classname="CrmPackClass_class" name="CrmPackClass_correctly_identifies_crmPack_classes"/>
    <testcase time="0.00499999999999989" classname="CrmPackClass_class" name="CrmPackClass_correctly_identifies_crmPack_classes"/>
    <testcase time="0.004" classname="CrmPackClass_class" name="CrmPackClass_correctly_identifies_crmPack_classes"/>
    <testcase time="0.00500000000000012" classname="CrmPackClass_class" name="CrmPackClass_correctly_identifies_crmPack_classes"/>
    <testcase time="0.00800000000000001" classname="CrmPackClass_class" name="CrmPackClass_correctly_identifies_crmPack_classes"/>
    <testcase time="0.00799999999999979" classname="CrmPackClass_class" name="CrmPackClass_correctly_identifies_crmPack_classes"/>
    <testcase time="0.00500000000000034" classname="CrmPackClass_class" name="CrmPackClass_correctly_identifies_crmPack_classes"/>
    <testcase time="0.0109999999999997" classname="CrmPackClass_class" name="CrmPackClass_correctly_identifies_crmPack_classes"/>
    <testcase time="0.00500000000000034" classname="CrmPackClass_class" name="CrmPackClass_correctly_identifies_crmPack_classes"/>
    <testcase time="0.00499999999999989" classname="CrmPackClass_class" name="CrmPackClass_correctly_identifies_crmPack_classes"/>
    <testcase time="0.00599999999999978" classname="CrmPackClass_class" name="CrmPackClass_correctly_identifies_crmPack_classes"/>
    <testcase time="0.00800000000000001" classname="CrmPackClass_class" name="CrmPackClass_correctly_identifies_crmPack_classes"/>
    <testcase time="0.00499999999999989" classname="CrmPackClass_class" name="CrmPackClass_correctly_identifies_crmPack_classes"/>
    <testcase time="0.00500000000000034" classname="CrmPackClass_class" name="CrmPackClass_correctly_identifies_crmPack_classes"/>
    <testcase time="0.00800000000000001" classname="CrmPackClass_class" name="CrmPackClass_correctly_identifies_crmPack_classes"/>
    <testcase time="0.00499999999999989" classname="CrmPackClass_class" name="CrmPackClass_correctly_identifies_crmPack_classes"/>
    <testcase time="0.00499999999999989" classname="CrmPackClass_class" name="CrmPackClass_correctly_identifies_crmPack_classes"/>
    <testcase time="0.00600000000000023" classname="CrmPackClass_class" name="CrmPackClass_correctly_identifies_crmPack_classes"/>
    <testcase time="0.00499999999999989" classname="CrmPackClass_class" name="CrmPackClass_correctly_identifies_crmPack_classes"/>
    <testcase time="0.0190000000000001" classname="CrmPackClass_class" name="CrmPackClass_correctly_identifies_crmPack_classes"/>
    <testcase time="0.00499999999999989" classname="CrmPackClass_class" name="CrmPackClass_correctly_identifies_crmPack_classes"/>
    <testcase time="0.00599999999999978" classname="CrmPackClass_class" name="CrmPackClass_correctly_identifies_crmPack_classes"/>
    <testcase time="0.00700000000000012" classname="CrmPackClass_class" name="CrmPackClass_correctly_identifies_crmPack_classes"/>
    <testcase time="0.00800000000000001" classname="CrmPackClass_class" name="CrmPackClass_correctly_identifies_crmPack_classes"/>
    <testcase time="0.012" classname="CrmPackClass_class" name="CrmPackClass_correctly_identifies_crmPack_classes"/>
    <testcase time="0.00800000000000001" classname="CrmPackClass_class" name="CrmPackClass_correctly_identifies_crmPack_classes"/>
    <testcase time="0.0220000000000002" classname="CrmPackClass_class" name="CrmPackClass_correctly_identifies_crmPack_classes"/>
    <testcase time="0.00499999999999989" classname="CrmPackClass_class" name="CrmPackClass_correctly_identifies_crmPack_classes"/>
    <testcase time="0.00599999999999978" classname="CrmPackClass_class" name="CrmPackClass_correctly_identifies_crmPack_classes"/>
    <testcase time="0.00600000000000023" classname="CrmPackClass_class" name="CrmPackClass_correctly_identifies_crmPack_classes"/>
    <testcase time="0.00499999999999989" classname="CrmPackClass_class" name="CrmPackClass_correctly_identifies_crmPack_classes"/>
    <testcase time="0.0089999999999999" classname="CrmPackClass_class" name="CrmPackClass_correctly_identifies_crmPack_classes"/>
    <testcase time="0.00600000000000023" classname="CrmPackClass_class" name="CrmPackClass_correctly_identifies_crmPack_classes"/>
    <testcase time="0.00499999999999989" classname="CrmPackClass_class" name="CrmPackClass_correctly_identifies_crmPack_classes"/>
    <testcase time="0.00499999999999989" classname="CrmPackClass_class" name="CrmPackClass_correctly_identifies_crmPack_classes"/>
    <testcase time="0.00499999999999989" classname="CrmPackClass_class" name="CrmPackClass_correctly_identifies_crmPack_classes"/>
    <testcase time="0.00500000000000034" classname="CrmPackClass_class" name="CrmPackClass_correctly_identifies_crmPack_classes"/>
    <testcase time="0.00599999999999978" classname="CrmPackClass_class" name="CrmPackClass_correctly_identifies_crmPack_classes"/>
    <testcase time="0.004" classname="CrmPackClass_class" name="CrmPackClass_correctly_identifies_crmPack_classes"/>
    <testcase time="0.00499999999999989" classname="CrmPackClass_class" name="CrmPackClass_correctly_identifies_crmPack_classes"/>
    <testcase time="0.00600000000000023" classname="CrmPackClass_class" name="CrmPackClass_correctly_identifies_crmPack_classes"/>
    <testcase time="0.00599999999999978" classname="CrmPackClass_class" name="CrmPackClass_correctly_identifies_crmPack_classes"/>
    <testcase time="0.00500000000000034" classname="CrmPackClass_class" name="CrmPackClass_correctly_identifies_crmPack_classes"/>
    <testcase time="0.00499999999999989" classname="CrmPackClass_class" name="CrmPackClass_correctly_identifies_crmPack_classes"/>
    <testcase time="0.00599999999999978" classname="CrmPackClass_class" name="CrmPackClass_correctly_identifies_crmPack_classes"/>
    <testcase time="0.00500000000000034" classname="CrmPackClass_class" name="CrmPackClass_correctly_identifies_crmPack_classes"/>
    <testcase time="0.0149999999999997" classname="CrmPackClass_class" name="CrmPackClass_correctly_identifies_crmPack_classes"/>
    <testcase time="0.0169999999999999" classname="CrmPackClass_class" name="CrmPackClass_correctly_identifies_crmPack_classes"/>
    <testcase time="0.004" classname="CrmPackClass_class" name="CrmPackClass_correctly_identifies_crmPack_classes"/>
    <testcase time="0.00500000000000034" classname="CrmPackClass_class" name="CrmPackClass_correctly_identifies_crmPack_classes"/>
    <testcase time="0.00499999999999989" classname="CrmPackClass_class" name="CrmPackClass_correctly_identifies_crmPack_classes"/>
    <testcase time="0.00499999999999989" classname="CrmPackClass_class" name="CrmPackClass_correctly_identifies_crmPack_classes"/>
    <testcase time="0.00499999999999989" classname="CrmPackClass_class" name="CrmPackClass_correctly_identifies_crmPack_classes"/>
    <testcase time="0.004" classname="CrmPackClass_class" name="CrmPackClass_correctly_identifies_crmPack_classes"/>
    <testcase time="0.00500000000000034" classname="CrmPackClass_class" name="CrmPackClass_correctly_identifies_crmPack_classes"/>
    <testcase time="0.00699999999999967" classname="CrmPackClass_class" name="CrmPackClass_correctly_identifies_crmPack_classes"/>
    <testcase time="0.00500000000000034" classname="CrmPackClass_class" name="CrmPackClass_correctly_identifies_crmPack_classes"/>
    <testcase time="0.0109999999999997" classname="CrmPackClass_class" name="CrmPackClass_correctly_identifies_crmPack_classes"/>
    <testcase time="0.00600000000000023" classname="CrmPackClass_class" name="CrmPackClass_correctly_identifies_crmPack_classes"/>
    <testcase time="0.004" classname="CrmPackClass_class" name="CrmPackClass_correctly_identifies_crmPack_classes"/>
    <testcase time="0.00499999999999989" classname="CrmPackClass_class" name="CrmPackClass_correctly_identifies_crmPack_classes"/>
    <testcase time="0.00499999999999989" classname="CrmPackClass_class" name="CrmPackClass_correctly_identifies_crmPack_classes"/>
    <testcase time="0.00500000000000034" classname="CrmPackClass_class" name="CrmPackClass_correctly_identifies_crmPack_classes"/>
    <testcase time="0.00699999999999967" classname="CrmPackClass_class" name="CrmPackClass_correctly_identifies_crmPack_classes"/>
    <testcase time="0.00600000000000023" classname="CrmPackClass_class" name="CrmPackClass_correctly_identifies_crmPack_classes"/>
    <testcase time="0.00499999999999989" classname="CrmPackClass_class" name="CrmPackClass_correctly_identifies_crmPack_classes"/>
    <testcase time="0.00499999999999989" classname="CrmPackClass_class" name="CrmPackClass_correctly_identifies_crmPack_classes"/>
    <testcase time="0.00500000000000034" classname="CrmPackClass_class" name="CrmPackClass_correctly_identifies_crmPack_classes"/>
    <testcase time="0.004" classname="CrmPackClass_class" name="CrmPackClass_correctly_identifies_crmPack_classes"/>
    <testcase time="0.0209999999999999" classname="CrmPackClass_class" name="CrmPackClass_does_not_identify_random_non_crmPack_classes"/>
    <testcase time="0.00499999999999989" classname="CrmPackClass_class" name="CrmPackClass_does_not_identify_random_non_crmPack_classes"/>
  </testsuite>
  <testsuite name="Data-class" timestamp="2023-08-17T11:58:20Z" hostname="20a247bd8378" tests="54" skipped="0" failures="0" errors="0" time="0.529">
    <testcase time="0.0259999999999998" classname="Data_class" name=".GeneralData_works_as_expected"/>
    <testcase time="0.00100000000000033" classname="Data_class" name=".GeneralData_works_as_expected"/>
    <testcase time="0.00499999999999989" classname="Data_class" name=".GeneralData_works_as_expected"/>
    <testcase time="0.00800000000000001" classname="Data_class" name=".Data_works_as_expected"/>
    <testcase time="0.00099999999999989" classname="Data_class" name=".Data_works_as_expected"/>
    <testcase time="0.00800000000000001" classname="Data_class" name=".Data_works_as_expected"/>
    <testcase time="0.0140000000000002" classname="Data_class" name="Data_object_can_be_created_with_user_constructor_Data"/>
    <testcase time="0.00199999999999978" classname="Data_class" name="Data_object_can_be_created_with_user_constructor_Data"/>
    <testcase time="0.00600000000000023" classname="Data_class" name="Data_object_can_be_created_with_user_constructor_Data"/>
    <testcase time="0.02" classname="Data_class" name="Data_object_can_be_created_with_custom_values"/>
    <testcase time="0.00099999999999989" classname="Data_class" name="Data_object_can_be_created_with_custom_values"/>
    <testcase time="0.00600000000000023" classname="Data_class" name="Data_object_can_be_created_with_custom_values"/>
    <testcase time="0.0379999999999998" classname="Data_class" name="Data_constructor_handles_default_IDs_as_expected"/>
    <testcase time="0.00099999999999989" classname="Data_class" name="Data_constructor_handles_default_IDs_as_expected"/>
    <testcase time="0.00600000000000023" classname="Data_class" name="Data_constructor_handles_default_IDs_as_expected"/>
    <testcase time="0.024" classname="Data_class" name="Data_constructor_works_as_expected_without_cohort_and_no_placebo"/>
    <testcase time="0.00099999999999989" classname="Data_class" name="Data_constructor_works_as_expected_without_cohort_and_no_placebo"/>
    <testcase time="0.00599999999999978" classname="Data_class" name="Data_constructor_works_as_expected_without_cohort_and_no_placebo"/>
    <testcase time="0.00800000000000001" classname="Data_class" name=".DataDual_works_as_expected"/>
    <testcase time="0.00200000000000022" classname="Data_class" name=".DataDual_works_as_expected"/>
    <testcase time="0.00700000000000012" classname="Data_class" name=".DataDual_works_as_expected"/>
    <testcase time="0.0249999999999999" classname="Data_class" name="DataDual_object_can_be_created_with_user_constructor_DataDual"/>
    <testcase time="0.00199999999999978" classname="Data_class" name="DataDual_object_can_be_created_with_user_constructor_DataDual"/>
    <testcase time="0.00700000000000012" classname="Data_class" name="DataDual_object_can_be_created_with_user_constructor_DataDual"/>
    <testcase time="0.0259999999999998" classname="Data_class" name="DataDual_object_can_be_created_with_custom_values"/>
    <testcase time="0.00200000000000022" classname="Data_class" name="DataDual_object_can_be_created_with_custom_values"/>
    <testcase time="0.00800000000000001" classname="Data_class" name="DataDual_object_can_be_created_with_custom_values"/>
    <testcase time="0.0089999999999999" classname="Data_class" name=".DataParts_works_as_expected"/>
    <testcase time="0.00099999999999989" classname="Data_class" name=".DataParts_works_as_expected"/>
    <testcase time="0.00800000000000001" classname="Data_class" name=".DataParts_works_as_expected"/>
    <testcase time="0.028" classname="Data_class" name="DataParts_object_can_be_created_with_user_constructor_DataParts"/>
    <testcase time="0.00099999999999989" classname="Data_class" name="DataParts_object_can_be_created_with_user_constructor_DataParts"/>
    <testcase time="0.0129999999999999" classname="Data_class" name="DataParts_object_can_be_created_with_user_constructor_DataParts"/>
    <testcase time="0.0249999999999999" classname="Data_class" name="DataParts_object_can_be_created_with_custom_values"/>
    <testcase time="0.00100000000000033" classname="Data_class" name="DataParts_object_can_be_created_with_custom_values"/>
    <testcase time="0.00800000000000001" classname="Data_class" name="DataParts_object_can_be_created_with_custom_values"/>
    <testcase time="0.0089999999999999" classname="Data_class" name=".DataMixture_works_as_expected"/>
    <testcase time="0.00199999999999978" classname="Data_class" name=".DataMixture_works_as_expected"/>
    <testcase time="0.00800000000000001" classname="Data_class" name=".DataMixture_works_as_expected"/>
    <testcase time="0.0260000000000002" classname="Data_class" name="DataMixture_object_can_be_created_with_user_constructor"/>
    <testcase time="0.00199999999999978" classname="Data_class" name="DataMixture_object_can_be_created_with_user_constructor"/>
    <testcase time="0.00700000000000012" classname="Data_class" name="DataMixture_object_can_be_created_with_user_constructor"/>
    <testcase time="0.024" classname="Data_class" name="DataMixture_object_can_be_created_with_custom_values"/>
    <testcase time="0.00099999999999989" classname="Data_class" name="DataMixture_object_can_be_created_with_custom_values"/>
    <testcase time="0.00700000000000012" classname="Data_class" name="DataMixture_object_can_be_created_with_custom_values"/>
    <testcase time="0.0089999999999999" classname="Data_class" name=".DataDA_works_as_expected"/>
    <testcase time="0.00099999999999989" classname="Data_class" name=".DataDA_works_as_expected"/>
    <testcase time="0.00900000000000034" classname="Data_class" name=".DataDA_works_as_expected"/>
    <testcase time="0.024" classname="Data_class" name="DataDA_object_can_be_created_with_user_constructor_DataDA"/>
    <testcase time="0.00099999999999989" classname="Data_class" name="DataDA_object_can_be_created_with_user_constructor_DataDA"/>
    <testcase time="0.00700000000000012" classname="Data_class" name="DataDA_object_can_be_created_with_user_constructor_DataDA"/>
    <testcase time="0.0279999999999996" classname="Data_class" name="DataDA_object_can_be_created_with_custom_values"/>
    <testcase time="0.00200000000000022" classname="Data_class" name="DataDA_object_can_be_created_with_custom_values"/>
    <testcase time="0.00700000000000012" classname="Data_class" name="DataDA_object_can_be_created_with_custom_values"/>
  </testsuite>
  <testsuite name="Data-methods" timestamp="2023-08-17T11:58:20Z" hostname="20a247bd8378" tests="83" skipped="7" failures="0" errors="0" time="3.442">
    <testcase time="0.326" classname="Data_methods" name="Plot_works_as_expected_for_Data_object_with_placebo">
      <skipped message="Reason: On CRAN ('test-Data-methods.R:7:3')"/>
    </testcase>
    <testcase time="0.331" classname="Data_methods" name="Plot_works_as_expected_for_Data_object_with_placebo_and_blinding">
      <skipped message="Reason: On CRAN ('test-Data-methods.R:14:3')"/>
    </testcase>
    <testcase time="0.196" classname="Data_methods" name="Plot_works_for_Data_object_with_placebo_blinding_and_no_legend">
      <skipped message="Reason: On CRAN ('test-Data-methods.R:21:3')"/>
    </testcase>
    <testcase time="0.425" classname="Data_methods" name="Plot_works_as_expected_for_DataDual_object_with_placebo">
      <skipped message="Reason: On CRAN ('test-Data-methods.R:32:3')"/>
    </testcase>
    <testcase time="0.353" classname="Data_methods" name="Plot_works_for_DataDual_object_with_placebo_and_blinding">
      <skipped message="Reason: On CRAN ('test-Data-methods.R:39:3')"/>
    </testcase>
    <testcase time="0.43" classname="Data_methods" name="Plot_works_as_expected_for_DataDA_object_with_placebo">
      <skipped message="Reason: On CRAN ('test-Data-methods.R:50:3')"/>
    </testcase>
    <testcase time="0.424" classname="Data_methods" name="Plot_works_for_DataDA_object_with_placebo_and_blinding">
      <skipped message="Reason: On CRAN ('test-Data-methods.R:57:3')"/>
    </testcase>
    <testcase time="0.032" classname="Data_methods" name="Update_of_Data_works_as_expected"/>
    <testcase time="0.00699999999999967" classname="Data_methods" name="Update_of_Data_works_as_expected"/>
    <testcase time="0.00400000000000045" classname="Data_methods" name="Update_of_Data_works_as_expected"/>
    <testcase time="0.0329999999999995" classname="Data_methods" name="Update_of_empty_Data_works_as_expected"/>
    <testcase time="0.00700000000000056" classname="Data_methods" name="Update_of_empty_Data_works_as_expected"/>
    <testcase time="0.00399999999999956" classname="Data_methods" name="Update_of_empty_Data_works_as_expected"/>
    <testcase time="0.0300000000000002" classname="Data_methods" name="Update_of_Data_works_for_empty_update"/>
    <testcase time="0.0209999999999999" classname="Data_methods" name="Update_of_Data_works_when_doses_are_added_to_the_old_cohort"/>
    <testcase time="0.00600000000000023" classname="Data_methods" name="Update_of_Data_works_when_doses_are_added_to_the_old_cohort"/>
    <testcase time="0.00499999999999989" classname="Data_methods" name="Update_of_Data_works_when_doses_are_added_to_the_old_cohort"/>
    <testcase time="0.0300000000000002" classname="Data_methods" name="Update_of_Data_throws_the_error_for_a_dose_x_out_of_the_grid"/>
    <testcase time="0.0229999999999997" classname="Data_methods" name="Update_of_Data_no_error_for_non_valid_update_and_validation_off"/>
    <testcase time="0.0280000000000005" classname="Data_methods" name="Update_of_DataParts_works_as_expected"/>
    <testcase time="0.0139999999999993" classname="Data_methods" name="Update_of_DataParts_works_as_expected"/>
    <testcase time="0.00499999999999989" classname="Data_methods" name="Update_of_DataParts_works_as_expected"/>
    <testcase time="0.0260000000000007" classname="Data_methods" name="Update_of_DataParts_works_as_expected"/>
    <testcase time="0.00800000000000001" classname="Data_methods" name="Update_of_DataParts_works_as_expected"/>
    <testcase time="0.00499999999999989" classname="Data_methods" name="Update_of_DataParts_works_as_expected"/>
    <testcase time="0.0279999999999996" classname="Data_methods" name="Update_of_DataParts_works_no_DLT_and_x_eq_max_of_part1Ladder"/>
    <testcase time="0.00800000000000001" classname="Data_methods" name="Update_of_DataParts_works_no_DLT_and_x_eq_max_of_part1Ladder"/>
    <testcase time="0.00400000000000045" classname="Data_methods" name="Update_of_DataParts_works_no_DLT_and_x_eq_max_of_part1Ladder"/>
    <testcase time="0.0279999999999996" classname="Data_methods" name="Update_of_DataDual_works_as_expected"/>
    <testcase time="0.00700000000000056" classname="Data_methods" name="Update_of_DataDual_works_as_expected"/>
    <testcase time="0.00399999999999956" classname="Data_methods" name="Update_of_DataDual_works_as_expected"/>
    <testcase time="0.0330000000000004" classname="Data_methods" name="Update_of_DataDA_works_as_expected"/>
    <testcase time="0.00800000000000001" classname="Data_methods" name="Update_of_DataDA_works_as_expected"/>
    <testcase time="0.00499999999999989" classname="Data_methods" name="Update_of_DataDA_works_as_expected"/>
    <testcase time="0.0339999999999998" classname="Data_methods" name="Update_of_DataDA_works_for_empty_update_of_empty_object"/>
    <testcase time="0.00800000000000001" classname="Data_methods" name="Update_of_DataDA_works_for_empty_update_of_empty_object"/>
    <testcase time="0.00499999999999989" classname="Data_methods" name="Update_of_DataDA_works_for_empty_update_of_empty_object"/>
    <testcase time="0.024" classname="Data_methods" name="Update_of_DataDA_works_when_no_update_of_non_empty_object"/>
    <testcase time="0.00699999999999967" classname="Data_methods" name="Update_of_DataDA_works_when_no_update_of_non_empty_object"/>
    <testcase time="0.00500000000000078" classname="Data_methods" name="Update_of_DataDA_works_when_no_update_of_non_empty_object"/>
    <testcase time="0.0329999999999995" classname="Data_methods" name="Update_of_DataDA_throws_the_error_for_empty_trialtime"/>
    <testcase time="0.0250000000000004" classname="Data_methods" name="getEff_DataDual_works_as_expected"/>
    <testcase time="0.0249999999999995" classname="Data_methods" name="getEff_DataDual_works_as_expected_no_dlt"/>
    <testcase time="0.0150000000000006" classname="Data_methods" name="getEff_DataDual_works_as_expected_no_DLT_"/>
    <testcase time="0.016" classname="Data_methods" name="getEff_DataDual_works_as_expected_no_DLT_no_dlt"/>
    <testcase time="0.0170000000000003" classname="Data_methods" name="getEff_DataDual_works_as_expected_DLT_only_"/>
    <testcase time="0.0209999999999999" classname="Data_methods" name="getEff_DataDual_works_as_expected_DLT_only_no_dlt"/>
    <testcase time="0.0129999999999999" classname="Data_methods" name="ngrid_throws_the_error_for_non_valid_ignore_placebo"/>
    <testcase time="0.00700000000000056" classname="Data_methods" name="ngrid_throws_the_error_for_non_valid_ignore_placebo"/>
    <testcase time="0.0219999999999994" classname="Data_methods" name="ngrid_Data_works_as_expected_with_placebo_in_grid"/>
    <testcase time="0.00400000000000045" classname="Data_methods" name="ngrid_Data_works_as_expected_with_placebo_in_grid"/>
    <testcase time="0.00699999999999967" classname="Data_methods" name="ngrid_Data_works_as_expected_with_placebo_in_grid"/>
    <testcase time="0.00499999999999989" classname="Data_methods" name="ngrid_Data_works_as_expected_with_placebo_in_grid"/>
    <testcase time="0.00700000000000056" classname="Data_methods" name="ngrid_Data_works_as_expected_with_placebo_in_grid"/>
    <testcase time="0.00399999999999956" classname="Data_methods" name="ngrid_Data_works_as_expected_with_placebo_in_grid"/>
    <testcase time="0.00600000000000023" classname="Data_methods" name="ngrid_Data_works_as_expected_with_placebo_in_grid"/>
    <testcase time="0.00400000000000045" classname="Data_methods" name="ngrid_Data_works_as_expected_with_placebo_in_grid"/>
    <testcase time="0.0199999999999996" classname="Data_methods" name="ngrid_Data_works_as_expected_without_placebo_in_grid"/>
    <testcase time="0.00500000000000078" classname="Data_methods" name="ngrid_Data_works_as_expected_without_placebo_in_grid"/>
    <testcase time="0.00699999999999967" classname="Data_methods" name="ngrid_Data_works_as_expected_without_placebo_in_grid"/>
    <testcase time="0.00999999999999979" classname="Data_methods" name="ngrid_Data_works_as_expected_without_placebo_in_grid"/>
    <testcase time="0.00700000000000056" classname="Data_methods" name="ngrid_Data_works_as_expected_without_placebo_in_grid"/>
    <testcase time="0.00499999999999989" classname="Data_methods" name="ngrid_Data_works_as_expected_without_placebo_in_grid"/>
    <testcase time="0.00699999999999967" classname="Data_methods" name="ngrid_Data_works_as_expected_without_placebo_in_grid"/>
    <testcase time="0.00400000000000045" classname="Data_methods" name="ngrid_Data_works_as_expected_without_placebo_in_grid"/>
    <testcase time="0.0259999999999998" classname="Data_methods" name="dose_grid_range_throws_the_error_for_non_valid_ignore_placebo"/>
    <testcase time="0.00699999999999967" classname="Data_methods" name="dose_grid_range_throws_the_error_for_non_valid_ignore_placebo"/>
    <testcase time="0.0229999999999997" classname="Data_methods" name="dose_grid_range_Data_works_as_expected_with_placebo_in_grid"/>
    <testcase time="0.00500000000000078" classname="Data_methods" name="dose_grid_range_Data_works_as_expected_with_placebo_in_grid"/>
    <testcase time="0.00800000000000001" classname="Data_methods" name="dose_grid_range_Data_works_as_expected_with_placebo_in_grid"/>
    <testcase time="0.00499999999999989" classname="Data_methods" name="dose_grid_range_Data_works_as_expected_with_placebo_in_grid"/>
    <testcase time="0.00699999999999967" classname="Data_methods" name="dose_grid_range_Data_works_as_expected_with_placebo_in_grid"/>
    <testcase time="0.00499999999999989" classname="Data_methods" name="dose_grid_range_Data_works_as_expected_with_placebo_in_grid"/>
    <testcase time="0.00800000000000001" classname="Data_methods" name="dose_grid_range_Data_works_as_expected_with_placebo_in_grid"/>
    <testcase time="0.00400000000000045" classname="Data_methods" name="dose_grid_range_Data_works_as_expected_with_placebo_in_grid"/>
    <testcase time="0.0270000000000001" classname="Data_methods" name="dose_grid_range_Data_works_as_expected_without_placebo_in_grid"/>
    <testcase time="0.00499999999999989" classname="Data_methods" name="dose_grid_range_Data_works_as_expected_without_placebo_in_grid"/>
    <testcase time="0.00699999999999967" classname="Data_methods" name="dose_grid_range_Data_works_as_expected_without_placebo_in_grid"/>
    <testcase time="0.00499999999999989" classname="Data_methods" name="dose_grid_range_Data_works_as_expected_without_placebo_in_grid"/>
    <testcase time="0.00699999999999967" classname="Data_methods" name="dose_grid_range_Data_works_as_expected_without_placebo_in_grid"/>
    <testcase time="0.00500000000000078" classname="Data_methods" name="dose_grid_range_Data_works_as_expected_without_placebo_in_grid"/>
    <testcase time="0.00699999999999967" classname="Data_methods" name="dose_grid_range_Data_works_as_expected_without_placebo_in_grid"/>
    <testcase time="0.00399999999999956" classname="Data_methods" name="dose_grid_range_Data_works_as_expected_without_placebo_in_grid"/>
  </testsuite>
  <testsuite name="Data-validity" timestamp="2023-08-17T11:58:24Z" hostname="20a247bd8378" tests="26" skipped="0" failures="0" errors="0" time="0.638">
    <testcase time="0.0140000000000002" classname="Data_validity" name="h_doses_unique_per_cohort_returns_TRUE_for_unique_doses"/>
    <testcase time="0.00400000000000045" classname="Data_validity" name="h_doses_unique_per_cohort_returns_TRUE_for_unique_doses"/>
    <testcase time="0.00899999999999945" classname="Data_validity" name="h_doses_unique_per_cohort_returns_FALSE_for_non_unique_doses"/>
    <testcase time="0.00300000000000011" classname="Data_validity" name="h_doses_unique_per_cohort_returns_FALSE_for_non_unique_doses"/>
    <testcase time="0.0230000000000006" classname="Data_validity" name="v_general_data_passes_for_valid_object"/>
    <testcase time="0.0229999999999997" classname="Data_validity" name="v_general_data_returns_expected_messages_for_non_valid_object"/>
    <testcase time="0.0300000000000002" classname="Data_validity" name="v_data_passes_for_valid_object"/>
    <testcase time="0.0249999999999995" classname="Data_validity" name="v_data_returns_error_when_only_placebo_in_cohort"/>
    <testcase time="0.024" classname="Data_validity" name="v_data_error_when_multiple_different_doses_in_a_cohort"/>
    <testcase time="0.0230000000000006" classname="Data_validity" name="v_data_returns_error_when_first_xLevel_does_not_match_x"/>
    <testcase time="0.024" classname="Data_validity" name="v_data_dual_passes_for_valid_object"/>
    <testcase time="0.0529999999999999" classname="Data_validity" name="v_data_dual_returns_error_for_biomarker_of_wrong_length"/>
    <testcase time="0.0279999999999996" classname="Data_validity" name="v_data_parts_passes_for_valid_object"/>
    <testcase time="0.0270000000000001" classname="Data_validity" name="v_data_parts_error_when_part_of_wrong_length_and_values"/>
    <testcase time="0.0259999999999998" classname="Data_validity" name="v_data_parts_error_when_nextPart_of_wrong_len_vals_order"/>
    <testcase time="0.0259999999999998" classname="Data_validity" name="v_data_parts_error_when_part1Ladder_unsorted_non_unique"/>
    <testcase time="0.0350000000000001" classname="Data_validity" name="v_data_parts_error_when_part1Ladder_has_wrong_values"/>
    <testcase time="0.0249999999999995" classname="Data_validity" name="v_data_mixture_passes_for_valid_object"/>
    <testcase time="0.0260000000000007" classname="Data_validity" name="v_data_mixture_error_when_xshare_is_of_wrong_length"/>
    <testcase time="0.0270000000000001" classname="Data_validity" name="v_data_mixture_error_when_xshare_has_wrong_values"/>
    <testcase time="0.0269999999999992" classname="Data_validity" name="v_data_mixture_error_for_yshare_of_wrong_length_and_vals."/>
    <testcase time="0.024" classname="Data_validity" name="v_data_mixture_error_for_nObsshare_of_wrong_length"/>
    <testcase time="0.0330000000000004" classname="Data_validity" name="v_data_da_passes_for_valid_object"/>
    <testcase time="0.0259999999999998" classname="Data_validity" name="v_data_da_error_for_Tmax_of_wrong_length_negative_values"/>
    <testcase time="0.0270000000000001" classname="Data_validity" name="v_data_da_error_for_u_of_wrong_length_and_values"/>
    <testcase time="0.0259999999999998" classname="Data_validity" name="v_data_da_error_for_t0_of_wrong_length_negative_values"/>
  </testsuite>
  <testsuite name="Design-class" timestamp="2023-08-17T11:58:24Z" hostname="20a247bd8378" tests="136" skipped="0" failures="0" errors="0" time="1.052">
    <testcase time="0.0140000000000002" classname="Design_class" name=".RuleDesign_works_as_expected"/>
    <testcase time="0.00199999999999978" classname="Design_class" name=".RuleDesign_works_as_expected"/>
    <testcase time="0.00400000000000045" classname="Design_class" name=".RuleDesign_works_as_expected"/>
    <testcase time="0.0120000000000005" classname="Design_class" name="RuleDesign_object_can_be_created_with_user_constructor"/>
    <testcase time="0.000999999999999446" classname="Design_class" name="RuleDesign_object_can_be_created_with_user_constructor"/>
    <testcase time="0.00500000000000078" classname="Design_class" name="RuleDesign_object_can_be_created_with_user_constructor"/>
    <testcase time="0.00399999999999956" classname="Design_class" name="RuleDesign_object_can_be_created_with_user_constructor"/>
    <testcase time="0.00499999999999989" classname="Design_class" name="RuleDesign_object_can_be_created_with_user_constructor"/>
    <testcase time="0.00400000000000045" classname="Design_class" name="RuleDesign_object_can_be_created_with_user_constructor"/>
    <testcase time="0.00999999999999979" classname="Design_class" name="RuleDesign_object_can_be_created_with_user_constructor"/>
    <testcase time="0.00900000000000034" classname="Design_class" name="RuleDesign_user_constructor_arguments_names_are_as_expected"/>
    <testcase time="0.0129999999999999" classname="Design_class" name="RuleDesign_object_can_be_created_with_ThreePlusThreeDesign_constructor"/>
    <testcase time="0.000999999999999446" classname="Design_class" name="RuleDesign_object_can_be_created_with_ThreePlusThreeDesign_constructor"/>
    <testcase time="0.00499999999999989" classname="Design_class" name="RuleDesign_object_can_be_created_with_ThreePlusThreeDesign_constructor"/>
    <testcase time="0.00500000000000078" classname="Design_class" name="RuleDesign_object_can_be_created_with_ThreePlusThreeDesign_constructor"/>
    <testcase time="0.00499999999999989" classname="Design_class" name="RuleDesign_object_can_be_created_with_ThreePlusThreeDesign_constructor"/>
    <testcase time="0.00699999999999967" classname="Design_class" name="RuleDesign_object_can_be_created_with_ThreePlusThreeDesign_constructor"/>
    <testcase time="0.00399999999999956" classname="Design_class" name="RuleDesign_object_can_be_created_with_ThreePlusThreeDesign_constructor"/>
    <testcase time="0.00700000000000056" classname="Design_class" name="ThreePlusThreeDesign_constructor_arguments_names_are_as_expected"/>
    <testcase time="0.00899999999999945" classname="Design_class" name=".Design_works_as_expected"/>
    <testcase time="0.00100000000000033" classname="Design_class" name=".Design_works_as_expected"/>
    <testcase time="0.00699999999999967" classname="Design_class" name=".Design_works_as_expected"/>
    <testcase time="0.0330000000000004" classname="Design_class" name="Design_object_can_be_created_with_user_constructor"/>
    <testcase time="0.00199999999999978" classname="Design_class" name="Design_object_can_be_created_with_user_constructor"/>
    <testcase time="0.00499999999999989" classname="Design_class" name="Design_object_can_be_created_with_user_constructor"/>
    <testcase time="0.00500000000000078" classname="Design_class" name="Design_object_can_be_created_with_user_constructor"/>
    <testcase time="0.00399999999999956" classname="Design_class" name="Design_object_can_be_created_with_user_constructor"/>
    <testcase time="0.00400000000000045" classname="Design_class" name="Design_object_can_be_created_with_user_constructor"/>
    <testcase time="0.00499999999999989" classname="Design_class" name="Design_object_can_be_created_with_user_constructor"/>
    <testcase time="0.00399999999999956" classname="Design_class" name="Design_object_can_be_created_with_user_constructor"/>
    <testcase time="0.00499999999999989" classname="Design_class" name="Design_object_can_be_created_with_user_constructor"/>
    <testcase time="0.00400000000000045" classname="Design_class" name="Design_object_can_be_created_with_user_constructor"/>
    <testcase time="0.00499999999999989" classname="Design_class" name="Design_object_can_be_created_with_user_constructor"/>
    <testcase time="0.00900000000000034" classname="Design_class" name="Design_object_can_be_created_with_user_constructor"/>
    <testcase time="0.00599999999999934" classname="Design_class" name="Design_object_can_be_created_with_user_constructor"/>
    <testcase time="0.0140000000000002" classname="Design_class" name="Design_user_constructor_arguments_names_are_as_expected"/>
    <testcase time="0.0110000000000001" classname="Design_class" name=".DualDesign_works_as_expected"/>
    <testcase time="0.000999999999999446" classname="Design_class" name=".DualDesign_works_as_expected"/>
    <testcase time="0.00700000000000056" classname="Design_class" name=".DualDesign_works_as_expected"/>
    <testcase time="0.056" classname="Design_class" name="DualDesign_object_can_be_created_with_user_constructor"/>
    <testcase time="0.00199999999999978" classname="Design_class" name="DualDesign_object_can_be_created_with_user_constructor"/>
    <testcase time="0.00600000000000023" classname="Design_class" name="DualDesign_object_can_be_created_with_user_constructor"/>
    <testcase time="0.00499999999999989" classname="Design_class" name="DualDesign_object_can_be_created_with_user_constructor"/>
    <testcase time="0.00499999999999989" classname="Design_class" name="DualDesign_object_can_be_created_with_user_constructor"/>
    <testcase time="0.00400000000000045" classname="Design_class" name="DualDesign_object_can_be_created_with_user_constructor"/>
    <testcase time="0.00499999999999989" classname="Design_class" name="DualDesign_object_can_be_created_with_user_constructor"/>
    <testcase time="0.00499999999999989" classname="Design_class" name="DualDesign_object_can_be_created_with_user_constructor"/>
    <testcase time="0.00499999999999989" classname="Design_class" name="DualDesign_object_can_be_created_with_user_constructor"/>
    <testcase time="0.00399999999999956" classname="Design_class" name="DualDesign_object_can_be_created_with_user_constructor"/>
    <testcase time="0.00800000000000001" classname="Design_class" name="DualDesign_user_constructor_arguments_names_are_as_expected"/>
    <testcase time="0.00900000000000034" classname="Design_class" name=".TDsamplesDesign_works_as_expected"/>
    <testcase time="0.00199999999999978" classname="Design_class" name=".TDsamplesDesign_works_as_expected"/>
    <testcase time="0.00700000000000056" classname="Design_class" name=".TDsamplesDesign_works_as_expected"/>
    <testcase time="0.0519999999999996" classname="Design_class" name="TDsamplesDesign_object_can_be_created_with_user_constructor"/>
    <testcase time="0.00100000000000033" classname="Design_class" name="TDsamplesDesign_object_can_be_created_with_user_constructor"/>
    <testcase time="0.00599999999999934" classname="Design_class" name="TDsamplesDesign_object_can_be_created_with_user_constructor"/>
    <testcase time="0.00500000000000078" classname="Design_class" name="TDsamplesDesign_object_can_be_created_with_user_constructor"/>
    <testcase time="0.00399999999999956" classname="Design_class" name="TDsamplesDesign_object_can_be_created_with_user_constructor"/>
    <testcase time="0.00499999999999989" classname="Design_class" name="TDsamplesDesign_object_can_be_created_with_user_constructor"/>
    <testcase time="0.00600000000000023" classname="Design_class" name="TDsamplesDesign_object_can_be_created_with_user_constructor"/>
    <testcase time="0.00399999999999956" classname="Design_class" name="TDsamplesDesign_object_can_be_created_with_user_constructor"/>
    <testcase time="0.00500000000000078" classname="Design_class" name="TDsamplesDesign_object_can_be_created_with_user_constructor"/>
    <testcase time="0.00499999999999989" classname="Design_class" name="TDsamplesDesign_object_can_be_created_with_user_constructor"/>
    <testcase time="0.00399999999999956" classname="Design_class" name="TDsamplesDesign_object_can_be_created_with_user_constructor"/>
    <testcase time="0.0129999999999999" classname="Design_class" name="TDsamplesDesign_object_can_be_created_with_user_constructor"/>
    <testcase time="0.00600000000000023" classname="Design_class" name="TDsamplesDesign_object_can_be_created_with_user_constructor"/>
    <testcase time="0.00800000000000001" classname="Design_class" name="TDsamplesDesign_user_constructor_arguments_names_are_as_expected"/>
    <testcase time="0.00999999999999979" classname="Design_class" name=".TDDesign_works_as_expected"/>
    <testcase time="0.00100000000000033" classname="Design_class" name=".TDDesign_works_as_expected"/>
    <testcase time="0.00699999999999967" classname="Design_class" name=".TDDesign_works_as_expected"/>
    <testcase time="0.0310000000000006" classname="Design_class" name="TDDesign_object_can_be_created_with_user_constructor"/>
    <testcase time="0.00199999999999978" classname="Design_class" name="TDDesign_object_can_be_created_with_user_constructor"/>
    <testcase time="0.00600000000000023" classname="Design_class" name="TDDesign_object_can_be_created_with_user_constructor"/>
    <testcase time="0.00399999999999956" classname="Design_class" name="TDDesign_object_can_be_created_with_user_constructor"/>
    <testcase time="0.00499999999999989" classname="Design_class" name="TDDesign_object_can_be_created_with_user_constructor"/>
    <testcase time="0.00999999999999979" classname="Design_class" name="TDDesign_object_can_be_created_with_user_constructor"/>
    <testcase time="0.00700000000000056" classname="Design_class" name="TDDesign_object_can_be_created_with_user_constructor"/>
    <testcase time="0.00399999999999956" classname="Design_class" name="TDDesign_object_can_be_created_with_user_constructor"/>
    <testcase time="0.00399999999999956" classname="Design_class" name="TDDesign_object_can_be_created_with_user_constructor"/>
    <testcase time="0.00400000000000045" classname="Design_class" name="TDDesign_object_can_be_created_with_user_constructor"/>
    <testcase time="0.00499999999999989" classname="Design_class" name="TDDesign_object_can_be_created_with_user_constructor"/>
    <testcase time="0.00900000000000034" classname="Design_class" name="TDDesign_object_can_be_created_with_user_constructor"/>
    <testcase time="0.00499999999999989" classname="Design_class" name="TDDesign_object_can_be_created_with_user_constructor"/>
    <testcase time="0.00800000000000001" classname="Design_class" name="TDDesign_user_constructor_arguments_names_are_as_expected"/>
    <testcase time="0.00999999999999979" classname="Design_class" name=".DualResponsesSamplesDesign_works_as_expected"/>
    <testcase time="0.00100000000000033" classname="Design_class" name=".DualResponsesSamplesDesign_works_as_expected"/>
    <testcase time="0.0149999999999997" classname="Design_class" name=".DualResponsesSamplesDesign_works_as_expected"/>
    <testcase time="0.048" classname="Design_class" name="DualResponsesSamplesDesign_object_can_be_created_with_user_constructor"/>
    <testcase time="0.00199999999999978" classname="Design_class" name="DualResponsesSamplesDesign_object_can_be_created_with_user_constructor"/>
    <testcase time="0.00600000000000023" classname="Design_class" name="DualResponsesSamplesDesign_object_can_be_created_with_user_constructor"/>
    <testcase time="0.00499999999999989" classname="Design_class" name="DualResponsesSamplesDesign_object_can_be_created_with_user_constructor"/>
    <testcase time="0.00400000000000045" classname="Design_class" name="DualResponsesSamplesDesign_object_can_be_created_with_user_constructor"/>
    <testcase time="0.00499999999999989" classname="Design_class" name="DualResponsesSamplesDesign_object_can_be_created_with_user_constructor"/>
    <testcase time="0.00399999999999956" classname="Design_class" name="DualResponsesSamplesDesign_object_can_be_created_with_user_constructor"/>
    <testcase time="0.00499999999999989" classname="Design_class" name="DualResponsesSamplesDesign_object_can_be_created_with_user_constructor"/>
    <testcase time="0.00499999999999989" classname="Design_class" name="DualResponsesSamplesDesign_object_can_be_created_with_user_constructor"/>
    <testcase time="0.0110000000000001" classname="Design_class" name="DualResponsesSamplesDesign_object_can_be_created_with_user_constructor"/>
    <testcase time="0.00600000000000023" classname="Design_class" name="DualResponsesSamplesDesign_object_can_be_created_with_user_constructor"/>
    <testcase time="0.00399999999999956" classname="Design_class" name="DualResponsesSamplesDesign_object_can_be_created_with_user_constructor"/>
    <testcase time="0.00800000000000001" classname="Design_class" name="DualResponsesSamplesDesign_user_constructor_arguments_names_are_as_expected"/>
    <testcase time="0.0100000000000007" classname="Design_class" name=".DualResponsesDesign_works_as_expected"/>
    <testcase time="0.00199999999999978" classname="Design_class" name=".DualResponsesDesign_works_as_expected"/>
    <testcase time="0.00800000000000001" classname="Design_class" name=".DualResponsesDesign_works_as_expected"/>
    <testcase time="0.048" classname="Design_class" name="DualResponsesDesign_object_can_be_created_with_user_constructor"/>
    <testcase time="0.00199999999999978" classname="Design_class" name="DualResponsesDesign_object_can_be_created_with_user_constructor"/>
    <testcase time="0.00600000000000023" classname="Design_class" name="DualResponsesDesign_object_can_be_created_with_user_constructor"/>
    <testcase time="0.00499999999999989" classname="Design_class" name="DualResponsesDesign_object_can_be_created_with_user_constructor"/>
    <testcase time="0.00499999999999989" classname="Design_class" name="DualResponsesDesign_object_can_be_created_with_user_constructor"/>
    <testcase time="0.00400000000000045" classname="Design_class" name="DualResponsesDesign_object_can_be_created_with_user_constructor"/>
    <testcase time="0.00499999999999989" classname="Design_class" name="DualResponsesDesign_object_can_be_created_with_user_constructor"/>
    <testcase time="0.00499999999999989" classname="Design_class" name="DualResponsesDesign_object_can_be_created_with_user_constructor"/>
    <testcase time="0.00499999999999989" classname="Design_class" name="DualResponsesDesign_object_can_be_created_with_user_constructor"/>
    <testcase time="0.00499999999999989" classname="Design_class" name="DualResponsesDesign_object_can_be_created_with_user_constructor"/>
    <testcase time="0.00400000000000045" classname="Design_class" name="DualResponsesDesign_object_can_be_created_with_user_constructor"/>
    <testcase time="0.00499999999999989" classname="Design_class" name="DualResponsesDesign_object_can_be_created_with_user_constructor"/>
    <testcase time="0.00800000000000001" classname="Design_class" name="DualResponsesDesign_user_constructor_arguments_names_are_as_expected"/>
    <testcase time="0.0199999999999996" classname="Design_class" name=".DADesign_works_as_expected"/>
    <testcase time="0.00199999999999978" classname="Design_class" name=".DADesign_works_as_expected"/>
    <testcase time="0.016" classname="Design_class" name=".DADesign_works_as_expected"/>
    <testcase time="0.00500000000000078" classname="Design_class" name=".DADesign_works_as_expected"/>
    <testcase time="0.0109999999999992" classname="Design_class" name=".DADesign_works_as_expected"/>
    <testcase time="0.00500000000000078" classname="Design_class" name=".DADesign_works_as_expected"/>
    <testcase time="0.0329999999999995" classname="Design_class" name="DADesign_constructor_works_as_expected"/>
    <testcase time="0.00200000000000067" classname="Design_class" name="DADesign_constructor_works_as_expected"/>
    <testcase time="0.00699999999999967" classname="Design_class" name="DADesign_constructor_works_as_expected"/>
    <testcase time="0.00500000000000078" classname="Design_class" name="DADesign_constructor_works_as_expected"/>
    <testcase time="0.00499999999999901" classname="Design_class" name="DADesign_constructor_works_as_expected"/>
    <testcase time="0.00500000000000078" classname="Design_class" name="DADesign_constructor_works_as_expected"/>
    <testcase time="0.00499999999999901" classname="Design_class" name="DADesign_constructor_works_as_expected"/>
    <testcase time="0.00500000000000078" classname="Design_class" name="DADesign_constructor_works_as_expected"/>
    <testcase time="0.00600000000000023" classname="Design_class" name="DADesign_constructor_works_as_expected"/>
    <testcase time="0.00499999999999901" classname="Design_class" name="DADesign_constructor_works_as_expected"/>
    <testcase time="0.00500000000000078" classname="Design_class" name="DADesign_constructor_works_as_expected"/>
    <testcase time="0.00500000000000078" classname="Design_class" name="DADesign_constructor_works_as_expected"/>
    <testcase time="0.00399999999999956" classname="Design_class" name="DADesign_constructor_works_as_expected"/>
    <testcase time="0.00799999999999912" classname="Design_class" name="DADesign_user_constructor_arguments_names_are_as_expected"/>
  </testsuite>
  <testsuite name="Design-methods" timestamp="2023-08-17T11:58:25Z" hostname="20a247bd8378" tests="16" skipped="2" failures="0" errors="0" time="5.722">
    <testcase time="0.975" classname="Design_methods" name="NextBestInfTheory_produces_consistent_results_for_empty_data"/>
    <testcase time="0.00500000000000078" classname="Design_methods" name="NextBestInfTheory_produces_consistent_results_for_empty_data"/>
    <testcase time="0.00600000000000023" classname="Design_methods" name="NextBestInfTheory_produces_consistent_results_for_empty_data"/>
    <testcase time="0.00399999999999956" classname="Design_methods" name="NextBestInfTheory_produces_consistent_results_for_empty_data"/>
    <testcase time="0.00500000000000078" classname="Design_methods" name="NextBestInfTheory_produces_consistent_results_for_empty_data"/>
    <testcase time="0.0279999999999987" classname="Design_methods" name="NextBestInfTheory_produces_consistent_results_for_empty_data">
      <skipped message="Reason: On CRAN ('test-Design-methods.R:48:3')"/>
    </testcase>
    <testcase time="0.309000000000001" classname="Design_methods" name="NextBestInfTheory_produces_consistent_results_with_a_dataset"/>
    <testcase time="0.00499999999999901" classname="Design_methods" name="NextBestInfTheory_produces_consistent_results_with_a_dataset"/>
    <testcase time="0.00600000000000023" classname="Design_methods" name="NextBestInfTheory_produces_consistent_results_with_a_dataset"/>
    <testcase time="0.00999999999999979" classname="Design_methods" name="NextBestInfTheory_produces_consistent_results_with_a_dataset"/>
    <testcase time="0.00700000000000145" classname="Design_methods" name="NextBestInfTheory_produces_consistent_results_with_a_dataset"/>
    <testcase time="0.00899999999999856" classname="Design_methods" name="NextBestInfTheory_produces_consistent_results_with_a_dataset">
      <skipped message="Reason: On CRAN ('test-Design-methods.R:93:3')"/>
    </testcase>
    <testcase time="1.679" classname="Design_methods" name="stop_reasons_can_be_NA_with_certain_stopping_rule_settings"/>
    <testcase time="2.671" classname="Design_methods" name="examine_for_DADesign_works_as_expected"/>
    <testcase time="0.00199999999999889" classname="Design_methods" name="examine_for_DADesign_works_as_expected"/>
    <testcase time="0.00100000000000122" classname="Design_methods" name="examine_for_DADesign_works_as_expected"/>
  </testsuite>
  <testsuite name="Design-validity" timestamp="2023-08-17T11:58:31Z" hostname="20a247bd8378" tests="10" skipped="0" failures="0" errors="0" time="0.084">
    <testcase time="0.0190000000000001" classname="Design_validity" name="v_rule_design_passes_for_valid_object"/>
    <testcase time="0.0150000000000006" classname="Design_validity" name="v_rule_design_returns_message_when_startingDose_is_not_a_valid_scalar"/>
    <testcase time="0.00499999999999901" classname="Design_validity" name="v_rule_design_returns_message_when_startingDose_is_not_a_valid_scalar"/>
    <testcase time="0.00500000000000078" classname="Design_validity" name="v_rule_design_returns_message_when_startingDose_is_not_a_valid_scalar"/>
    <testcase time="0.00499999999999901" classname="Design_validity" name="v_rule_design_returns_message_when_startingDose_is_not_a_valid_scalar"/>
    <testcase time="0.00500000000000078" classname="Design_validity" name="v_rule_design_returns_message_when_startingDose_is_not_a_valid_scalar"/>
    <testcase time="0.00600000000000023" classname="Design_validity" name="v_rule_design_returns_message_when_startingDose_is_not_a_valid_scalar"/>
    <testcase time="0.0149999999999988" classname="Design_validity" name="v_rule_design_returns_message_when_startingDose_is_not_on_doseGrid"/>
    <testcase time="0.00500000000000078" classname="Design_validity" name="v_rule_design_returns_message_when_startingDose_is_not_on_doseGrid"/>
    <testcase time="0.00399999999999956" classname="Design_validity" name="v_rule_design_returns_message_when_startingDose_is_not_on_doseGrid"/>
  </testsuite>
  <testsuite name="McmcOptions-class" timestamp="2023-08-17T11:58:31Z" hostname="20a247bd8378" tests="15" skipped="0" failures="0" errors="0" time="0.087">
    <testcase time="0.0180000000000007" classname="McmcOptions_class" name=".McmcOptions_works_as_expected"/>
    <testcase time="0.000999999999999446" classname="McmcOptions_class" name=".McmcOptions_works_as_expected"/>
    <testcase time="0.00500000000000078" classname="McmcOptions_class" name=".McmcOptions_works_as_expected"/>
    <testcase time="0.00999999999999979" classname="McmcOptions_class" name=".McmcOptions_works_as_expected_with_custom_values"/>
    <testcase time="0.000999999999999446" classname="McmcOptions_class" name=".McmcOptions_works_as_expected_with_custom_values"/>
    <testcase time="0.00500000000000078" classname="McmcOptions_class" name=".McmcOptions_works_as_expected_with_custom_values"/>
    <testcase time="0.00999999999999979" classname="McmcOptions_class" name="McmcOptions_object_can_be_created_with_user_constructor"/>
    <testcase time="0.000999999999999446" classname="McmcOptions_class" name="McmcOptions_object_can_be_created_with_user_constructor"/>
    <testcase time="0.00500000000000078" classname="McmcOptions_class" name="McmcOptions_object_can_be_created_with_user_constructor"/>
    <testcase time="0.00899999999999856" classname="McmcOptions_class" name="McmcOptions_object_can_be_created_with_custom_values"/>
    <testcase time="0.00100000000000122" classname="McmcOptions_class" name="McmcOptions_object_can_be_created_with_custom_values"/>
    <testcase time="0.00499999999999901" classname="McmcOptions_class" name="McmcOptions_object_can_be_created_with_custom_values"/>
    <testcase time="0.00900000000000034" classname="McmcOptions_class" name="McmcOptions_object_can_be_created_with_custom_RNG_and_NA_values"/>
    <testcase time="0.00200000000000067" classname="McmcOptions_class" name="McmcOptions_object_can_be_created_with_custom_RNG_and_NA_values"/>
    <testcase time="0.00499999999999901" classname="McmcOptions_class" name="McmcOptions_object_can_be_created_with_custom_RNG_and_NA_values"/>
  </testsuite>
  <testsuite name="McmcOptions-methods" timestamp="2023-08-17T11:58:31Z" hostname="20a247bd8378" tests="3" skipped="0" failures="0" errors="0" time="0.038">
    <testcase time="0.0150000000000006" classname="McmcOptions_methods" name="Number_of_samples_is_correctly_computed"/>
    <testcase time="0.0109999999999992" classname="McmcOptions_methods" name="Sample_should_be_saved_as_expected_for_a_given_iteration_number"/>
    <testcase time="0.0120000000000005" classname="McmcOptions_methods" name="Sample_should_not_be_saved_for_a_given_iteration_number"/>
  </testsuite>
  <testsuite name="McmcOptions-validity" timestamp="2023-08-17T11:58:31Z" hostname="20a247bd8378" tests="4" skipped="0" failures="0" errors="0" time="0.059">
    <testcase time="0.0150000000000006" classname="McmcOptions_validity" name="v_mcmc_options_passes_for_valid_object"/>
    <testcase time="0.0139999999999993" classname="McmcOptions_validity" name="v_mcmc_options_returns_error_messages_for_non_valid_object"/>
    <testcase time="0.0120000000000005" classname="McmcOptions_validity" name="v_mcmc_options_returns_error_messages_non_valid_RNG_spec"/>
    <testcase time="0.0180000000000007" classname="McmcOptions_validity" name="v_mcmc_options_returns_error_message_for_wrong_step"/>
  </testsuite>
  <testsuite name="Model-class" timestamp="2023-08-17T11:58:31Z" hostname="20a247bd8378" tests="210" skipped="58" failures="0" errors="0" time="7.939">
    <testcase time="0.0309999999999988" classname="Model_class" name=".GeneralModel_works_as_expected"/>
    <testcase time="0.00100000000000122" classname="Model_class" name=".GeneralModel_works_as_expected"/>
    <testcase time="0.00499999999999901" classname="Model_class" name=".GeneralModel_works_as_expected"/>
    <testcase time="0.0129999999999999" classname="Model_class" name=".ModelLogNormal_works_as_expected"/>
    <testcase time="0.000999999999999446" classname="Model_class" name=".ModelLogNormal_works_as_expected"/>
    <testcase time="0.00600000000000023" classname="Model_class" name=".ModelLogNormal_works_as_expected"/>
    <testcase time="0.0120000000000005" classname="Model_class" name="ModelLogNormal_object_can_be_created_with_user_constructor"/>
    <testcase time="0.000999999999999446" classname="Model_class" name="ModelLogNormal_object_can_be_created_with_user_constructor"/>
    <testcase time="0.00500000000000078" classname="Model_class" name="ModelLogNormal_object_can_be_created_with_user_constructor"/>
    <testcase time="0.0139999999999993" classname="Model_class" name="LogisticNormal_object_can_be_created_with_user_constructor"/>
    <testcase time="0.00100000000000122" classname="Model_class" name="LogisticNormal_object_can_be_created_with_user_constructor"/>
    <testcase time="0.00499999999999901" classname="Model_class" name="LogisticNormal_object_can_be_created_with_user_constructor"/>
    <testcase time="0.173" classname="Model_class" name=".DefaultLogisticNormal_works_as_expected"/>
    <testcase time="0.0460000000000012" classname="Model_class" name="MCMC_computes_correct_values_for_LogisticNormal_model">
      <skipped message="Reason: On CRAN ('test-Model-class.R:87:3')"/>
    </testcase>
    <testcase time="0.0499999999999989" classname="Model_class" name="MCMC_computes_correct_values_for_LogisticNormal_model_and_empty_data">
      <skipped message="Reason: On CRAN ('test-Model-class.R:96:3')"/>
    </testcase>
    <testcase time="0.0250000000000004" classname="Model_class" name="LogisticLogNormal_object_can_be_created_with_user_constructor"/>
    <testcase time="0.00200000000000067" classname="Model_class" name="LogisticLogNormal_object_can_be_created_with_user_constructor"/>
    <testcase time="0.00499999999999901" classname="Model_class" name="LogisticLogNormal_object_can_be_created_with_user_constructor"/>
    <testcase time="0.0510000000000002" classname="Model_class" name=".DefaultLogisticLogNormal_works_as_expected"/>
    <testcase time="0.048" classname="Model_class" name="MCMC_computes_correct_values_for_LogisticLogNormal_model">
      <skipped message="Reason: On CRAN ('test-Model-class.R:133:3')"/>
    </testcase>
    <testcase time="0.0419999999999998" classname="Model_class" name="MCMC_computes_correct_values_for_LogisticLogNormal_model_and_empty_data">
      <skipped message="Reason: On CRAN ('test-Model-class.R:142:3')"/>
    </testcase>
    <testcase time="0.0280000000000005" classname="Model_class" name="LogisticLogNormalSub_object_can_be_created_with_user_constructor"/>
    <testcase time="0.000999999999999446" classname="Model_class" name="LogisticLogNormalSub_object_can_be_created_with_user_constructor"/>
    <testcase time="0.00600000000000023" classname="Model_class" name="LogisticLogNormalSub_object_can_be_created_with_user_constructor"/>
    <testcase time="0.0329999999999995" classname="Model_class" name=".DefaultLogisticLogNormalSub_works_correctly"/>
    <testcase time="0.0449999999999999" classname="Model_class" name="MCMC_computes_correct_values_for_LogisticLogNormalSub_model">
      <skipped message="Reason: On CRAN ('test-Model-class.R:179:3')"/>
    </testcase>
    <testcase time="0.0419999999999998" classname="Model_class" name="MCMC_computes_correct_values_for_LogisticLogNormalSub_model_and_empty_data">
      <skipped message="Reason: On CRAN ('test-Model-class.R:188:3')"/>
    </testcase>
    <testcase time="0.0329999999999995" classname="Model_class" name="ProbitLogNormal_object_can_be_created_with_user_constructor"/>
    <testcase time="0.00200000000000067" classname="Model_class" name="ProbitLogNormal_object_can_be_created_with_user_constructor"/>
    <testcase time="0.00600000000000023" classname="Model_class" name="ProbitLogNormal_object_can_be_created_with_user_constructor"/>
    <testcase time="0.0549999999999997" classname="Model_class" name=".DefaultProbitLogNormal_works_correctly"/>
    <testcase time="0.0429999999999993" classname="Model_class" name="MCMC_computes_correct_values_for_ProbitLogNormal_model">
      <skipped message="Reason: On CRAN ('test-Model-class.R:225:3')"/>
    </testcase>
    <testcase time="0.0470000000000006" classname="Model_class" name="MCMC_computes_correct_values_for_ProbitLogNormal_model_and_empty_data">
      <skipped message="Reason: On CRAN ('test-Model-class.R:234:3')"/>
    </testcase>
    <testcase time="0.0329999999999995" classname="Model_class" name="ProbitLogNormalRel_object_can_be_created_with_user_constructor"/>
    <testcase time="0.00200000000000067" classname="Model_class" name="ProbitLogNormalRel_object_can_be_created_with_user_constructor"/>
    <testcase time="0.00499999999999901" classname="Model_class" name="ProbitLogNormalRel_object_can_be_created_with_user_constructor"/>
    <testcase time="0.0489999999999995" classname="Model_class" name=".DefaultProbitLogNormalRel_works_correctly"/>
    <testcase time="0.0499999999999989" classname="Model_class" name="MCMC_computes_correct_values_for_ProbitLogNormalRel_model">
      <skipped message="Reason: On CRAN ('test-Model-class.R:270:3')"/>
    </testcase>
    <testcase time="0.0400000000000009" classname="Model_class" name="MCMC_computes_correct_values_for_ProbitLogNormalRel_model_and_empty_data">
      <skipped message="Reason: On CRAN ('test-Model-class.R:279:3')"/>
    </testcase>
    <testcase time="0.0199999999999996" classname="Model_class" name="LogisticKadane_object_can_be_created_with_user_constructor"/>
    <testcase time="0.00200000000000067" classname="Model_class" name="LogisticKadane_object_can_be_created_with_user_constructor"/>
    <testcase time="0.00600000000000023" classname="Model_class" name="LogisticKadane_object_can_be_created_with_user_constructor"/>
    <testcase time="0.0299999999999994" classname="Model_class" name=".DefaultLogisticKadane_works_correctly"/>
    <testcase time="0.0440000000000005" classname="Model_class" name="MCMC_computes_correct_values_for_LogisticKadane_model">
      <skipped message="Reason: On CRAN ('test-Model-class.R:312:3')"/>
    </testcase>
    <testcase time="0.036999999999999" classname="Model_class" name="MCMC_computes_correct_values_for_LogisticKadane_model_and_empty_data">
      <skipped message="Reason: On CRAN ('test-Model-class.R:321:3')"/>
    </testcase>
    <testcase time="0.0390000000000015" classname="Model_class" name="LogisticKadaneBetaGamma_object_can_be_created_with_user_constructor"/>
    <testcase time="0.00199999999999889" classname="Model_class" name="LogisticKadaneBetaGamma_object_can_be_created_with_user_constructor"/>
    <testcase time="0.0129999999999999" classname="Model_class" name="LogisticKadaneBetaGamma_object_can_be_created_with_user_constructor"/>
    <testcase time="0.0500000000000007" classname="Model_class" name=".DefaultLogisticKadaneBetaGamma_works_correctly"/>
    <testcase time="0.0350000000000001" classname="Model_class" name="MCMC_computes_correct_values_for_LogisticKadaneBetaGamma_model">
      <skipped message="Reason: On CRAN ('test-Model-class.R:366:3')"/>
    </testcase>
    <testcase time="0.0449999999999999" classname="Model_class" name="MCMC_computes_correct_values_for_LogisticKadaneBetaGamma_model_and_empty_data">
      <skipped message="Reason: On CRAN ('test-Model-class.R:375:3')"/>
    </testcase>
    <testcase time="0.0299999999999994" classname="Model_class" name="LogisticNormalMixture_object_can_be_created_with_user_constructor"/>
    <testcase time="0.00200000000000067" classname="Model_class" name="LogisticNormalMixture_object_can_be_created_with_user_constructor"/>
    <testcase time="0.00600000000000023" classname="Model_class" name="LogisticNormalMixture_object_can_be_created_with_user_constructor"/>
    <testcase time="0.0379999999999985" classname="Model_class" name=".DefaultLogisticNormalMixture_works_correctly"/>
    <testcase time="0.0580000000000016" classname="Model_class" name="MCMC_computes_correct_values_for_LogisticNormalMixture_model">
      <skipped message="Reason: On CRAN ('test-Model-class.R:420:3')"/>
    </testcase>
    <testcase time="0.048" classname="Model_class" name="MCMC_computes_correct_values_for_LogisticNormalMixture_model_and_empty_data">
      <skipped message="Reason: On CRAN ('test-Model-class.R:429:3')"/>
    </testcase>
    <testcase time="0.0359999999999996" classname="Model_class" name="LogisticNormalFixedMixture_object_can_be_created_with_user_constructor"/>
    <testcase time="0.00199999999999889" classname="Model_class" name="LogisticNormalFixedMixture_object_can_be_created_with_user_constructor"/>
    <testcase time="0.011000000000001" classname="Model_class" name="LogisticNormalFixedMixture_object_can_be_created_with_user_constructor"/>
    <testcase time="0.0540000000000003" classname="Model_class" name=".DefaultLogisticNormalFixedMixture_works_as_expected"/>
    <testcase time="0.077" classname="Model_class" name="MCMC_computes_correct_values_for_LogisticNormalFixedMixture_model">
      <skipped message="Reason: On CRAN ('test-Model-class.R:486:3')"/>
    </testcase>
    <testcase time="0.077" classname="Model_class" name="MCMC_computes_correct_values_for_LogisticNormalFixedMixture_model_and_empty_data">
      <skipped message="Reason: On CRAN ('test-Model-class.R:498:3')"/>
    </testcase>
    <testcase time="0.0329999999999995" classname="Model_class" name="LogisticLogNormalMixture_object_can_be_created_with_user_constructor"/>
    <testcase time="0.00200000000000067" classname="Model_class" name="LogisticLogNormalMixture_object_can_be_created_with_user_constructor"/>
    <testcase time="0.00699999999999967" classname="Model_class" name="LogisticLogNormalMixture_object_can_be_created_with_user_constructor"/>
    <testcase time="0.0409999999999986" classname="Model_class" name=".DefaultLogisticLogNormalMixture_works_as_expected"/>
    <testcase time="0.0500000000000007" classname="Model_class" name="MCMC_computes_correct_values_for_LogisticLogNormalMixture_model">
      <skipped message="Reason: On CRAN ('test-Model-class.R:539:3')"/>
    </testcase>
    <testcase time="0.0459999999999994" classname="Model_class" name="MCMC_computes_correct_values_for_LogisticLogNormalMixture_model_and_empty_data">
      <skipped message="Reason: On CRAN ('test-Model-class.R:548:3')"/>
    </testcase>
    <testcase time="0.0289999999999999" classname="Model_class" name="DualEndpoint_object_can_be_created_with_user_constructor_fixed_params_"/>
    <testcase time="0.00200000000000244" classname="Model_class" name="DualEndpoint_object_can_be_created_with_user_constructor_fixed_params_"/>
    <testcase time="0.00600000000000023" classname="Model_class" name="DualEndpoint_object_can_be_created_with_user_constructor_fixed_params_"/>
    <testcase time="0.014999999999997" classname="Model_class" name="DualEndpoint_object_can_be_created_with_user_constructor"/>
    <testcase time="0.00100000000000122" classname="Model_class" name="DualEndpoint_object_can_be_created_with_user_constructor"/>
    <testcase time="0.00700000000000145" classname="Model_class" name="DualEndpoint_object_can_be_created_with_user_constructor"/>
    <testcase time="0.0219999999999985" classname="Model_class" name="DualEndpointRW_object_can_be_created_with_user_constructor_fixed_params_"/>
    <testcase time="0.00199999999999889" classname="Model_class" name="DualEndpointRW_object_can_be_created_with_user_constructor_fixed_params_"/>
    <testcase time="0.00800000000000267" classname="Model_class" name="DualEndpointRW_object_can_be_created_with_user_constructor_fixed_params_"/>
    <testcase time="0.0239999999999974" classname="Model_class" name="DualEndpointRW_object_can_be_created_with_user_constructor"/>
    <testcase time="0.00200000000000244" classname="Model_class" name="DualEndpointRW_object_can_be_created_with_user_constructor"/>
    <testcase time="0.00799999999999912" classname="Model_class" name="DualEndpointRW_object_can_be_created_with_user_constructor"/>
    <testcase time="0.0829999999999984" classname="Model_class" name=".DefaultDualEndpointRW_works_correctly"/>
    <testcase time="0.103000000000002" classname="Model_class" name="MCMC_computes_correct_values_for_DualEndpointRW_model_fixed_params_">
      <skipped message="Reason: On CRAN ('test-Model-class.R:603:3')"/>
    </testcase>
    <testcase time="0.134" classname="Model_class" name="MCMC_computes_correct_values_for_DualEndpointRW_model">
      <skipped message="Reason: On CRAN ('test-Model-class.R:615:3')"/>
    </testcase>
    <testcase time="0.109999999999999" classname="Model_class" name="MCMC_computes_correct_values_for_DualEndpointRW_model_with_RW2">
      <skipped message="Reason: On CRAN ('test-Model-class.R:627:3')"/>
    </testcase>
    <testcase time="0.113" classname="Model_class" name="MCMC_computes_correct_values_for_DualEndpointRW_model_fixed_params_with_RW2">
      <skipped message="Reason: On CRAN ('test-Model-class.R:639:3')"/>
    </testcase>
    <testcase time="0.0910000000000011" classname="Model_class" name="MCMC_computes_correct_values_for_DualEndpointRW_model_fixed_params_empty_data_">
      <skipped message="Reason: On CRAN ('test-Model-class.R:651:3')"/>
    </testcase>
    <testcase time="0.0960000000000001" classname="Model_class" name="MCMC_computes_correct_values_for_DualEndpointRW_model_empty_data_">
      <skipped message="Reason: On CRAN ('test-Model-class.R:663:3')"/>
    </testcase>
    <testcase time="0.0839999999999996" classname="Model_class" name="MCMC_computes_correct_values_for_DualEndpointRW_model_with_RW2_empty_data_">
      <skipped message="Reason: On CRAN ('test-Model-class.R:675:3')"/>
    </testcase>
    <testcase time="0.0949999999999989" classname="Model_class" name="MCMC_computes_correct_values_for_DualEndpointRW_model_fixed_params_empty_data_with_RW2">
      <skipped message="Reason: On CRAN ('test-Model-class.R:687:3')"/>
    </testcase>
    <testcase time="0.0440000000000005" classname="Model_class" name="MCMC_throws_the_error_for_DualEndpointRW_model_when_nGrid_1_for_RW_1"/>
    <testcase time="0.0399999999999991" classname="Model_class" name="MCMC_throws_the_error_for_DualEndpointRW_model_when_nGrid_2_for_RW_2"/>
    <testcase time="0.00700000000000145" classname="Model_class" name="MCMC_throws_the_error_for_DualEndpointRW_model_when_nGrid_2_for_RW_2"/>
    <testcase time="0.0390000000000015" classname="Model_class" name="DualEndpointBeta_object_can_be_created_with_user_constructor_fixed_params_"/>
    <testcase time="0.000999999999997669" classname="Model_class" name="DualEndpointBeta_object_can_be_created_with_user_constructor_fixed_params_"/>
    <testcase time="0.0130000000000017" classname="Model_class" name="DualEndpointBeta_object_can_be_created_with_user_constructor_fixed_params_"/>
    <testcase time="0.0259999999999998" classname="Model_class" name="DualEndpointBeta_object_can_be_created_with_user_constructor"/>
    <testcase time="0.00199999999999889" classname="Model_class" name="DualEndpointBeta_object_can_be_created_with_user_constructor"/>
    <testcase time="0.00900000000000034" classname="Model_class" name="DualEndpointBeta_object_can_be_created_with_user_constructor"/>
    <testcase time="0.186" classname="Model_class" name=".DefaultDualEndpointBeta_works_as_expected"/>
    <testcase time="0.0990000000000002" classname="Model_class" name="MCMC_computes_correct_values_for_DualEndpointBeta_model_with_fixed_parameters">
      <skipped message="Reason: On CRAN ('test-Model-class.R:770:3')"/>
    </testcase>
    <testcase time="0.114999999999998" classname="Model_class" name="MCMC_computes_correct_values_for_DualEndpointBeta_model">
      <skipped message="Reason: On CRAN ('test-Model-class.R:782:3')"/>
    </testcase>
    <testcase time="0.0520000000000032" classname="Model_class" name="MCMC_throws_the_error_for_DualEndpointBeta_model_when_ref_dose_beta_max_doseGrid_"/>
    <testcase time="0.0339999999999989" classname="Model_class" name="MCMC_throws_the_error_for_DualEndpointBeta_model_when_nGrid_0_"/>
    <testcase time="0.0799999999999983" classname="Model_class" name="MCMC_computes_correct_values_for_DualEndpointBeta_model_with_fixed_parameters_empty_data_">
      <skipped message="Reason: On CRAN ('test-Model-class.R:817:3')"/>
    </testcase>
    <testcase time="0.100000000000001" classname="Model_class" name="MCMC_computes_correct_values_for_DualEndpointBeta_model_empty_data_">
      <skipped message="Reason: On CRAN ('test-Model-class.R:829:3')"/>
    </testcase>
    <testcase time="0.0479999999999983" classname="Model_class" name="DualEndpointEmax_object_can_be_created_with_user_constructor_fixed_params_"/>
    <testcase time="0.00200000000000244" classname="Model_class" name="DualEndpointEmax_object_can_be_created_with_user_constructor_fixed_params_"/>
    <testcase time="0.00799999999999912" classname="Model_class" name="DualEndpointEmax_object_can_be_created_with_user_constructor_fixed_params_"/>
    <testcase time="0.0259999999999998" classname="Model_class" name="DualEndpointEmax_object_can_be_created_with_user_constructor"/>
    <testcase time="0.00199999999999889" classname="Model_class" name="DualEndpointEmax_object_can_be_created_with_user_constructor"/>
    <testcase time="0.0150000000000006" classname="Model_class" name="DualEndpointEmax_object_can_be_created_with_user_constructor"/>
    <testcase time="0.155999999999999" classname="Model_class" name=".DefaultDualEndpointEmax_works_correctly"/>
    <testcase time="0.0980000000000025" classname="Model_class" name="MCMC_computes_correct_values_for_DualEndpointEmax_model_with_fixed_parameters">
      <skipped message="Reason: On CRAN ('test-Model-class.R:873:3')"/>
    </testcase>
    <testcase time="0.111000000000001" classname="Model_class" name="MCMC_computes_correct_values_for_DualEndpointEmax_model">
      <skipped message="Reason: On CRAN ('test-Model-class.R:885:3')"/>
    </testcase>
    <testcase time="0.0909999999999975" classname="Model_class" name="MCMC_computes_correct_values_for_DualEndpointEmax_model_with_fixed_parameters_empty_data_">
      <skipped message="Reason: On CRAN ('test-Model-class.R:897:3')"/>
    </testcase>
    <testcase time="0.0990000000000002" classname="Model_class" name="MCMC_computes_correct_values_for_DualEndpointEmax_model_empty_data_">
      <skipped message="Reason: On CRAN ('test-Model-class.R:909:3')"/>
    </testcase>
    <testcase time="0.0459999999999994" classname="Model_class" name="MCMC_throws_the_error_for_DualEndpointEmax_model_when_nGrid_0_"/>
    <testcase time="0.0160000000000018" classname="Model_class" name="LogisticIndepBeta_object_can_be_created_with_user_constructor_empty_data_"/>
    <testcase time="0.00199999999999889" classname="Model_class" name="LogisticIndepBeta_object_can_be_created_with_user_constructor_empty_data_"/>
[...]
    <testcase time="0.0270000000000152" classname="helpers_jags" name="h_jags_get_model_inits_works_as_expected_when_no_params_to_init"/>
    <testcase time="0.0269999999999868" classname="helpers_jags" name="h_jags_get_model_inits_works_as_expected_with_params_to_init"/>
    <testcase time="0.0289999999999964" classname="helpers_jags" name="h_jags_get_model_inits_throws_the_error_when_init_does_not_return_list"/>
    <testcase time="0.0270000000000152" classname="helpers_jags" name="h_jags_get_model_inits_truncates_zero_length_elements"/>
    <testcase time="0.0269999999999868" classname="helpers_jags" name="h_jags_get_data_works_as_expected"/>
    <testcase time="0.0040000000000191" classname="helpers_jags" name="h_jags_get_data_works_as_expected"/>
    <testcase time="0.0360000000000014" classname="helpers_jags" name="h_jags_get_data_works_as_expected_datanames_and_datanames_prior_redundant_"/>
    <testcase time="0.025999999999982" classname="helpers_jags" name="h_jags_get_data_works_as_expected_from_prior_"/>
    <testcase time="0.0260000000000105" classname="helpers_jags" name="h_jags_get_data_works_as_expected_from_prior_and_datanames_prior_"/>
    <testcase time="0.0279999999999916" classname="helpers_jags" name="h_jags_get_data_works_with_arguments_to_modelspecs"/>
    <testcase time="0.0289999999999964" classname="helpers_jags" name="h_jags_get_data_throws_the_error_when_modelspecs_does_not_return_list"/>
    <testcase time="0.02800000000002" classname="helpers_jags" name="h_jags_get_data_removes_ref_dose_from_modelspecs_when_sample_from_from_prior_only"/>
    <testcase time="0.0120000000000005" classname="helpers_jags" name="h_jags_join_models_works_as_expected"/>
    <testcase time="0.00999999999999091" classname="helpers_jags" name="h_jags_join_models_works_as_expected_for_empty_model2"/>
    <testcase time="0.0120000000000005" classname="helpers_jags" name="h_jags_join_models_throws_the_error_for_non_braced_expression"/>
    <testcase time="0.0180000000000007" classname="helpers_jags" name="h_jags_write_model_works_as_expected">
      <skipped message="Reason: On CRAN ('test-helpers_jags.R:243:3')"/>
    </testcase>
    <testcase time="0.0349999999999966" classname="helpers_jags" name="h_jags_write_model_works_as_expected_for_truncation">
      <skipped message="Reason: On CRAN ('test-helpers_jags.R:255:3')"/>
    </testcase>
    <testcase time="0.0209999999999866" classname="helpers_jags" name="h_jags_extract_samples_works_as_expected_for_vector"/>
    <testcase time="0.0100000000000193" classname="helpers_jags" name="h_jags_extract_samples_works_as_expected_for_matrix"/>
  </testsuite>
  <testsuite name="helpers_model" timestamp="2023-08-17T12:00:47Z" hostname="20a247bd8378" tests="34" skipped="0" failures="0" errors="0" time="0.349">
    <testcase time="0.0159999999999911" classname="helpers_model" name="h_model_dual_endpoint_sigma2W_updates_model_components_for_fixed_sigma2W"/>
    <testcase time="0.00999999999999091" classname="helpers_model" name="h_model_dual_endpoint_sigma2W_updates_model_components"/>
    <testcase time="0.0120000000000005" classname="helpers_model" name="h_model_dual_endpoint_sigma2W_throws_error_for_non_valid_fixed_sigma2W"/>
    <testcase time="0.007000000000005" classname="helpers_model" name="h_model_dual_endpoint_sigma2W_throws_error_for_non_valid_fixed_sigma2W"/>
    <testcase time="0.0109999999999957" classname="helpers_model" name="h_model_dual_endpoint_sigma2W_throws_error_for_non_valid_sigma2W"/>
    <testcase time="0.00999999999999091" classname="helpers_model" name="h_model_dual_endpoint_rho_updates_model_components_for_fixed_rho"/>
    <testcase time="0.0100000000000193" classname="helpers_model" name="h_model_dual_endpoint_rho_updates_model_components"/>
    <testcase time="0.0109999999999957" classname="helpers_model" name="h_model_dual_endpoint_rho_throws_error_for_non_valid_fixed_rho"/>
    <testcase time="0.00600000000000023" classname="helpers_model" name="h_model_dual_endpoint_rho_throws_error_for_non_valid_fixed_rho"/>
    <testcase time="0.00600000000000023" classname="helpers_model" name="h_model_dual_endpoint_rho_throws_error_for_non_valid_fixed_rho"/>
    <testcase time="0.0109999999999957" classname="helpers_model" name="h_model_dual_endpoint_rho_throws_error_for_non_valid_rho"/>
    <testcase time="0.0159999999999911" classname="helpers_model" name="h_model_dual_endpoint_sigma2betaW_updates_model_components_for_fixed_sigma2betaW"/>
    <testcase time="0.00500000000002387" classname="helpers_model" name="h_model_dual_endpoint_sigma2betaW_updates_model_components_for_fixed_sigma2betaW"/>
    <testcase time="0.0149999999999864" classname="helpers_model" name="h_model_dual_endpoint_sigma2betaW_updates_model_components"/>
    <testcase time="0.00399999999999068" classname="helpers_model" name="h_model_dual_endpoint_sigma2betaW_updates_model_components"/>
    <testcase time="0.00499999999999545" classname="helpers_model" name="h_model_dual_endpoint_sigma2betaW_updates_model_components"/>
    <testcase time="0.0040000000000191" classname="helpers_model" name="h_model_dual_endpoint_sigma2betaW_updates_model_components"/>
    <testcase time="0.00399999999999068" classname="helpers_model" name="h_model_dual_endpoint_sigma2betaW_updates_model_components"/>
    <testcase time="0.00499999999999545" classname="helpers_model" name="h_model_dual_endpoint_sigma2betaW_updates_model_components"/>
    <testcase time="0.0180000000000007" classname="helpers_model" name="h_model_dual_endpoint_sigma2betaW_throws_error_for_non_valid_fixed_sigma2betaW"/>
    <testcase time="0.00600000000000023" classname="helpers_model" name="h_model_dual_endpoint_sigma2betaW_throws_error_for_non_valid_fixed_sigma2betaW"/>
    <testcase time="0.0270000000000152" classname="helpers_model" name="h_model_dual_endpoint_sigma2betaW_throws_error_for_non_valid_sigma2betaW"/>
    <testcase time="0.0159999999999911" classname="helpers_model" name="h_model_dual_endpoint_beta_updates_model_components_for_scalar_param"/>
    <testcase time="0.00399999999999068" classname="helpers_model" name="h_model_dual_endpoint_beta_updates_model_components_for_scalar_param"/>
    <testcase time="0.00499999999999545" classname="helpers_model" name="h_model_dual_endpoint_beta_updates_model_components_for_scalar_param"/>
    <testcase time="0.0160000000000196" classname="helpers_model" name="h_model_dual_endpoint_beta_updates_model_components"/>
    <testcase time="0.00399999999999068" classname="helpers_model" name="h_model_dual_endpoint_beta_updates_model_components"/>
    <testcase time="0.00499999999999545" classname="helpers_model" name="h_model_dual_endpoint_beta_updates_model_components"/>
    <testcase time="0.00399999999999068" classname="helpers_model" name="h_model_dual_endpoint_beta_updates_model_components"/>
    <testcase time="0.00500000000002387" classname="helpers_model" name="h_model_dual_endpoint_beta_updates_model_components"/>
    <testcase time="0.0180000000000007" classname="helpers_model" name="h_model_dual_endpoint_beta_throws_error_for_non_valid_param"/>
    <testcase time="0.0169999999999959" classname="helpers_model" name="h_model_dual_endpoint_beta_throws_error_for_non_valid_param_name"/>
    <testcase time="0.0180000000000007" classname="helpers_model" name="h_model_dual_endpoint_beta_throws_error_for_non_valid_param_suffix"/>
    <testcase time="0.0180000000000007" classname="helpers_model" name="h_model_dual_endpoint_beta_throws_error_for_non_valid_priormodel"/>
  </testsuite>
  <testsuite name="helpers_rules" timestamp="2023-08-17T12:00:47Z" hostname="20a247bd8378" tests="47" skipped="11" failures="0" errors="0" time="3.593">
    <testcase time="0.0169999999999959" classname="helpers_rules" name="h_info_theory_dist_works_as_expected_for_scalars"/>
    <testcase time="0.0109999999999957" classname="helpers_rules" name="h_info_theory_dist_works_as_expected_for_vectors"/>
    <testcase time="0.0120000000000005" classname="helpers_rules" name="h_info_theory_dist_works_as_expected_for_matrices"/>
    <testcase time="0.0130000000000052" classname="helpers_rules" name="h_info_theory_dist_throws_the_error_for_non_conformable_args"/>
    <testcase time="0.00600000000000023" classname="helpers_rules" name="h_info_theory_dist_throws_the_error_for_non_conformable_args"/>
    <testcase time="0.0130000000000052" classname="helpers_rules" name="h_info_theory_dist_throws_the_error_for_wrong_asymmetry"/>
    <testcase time="0.0509999999999877" classname="helpers_rules" name="h_next_best_mg_ci_works_as_expected"/>
    <testcase time="0.0409999999999968" classname="helpers_rules" name="h_next_best_mg_ci_works_as_expected_with_placebo_"/>
    <testcase time="0.00999999999999091" classname="helpers_rules" name="h_next_best_mg_doses_at_grid_works_as_expected"/>
    <testcase time="0.0100000000000193" classname="helpers_rules" name="h_next_best_mg_doses_at_grid_works_as_expected_small_doselimit_"/>
    <testcase time="0.00999999999999091" classname="helpers_rules" name="h_next_best_mg_doses_at_grid_works_as_expected_small_doselimit_placebo_"/>
    <testcase time="0.00900000000001455" classname="helpers_rules" name="h_next_best_mg_doses_at_grid_works_as_expected_td_mg_"/>
    <testcase time="0.00999999999999091" classname="helpers_rules" name="h_next_best_eligible_doses_works_as_expected"/>
    <testcase time="0.00399999999999068" classname="helpers_rules" name="h_next_best_eligible_doses_works_as_expected"/>
    <testcase time="0.0040000000000191" classname="helpers_rules" name="h_next_best_eligible_doses_works_as_expected"/>
    <testcase time="0.0040000000000191" classname="helpers_rules" name="h_next_best_eligible_doses_works_as_expected"/>
    <testcase time="0.00399999999999068" classname="helpers_rules" name="h_next_best_eligible_doses_works_as_expected"/>
    <testcase time="0.00399999999999068" classname="helpers_rules" name="h_next_best_eligible_doses_works_as_expected"/>
    <testcase time="0.00500000000002387" classname="helpers_rules" name="h_next_best_eligible_doses_works_as_expected"/>
    <testcase time="0.00399999999999068" classname="helpers_rules" name="h_next_best_eligible_doses_works_as_expected"/>
    <testcase time="0.00399999999999068" classname="helpers_rules" name="h_next_best_eligible_doses_works_as_expected"/>
    <testcase time="0.0040000000000191" classname="helpers_rules" name="h_next_best_eligible_doses_works_as_expected"/>
    <testcase time="0.00499999999999545" classname="helpers_rules" name="h_next_best_eligible_doses_works_as_expected"/>
    <testcase time="0.00399999999999068" classname="helpers_rules" name="h_next_best_eligible_doses_works_as_expected"/>
    <testcase time="0.0109999999999957" classname="helpers_rules" name="h_next_best_eligible_doses_works_as_expected_no_placebo_"/>
    <testcase time="0.0040000000000191" classname="helpers_rules" name="h_next_best_eligible_doses_works_as_expected_no_placebo_"/>
    <testcase time="0.00499999999999545" classname="helpers_rules" name="h_next_best_eligible_doses_works_as_expected_no_placebo_"/>
    <testcase time="0.00399999999999068" classname="helpers_rules" name="h_next_best_eligible_doses_works_as_expected_no_placebo_"/>
    <testcase time="0.00399999999999068" classname="helpers_rules" name="h_next_best_eligible_doses_works_as_expected_no_placebo_"/>
    <testcase time="0.00500000000002387" classname="helpers_rules" name="h_next_best_eligible_doses_works_as_expected_no_placebo_"/>
    <testcase time="0.00499999999999545" classname="helpers_rules" name="h_next_best_eligible_doses_works_as_expected_no_placebo_"/>
    <testcase time="0.00399999999999068" classname="helpers_rules" name="h_next_best_eligible_doses_works_as_expected_no_placebo_"/>
    <testcase time="0.00399999999999068" classname="helpers_rules" name="h_next_best_eligible_doses_works_as_expected_no_placebo_"/>
    <testcase time="0.0040000000000191" classname="helpers_rules" name="h_next_best_eligible_doses_works_as_expected_no_placebo_"/>
    <testcase time="0.0209999999999866" classname="helpers_rules" name="h_next_best_eligible_doses_throws_the_error_for_empty_dose_grid_or_not_sorted"/>
    <testcase time="0.00600000000000023" classname="helpers_rules" name="h_next_best_eligible_doses_throws_the_error_for_empty_dose_grid_or_not_sorted"/>
    <testcase time="0.335000000000008" classname="helpers_rules" name="h_next_best_ncrm_loss_plot_works_as_expected">
      <skipped message="Reason: On CRAN ('test-helpers_rules.R:197:3')"/>
    </testcase>
    <testcase time="0.436000000000007" classname="helpers_rules" name="h_next_best_ncrm_loss_plot_works_as_expected_unacceptable_specified_">
      <skipped message="Reason: On CRAN ('test-helpers_rules.R:218:3')"/>
    </testcase>
    <testcase time="0.33499999999998" classname="helpers_rules" name="h_next_best_ncrm_loss_plot_works_as_expected_no_doselimit_">
      <skipped message="Reason: On CRAN ('test-helpers_rules.R:238:3')"/>
    </testcase>
    <testcase time="0.221000000000004" classname="helpers_rules" name="h_next_best_tdsamples_plot_works_as_expected">
      <skipped message="Reason: On CRAN ('test-helpers_rules.R:247:3')"/>
    </testcase>
    <testcase time="0.222000000000008" classname="helpers_rules" name="h_next_best_tdsamples_plot_works_as_expected_no_doselimit_">
      <skipped message="Reason: On CRAN ('test-helpers_rules.R:254:3')"/>
    </testcase>
    <testcase time="0.225999999999999" classname="helpers_rules" name="h_next_best_td_plot_works_as_expected">
      <skipped message="Reason: On CRAN ('test-helpers_rules.R:263:3')"/>
    </testcase>
    <testcase time="0.239000000000004" classname="helpers_rules" name="h_next_best_td_plot_works_as_expected_no_doselimit_">
      <skipped message="Reason: On CRAN ('test-helpers_rules.R:270:3')"/>
    </testcase>
    <testcase time="0.411000000000001" classname="helpers_rules" name="h_next_best_mg_plot_works_as_expected">
      <skipped message="Reason: On CRAN ('test-helpers_rules.R:283:3')"/>
    </testcase>
    <testcase time="0.401999999999987" classname="helpers_rules" name="h_next_best_mg_plot_works_as_expected_no_doselimit_">
      <skipped message="Reason: On CRAN ('test-helpers_rules.R:294:3')"/>
    </testcase>
    <testcase time="0.215000000000003" classname="helpers_rules" name="h_next_best_mgsamples_plot_works_as_expected">
      <skipped message="Reason: On CRAN ('test-helpers_rules.R:303:3')"/>
    </testcase>
    <testcase time="0.215000000000003" classname="helpers_rules" name="h_next_best_mgsamples_plot_works_as_expected_no_doselimit_">
      <skipped message="Reason: On CRAN ('test-helpers_rules.R:310:3')"/>
    </testcase>
  </testsuite>
  <testsuite name="logger" timestamp="2023-08-17T12:00:51Z" hostname="20a247bd8378" tests="5" skipped="0" failures="0" errors="0" time="0.094">
    <testcase time="0.032999999999987" classname="logger" name="enable_logging_works_as_expected"/>
    <testcase time="0.01400000000001" classname="logger" name="disable_logging_works_as_expected"/>
    <testcase time="0.0130000000000052" classname="logger" name="is_logging_enabled_works_as_expected"/>
    <testcase time="0.00799999999998136" classname="logger" name="is_logging_enabled_works_as_expected"/>
    <testcase time="0.0260000000000105" classname="logger" name="log_trace_works_as_expected"/>
  </testsuite>
  <testsuite name="mcmc" timestamp="2023-08-17T12:00:51Z" hostname="20a247bd8378" tests="11" skipped="0" failures="0" errors="0" time="0.166">
    <testcase time="0.0209999999999866" classname="mcmc" name="JAGS_model_compile_works_as_expected_for_an_example_model"/>
    <testcase time="0.0040000000000191" classname="mcmc" name="JAGS_model_compile_works_as_expected_for_an_example_model"/>
    <testcase time="0.0370000000000061" classname="mcmc" name="mcmc_GeneralData_works_as_expected"/>
    <testcase time="0.00399999999999068" classname="mcmc" name="mcmc_GeneralData_works_as_expected"/>
    <testcase time="0.00499999999999545" classname="mcmc" name="mcmc_GeneralData_works_as_expected"/>
    <testcase time="0.00100000000000477" classname="mcmc" name="mcmc_GeneralData_works_as_expected"/>
    <testcase time="0.00100000000000477" classname="mcmc" name="mcmc_GeneralData_works_as_expected"/>
    <testcase time="0.0420000000000016" classname="mcmc" name="mcmc_GeneralData_gets_random_results"/>
    <testcase time="0.00499999999999545" classname="mcmc" name="mcmc_GeneralData_gets_random_results"/>
    <testcase time="0.0409999999999968" classname="mcmc" name="mcmc_GeneralData_respects_fixed_RNG_settings"/>
    <testcase time="0.00499999999999545" classname="mcmc" name="mcmc_GeneralData_respects_fixed_RNG_settings"/>
  </testsuite>
  <testsuite name="sas-results-part-1" timestamp="2023-08-17T12:00:51Z" hostname="20a247bd8378" tests="4" skipped="4" failures="0" errors="0" time="0.062">
    <testcase time="0.0130000000000052" classname="sas_results_part_1" name="Posterior_summaries_for_probabilities_of_DLT_2_parameter_logistic_model_and_recommended_doses_NCRMLoss_crmPack_vs._SAS_Example_1">
      <skipped message="Reason: On CRAN ('test-sas-results-part-1.R:4:3')"/>
    </testcase>
    <testcase time="0.0169999999999959" classname="sas_results_part_1" name="Posterior_summaries_for_probabilities_of_DLT_2_parameter_logistic_model_and_recommended_doses_NCRMLoss_crmPack_vs._SAS_Example_2">
      <skipped message="Reason: On CRAN ('test-sas-results-part-1.R:95:3')"/>
    </testcase>
    <testcase time="0.0150000000000148" classname="sas_results_part_1" name="Posterior_summaries_for_probabilities_of_DLT_2_parameter_logistic_model_and_recommended_doses_NCRMLoss_crmPack_vs._SAS_Example_3">
      <skipped message="Reason: On CRAN ('test-sas-results-part-1.R:186:3')"/>
    </testcase>
    <testcase time="0.0169999999999959" classname="sas_results_part_1" name="Posterior_summaries_for_probabilities_of_DLT_2_parameter_logistic_model_and_recommended_doses_NCRMLoss_crmPack_vs._SAS_Example_4">
      <skipped message="Reason: On CRAN ('test-sas-results-part-1.R:283:3')"/>
    </testcase>
  </testsuite>
  <testsuite name="sas-results-part-2" timestamp="2023-08-17T12:00:51Z" hostname="20a247bd8378" tests="4" skipped="4" failures="0" errors="0" time="0.084">
    <testcase time="0.0349999999999966" classname="sas_results_part_2" name="Posterior_summaries_for_probabilities_of_DLT_2_parameter_logistic_model_and_recommended_doses_NCRMLoss_crmPack_vs._SAS_Example_1">
      <skipped message="Reason: On CRAN ('test-sas-results-part-2.R:4:3')"/>
    </testcase>
    <testcase time="0.0169999999999959" classname="sas_results_part_2" name="Posterior_summaries_for_probabilities_of_DLT_2_parameter_logistic_model_and_recommended_doses_NCRMLoss_crmPack_vs._SAS_Example_2">
      <skipped message="Reason: On CRAN ('test-sas-results-part-2.R:118:3')"/>
    </testcase>
    <testcase time="0.0159999999999911" classname="sas_results_part_2" name="Posterior_summaries_for_probabilities_of_DLT_2_parameter_logistic_model_and_recommended_doses_NCRMLoss_crmPack_vs._SAS_Example_3">
      <skipped message="Reason: On CRAN ('test-sas-results-part-2.R:233:3')"/>
    </testcase>
    <testcase time="0.0160000000000196" classname="sas_results_part_2" name="Posterior_summaries_for_probabilities_of_DLT_2_parameter_logistic_model_and_recommended_doses_NCRMLoss_crmPack_vs._SAS_Example_4">
      <skipped message="Reason: On CRAN ('test-sas-results-part-2.R:348:3')"/>
    </testcase>
  </testsuite>
  <testsuite name="utils" timestamp="2023-08-17T12:00:51Z" hostname="20a247bd8378" tests="2" skipped="0" failures="0" errors="0" time="0.035">
    <testcase time="0.0240000000000009" classname="utils" name="dapply_returns_valid_object_for_sample_data_for_max_dose_fun"/>
    <testcase time="0.0109999999999957" classname="utils" name="dapply_returns_valid_objects_for_sample_data_for_sort_dose_fun"/>
  </testsuite>
</testsuites>
