<?xml version="1.0" encoding="UTF-8"?>
<testsuites>
  <testsuite name="Data-class" timestamp="2023-06-30T13:55:51Z" hostname="e5713d1084eb" tests="54" skipped="0" failures="0" errors="0" time="0.509">
    <testcase time="0.02" classname="Data_class" name=".GeneralData_works_as_expected"/>
    <testcase time="0.022" classname="Data_class" name=".GeneralData_works_as_expected"/>
    <testcase time="0.02" classname="Data_class" name=".GeneralData_works_as_expected"/>
    <testcase time="0.0089999999999999" classname="Data_class" name=".Data_works_as_expected"/>
    <testcase time="0.00100000000000011" classname="Data_class" name=".Data_works_as_expected"/>
    <testcase time="0.00800000000000001" classname="Data_class" name=".Data_works_as_expected"/>
    <testcase time="0.0150000000000001" classname="Data_class" name="Data_object_can_be_created_with_user_constructor_Data"/>
    <testcase time="0.00099999999999989" classname="Data_class" name="Data_object_can_be_created_with_user_constructor_Data"/>
    <testcase time="0.00700000000000012" classname="Data_class" name="Data_object_can_be_created_with_user_constructor_Data"/>
    <testcase time="0.022" classname="Data_class" name="Data_object_can_be_created_with_custom_values"/>
    <testcase time="0.00100000000000011" classname="Data_class" name="Data_object_can_be_created_with_custom_values"/>
    <testcase time="0.0069999999999999" classname="Data_class" name="Data_object_can_be_created_with_custom_values"/>
    <testcase time="0.04" classname="Data_class" name="Data_constructor_handles_default_IDs_as_expected"/>
    <testcase time="0.002" classname="Data_class" name="Data_constructor_handles_default_IDs_as_expected"/>
    <testcase time="0.00499999999999989" classname="Data_class" name="Data_constructor_handles_default_IDs_as_expected"/>
    <testcase time="0.02" classname="Data_class" name="Data_constructor_works_as_expected_without_cohort_and_no_placebo"/>
    <testcase time="0.002" classname="Data_class" name="Data_constructor_works_as_expected_without_cohort_and_no_placebo"/>
    <testcase time="0.00500000000000012" classname="Data_class" name="Data_constructor_works_as_expected_without_cohort_and_no_placebo"/>
    <testcase time="0.0069999999999999" classname="Data_class" name=".DataDual_works_as_expected"/>
    <testcase time="0.002" classname="Data_class" name=".DataDual_works_as_expected"/>
    <testcase time="0.00600000000000001" classname="Data_class" name=".DataDual_works_as_expected"/>
    <testcase time="0.022" classname="Data_class" name="DataDual_object_can_be_created_with_user_constructor_DataDual"/>
    <testcase time="0.00100000000000011" classname="Data_class" name="DataDual_object_can_be_created_with_user_constructor_DataDual"/>
    <testcase time="0.00600000000000001" classname="Data_class" name="DataDual_object_can_be_created_with_user_constructor_DataDual"/>
    <testcase time="0.022" classname="Data_class" name="DataDual_object_can_be_created_with_custom_values"/>
    <testcase time="0.00099999999999989" classname="Data_class" name="DataDual_object_can_be_created_with_custom_values"/>
    <testcase time="0.00600000000000001" classname="Data_class" name="DataDual_object_can_be_created_with_custom_values"/>
    <testcase time="0.00800000000000001" classname="Data_class" name=".DataParts_works_as_expected"/>
    <testcase time="0.00099999999999989" classname="Data_class" name=".DataParts_works_as_expected"/>
    <testcase time="0.00700000000000012" classname="Data_class" name=".DataParts_works_as_expected"/>
    <testcase time="0.0209999999999999" classname="Data_class" name="DataParts_object_can_be_created_with_user_constructor_DataParts"/>
    <testcase time="0.00099999999999989" classname="Data_class" name="DataParts_object_can_be_created_with_user_constructor_DataParts"/>
    <testcase time="0.01" classname="Data_class" name="DataParts_object_can_be_created_with_user_constructor_DataParts"/>
    <testcase time="0.0210000000000001" classname="Data_class" name="DataParts_object_can_be_created_with_custom_values"/>
    <testcase time="0.002" classname="Data_class" name="DataParts_object_can_be_created_with_custom_values"/>
    <testcase time="0.00600000000000001" classname="Data_class" name="DataParts_object_can_be_created_with_custom_values"/>
    <testcase time="0.0069999999999999" classname="Data_class" name=".DataMixture_works_as_expected"/>
    <testcase time="0.002" classname="Data_class" name=".DataMixture_works_as_expected"/>
    <testcase time="0.00700000000000012" classname="Data_class" name=".DataMixture_works_as_expected"/>
    <testcase time="0.0209999999999999" classname="Data_class" name="DataMixture_object_can_be_created_with_user_constructor"/>
    <testcase time="0.002" classname="Data_class" name="DataMixture_object_can_be_created_with_user_constructor"/>
    <testcase time="0.00600000000000001" classname="Data_class" name="DataMixture_object_can_be_created_with_user_constructor"/>
    <testcase time="0.0209999999999999" classname="Data_class" name="DataMixture_object_can_be_created_with_custom_values"/>
    <testcase time="0.002" classname="Data_class" name="DataMixture_object_can_be_created_with_custom_values"/>
    <testcase time="0.00600000000000001" classname="Data_class" name="DataMixture_object_can_be_created_with_custom_values"/>
    <testcase time="0.00700000000000012" classname="Data_class" name=".DataDA_works_as_expected"/>
    <testcase time="0.002" classname="Data_class" name=".DataDA_works_as_expected"/>
    <testcase time="0.0069999999999999" classname="Data_class" name=".DataDA_works_as_expected"/>
    <testcase time="0.0210000000000001" classname="Data_class" name="DataDA_object_can_be_created_with_user_constructor_DataDA"/>
    <testcase time="0.00100000000000011" classname="Data_class" name="DataDA_object_can_be_created_with_user_constructor_DataDA"/>
    <testcase time="0.01" classname="Data_class" name="DataDA_object_can_be_created_with_user_constructor_DataDA"/>
    <testcase time="0.0209999999999999" classname="Data_class" name="DataDA_object_can_be_created_with_custom_values"/>
    <testcase time="0.002" classname="Data_class" name="DataDA_object_can_be_created_with_custom_values"/>
    <testcase time="0.00700000000000012" classname="Data_class" name="DataDA_object_can_be_created_with_custom_values"/>
  </testsuite>
  <testsuite name="Data-methods" timestamp="2023-06-30T13:55:51Z" hostname="e5713d1084eb" tests="83" skipped="7" failures="0" errors="0" time="2.844">
    <testcase time="0.265" classname="Data_methods" name="Plot_works_as_expected_for_Data_object_with_placebo">
      <skipped message="Reason: On CRAN ('test-Data-methods.R:7:3')"/>
    </testcase>
    <testcase time="0.241" classname="Data_methods" name="Plot_works_as_expected_for_Data_object_with_placebo_and_blinding">
      <skipped message="Reason: On CRAN ('test-Data-methods.R:14:3')"/>
    </testcase>
    <testcase time="0.155" classname="Data_methods" name="Plot_works_for_Data_object_with_placebo_blinding_and_no_legend">
      <skipped message="Reason: On CRAN ('test-Data-methods.R:21:3')"/>
    </testcase>
    <testcase time="0.36" classname="Data_methods" name="Plot_works_as_expected_for_DataDual_object_with_placebo">
      <skipped message="Reason: On CRAN ('test-Data-methods.R:32:3')"/>
    </testcase>
    <testcase time="0.285" classname="Data_methods" name="Plot_works_for_DataDual_object_with_placebo_and_blinding">
      <skipped message="Reason: On CRAN ('test-Data-methods.R:39:3')"/>
    </testcase>
    <testcase time="0.352" classname="Data_methods" name="Plot_works_as_expected_for_DataDA_object_with_placebo">
      <skipped message="Reason: On CRAN ('test-Data-methods.R:50:3')"/>
    </testcase>
    <testcase time="0.349" classname="Data_methods" name="Plot_works_for_DataDA_object_with_placebo_and_blinding">
      <skipped message="Reason: On CRAN ('test-Data-methods.R:57:3')"/>
    </testcase>
    <testcase time="0.028" classname="Data_methods" name="Update_of_Data_works_as_expected"/>
    <testcase time="0.00499999999999989" classname="Data_methods" name="Update_of_Data_works_as_expected"/>
    <testcase time="0.00500000000000034" classname="Data_methods" name="Update_of_Data_works_as_expected"/>
    <testcase time="0.0259999999999998" classname="Data_methods" name="Update_of_empty_Data_works_as_expected"/>
    <testcase time="0.00600000000000023" classname="Data_methods" name="Update_of_empty_Data_works_as_expected"/>
    <testcase time="0.00299999999999967" classname="Data_methods" name="Update_of_empty_Data_works_as_expected"/>
    <testcase time="0.0260000000000002" classname="Data_methods" name="Update_of_Data_works_for_empty_update"/>
    <testcase time="0.0179999999999998" classname="Data_methods" name="Update_of_Data_works_when_doses_are_added_to_the_old_cohort"/>
    <testcase time="0.00600000000000023" classname="Data_methods" name="Update_of_Data_works_when_doses_are_added_to_the_old_cohort"/>
    <testcase time="0.004" classname="Data_methods" name="Update_of_Data_works_when_doses_are_added_to_the_old_cohort"/>
    <testcase time="0.024" classname="Data_methods" name="Update_of_Data_throws_the_error_for_a_dose_x_out_of_the_grid"/>
    <testcase time="0.0179999999999998" classname="Data_methods" name="Update_of_Data_no_error_for_non_valid_update_and_validation_off"/>
    <testcase time="0.024" classname="Data_methods" name="Update_of_DataParts_works_as_expected"/>
    <testcase time="0.00600000000000023" classname="Data_methods" name="Update_of_DataParts_works_as_expected"/>
    <testcase time="0.0089999999999999" classname="Data_methods" name="Update_of_DataParts_works_as_expected"/>
    <testcase time="0.0229999999999997" classname="Data_methods" name="Update_of_DataParts_works_as_expected"/>
    <testcase time="0.00700000000000056" classname="Data_methods" name="Update_of_DataParts_works_as_expected"/>
    <testcase time="0.00399999999999956" classname="Data_methods" name="Update_of_DataParts_works_as_expected"/>
    <testcase time="0.0220000000000002" classname="Data_methods" name="Update_of_DataParts_works_no_DLT_and_x_eq_max_of_part1Ladder"/>
    <testcase time="0.00699999999999967" classname="Data_methods" name="Update_of_DataParts_works_no_DLT_and_x_eq_max_of_part1Ladder"/>
    <testcase time="0.00400000000000045" classname="Data_methods" name="Update_of_DataParts_works_no_DLT_and_x_eq_max_of_part1Ladder"/>
    <testcase time="0.0229999999999997" classname="Data_methods" name="Update_of_DataDual_works_as_expected"/>
    <testcase time="0.00699999999999967" classname="Data_methods" name="Update_of_DataDual_works_as_expected"/>
    <testcase time="0.00400000000000045" classname="Data_methods" name="Update_of_DataDual_works_as_expected"/>
    <testcase time="0.0279999999999996" classname="Data_methods" name="Update_of_DataDA_works_as_expected"/>
    <testcase time="0.00700000000000056" classname="Data_methods" name="Update_of_DataDA_works_as_expected"/>
    <testcase time="0.00399999999999956" classname="Data_methods" name="Update_of_DataDA_works_as_expected"/>
    <testcase time="0.0280000000000005" classname="Data_methods" name="Update_of_DataDA_works_for_empty_update_of_empty_object"/>
    <testcase time="0.00600000000000023" classname="Data_methods" name="Update_of_DataDA_works_for_empty_update_of_empty_object"/>
    <testcase time="0.00400000000000045" classname="Data_methods" name="Update_of_DataDA_works_for_empty_update_of_empty_object"/>
    <testcase time="0.0219999999999994" classname="Data_methods" name="Update_of_DataDA_works_when_no_update_of_non_empty_object"/>
    <testcase time="0.00700000000000056" classname="Data_methods" name="Update_of_DataDA_works_when_no_update_of_non_empty_object"/>
    <testcase time="0.00399999999999956" classname="Data_methods" name="Update_of_DataDA_works_when_no_update_of_non_empty_object"/>
    <testcase time="0.0289999999999999" classname="Data_methods" name="Update_of_DataDA_throws_the_error_for_empty_trialtime"/>
    <testcase time="0.0220000000000002" classname="Data_methods" name="getEff_DataDual_works_as_expected"/>
    <testcase time="0.0220000000000002" classname="Data_methods" name="getEff_DataDual_works_as_expected_no_dlt"/>
    <testcase time="0.0139999999999993" classname="Data_methods" name="getEff_DataDual_works_as_expected_no_DLT_"/>
    <testcase time="0.0130000000000008" classname="Data_methods" name="getEff_DataDual_works_as_expected_no_DLT_no_dlt"/>
    <testcase time="0.0139999999999993" classname="Data_methods" name="getEff_DataDual_works_as_expected_DLT_only_"/>
    <testcase time="0.0190000000000001" classname="Data_methods" name="getEff_DataDual_works_as_expected_DLT_only_no_dlt"/>
    <testcase time="0.0110000000000001" classname="Data_methods" name="ngrid_throws_the_error_for_non_valid_ignore_placebo"/>
    <testcase time="0.00699999999999967" classname="Data_methods" name="ngrid_throws_the_error_for_non_valid_ignore_placebo"/>
    <testcase time="0.0190000000000001" classname="Data_methods" name="ngrid_Data_works_as_expected_with_placebo_in_grid"/>
    <testcase time="0.00499999999999989" classname="Data_methods" name="ngrid_Data_works_as_expected_with_placebo_in_grid"/>
    <testcase time="0.00600000000000023" classname="Data_methods" name="ngrid_Data_works_as_expected_with_placebo_in_grid"/>
    <testcase time="0.00400000000000045" classname="Data_methods" name="ngrid_Data_works_as_expected_with_placebo_in_grid"/>
    <testcase time="0.00699999999999967" classname="Data_methods" name="ngrid_Data_works_as_expected_with_placebo_in_grid"/>
    <testcase time="0.00399999999999956" classname="Data_methods" name="ngrid_Data_works_as_expected_with_placebo_in_grid"/>
    <testcase time="0.00700000000000056" classname="Data_methods" name="ngrid_Data_works_as_expected_with_placebo_in_grid"/>
    <testcase time="0.00399999999999956" classname="Data_methods" name="ngrid_Data_works_as_expected_with_placebo_in_grid"/>
    <testcase time="0.0180000000000007" classname="Data_methods" name="ngrid_Data_works_as_expected_without_placebo_in_grid"/>
    <testcase time="0.00499999999999989" classname="Data_methods" name="ngrid_Data_works_as_expected_without_placebo_in_grid"/>
    <testcase time="0.0110000000000001" classname="Data_methods" name="ngrid_Data_works_as_expected_without_placebo_in_grid"/>
    <testcase time="0.00499999999999989" classname="Data_methods" name="ngrid_Data_works_as_expected_without_placebo_in_grid"/>
    <testcase time="0.00699999999999967" classname="Data_methods" name="ngrid_Data_works_as_expected_without_placebo_in_grid"/>
    <testcase time="0.00400000000000045" classname="Data_methods" name="ngrid_Data_works_as_expected_without_placebo_in_grid"/>
    <testcase time="0.00699999999999967" classname="Data_methods" name="ngrid_Data_works_as_expected_without_placebo_in_grid"/>
    <testcase time="0.00399999999999956" classname="Data_methods" name="ngrid_Data_works_as_expected_without_placebo_in_grid"/>
    <testcase time="0.0220000000000002" classname="Data_methods" name="dose_grid_range_throws_the_error_for_non_valid_ignore_placebo"/>
    <testcase time="0.00600000000000023" classname="Data_methods" name="dose_grid_range_throws_the_error_for_non_valid_ignore_placebo"/>
    <testcase time="0.0199999999999996" classname="Data_methods" name="dose_grid_range_Data_works_as_expected_with_placebo_in_grid"/>
    <testcase time="0.00499999999999989" classname="Data_methods" name="dose_grid_range_Data_works_as_expected_with_placebo_in_grid"/>
    <testcase time="0.00700000000000056" classname="Data_methods" name="dose_grid_range_Data_works_as_expected_with_placebo_in_grid"/>
    <testcase time="0.00399999999999956" classname="Data_methods" name="dose_grid_range_Data_works_as_expected_with_placebo_in_grid"/>
    <testcase time="0.00700000000000056" classname="Data_methods" name="dose_grid_range_Data_works_as_expected_with_placebo_in_grid"/>
    <testcase time="0.00499999999999989" classname="Data_methods" name="dose_grid_range_Data_works_as_expected_with_placebo_in_grid"/>
    <testcase time="0.0110000000000001" classname="Data_methods" name="dose_grid_range_Data_works_as_expected_with_placebo_in_grid"/>
    <testcase time="0.00499999999999989" classname="Data_methods" name="dose_grid_range_Data_works_as_expected_with_placebo_in_grid"/>
    <testcase time="0.0190000000000001" classname="Data_methods" name="dose_grid_range_Data_works_as_expected_without_placebo_in_grid"/>
    <testcase time="0.00499999999999989" classname="Data_methods" name="dose_grid_range_Data_works_as_expected_without_placebo_in_grid"/>
    <testcase time="0.00600000000000023" classname="Data_methods" name="dose_grid_range_Data_works_as_expected_without_placebo_in_grid"/>
    <testcase time="0.00499999999999989" classname="Data_methods" name="dose_grid_range_Data_works_as_expected_without_placebo_in_grid"/>
    <testcase time="0.00699999999999967" classname="Data_methods" name="dose_grid_range_Data_works_as_expected_without_placebo_in_grid"/>
    <testcase time="0.00400000000000045" classname="Data_methods" name="dose_grid_range_Data_works_as_expected_without_placebo_in_grid"/>
    <testcase time="0.00699999999999967" classname="Data_methods" name="dose_grid_range_Data_works_as_expected_without_placebo_in_grid"/>
    <testcase time="0.00499999999999989" classname="Data_methods" name="dose_grid_range_Data_works_as_expected_without_placebo_in_grid"/>
  </testsuite>
  <testsuite name="Data-validity" timestamp="2023-06-30T13:55:54Z" hostname="e5713d1084eb" tests="26" skipped="0" failures="0" errors="0" time="0.547">
    <testcase time="0.0229999999999997" classname="Data_validity" name="h_doses_unique_per_cohort_returns_TRUE_for_unique_doses"/>
    <testcase time="0.00300000000000011" classname="Data_validity" name="h_doses_unique_per_cohort_returns_TRUE_for_unique_doses"/>
    <testcase time="0.00700000000000056" classname="Data_validity" name="h_doses_unique_per_cohort_returns_FALSE_for_non_unique_doses"/>
    <testcase time="0.00299999999999923" classname="Data_validity" name="h_doses_unique_per_cohort_returns_FALSE_for_non_unique_doses"/>
    <testcase time="0.0250000000000004" classname="Data_validity" name="v_general_data_passes_for_valid_object"/>
    <testcase time="0.0190000000000001" classname="Data_validity" name="v_general_data_returns_expected_messages_for_non_valid_object"/>
    <testcase time="0.0199999999999996" classname="Data_validity" name="v_data_passes_for_valid_object"/>
    <testcase time="0.0200000000000005" classname="Data_validity" name="v_data_returns_error_when_only_placebo_in_cohort"/>
    <testcase time="0.0190000000000001" classname="Data_validity" name="v_data_error_when_multiple_different_doses_in_a_cohort"/>
    <testcase time="0.0249999999999995" classname="Data_validity" name="v_data_returns_error_when_first_xLevel_does_not_match_x"/>
    <testcase time="0.0209999999999999" classname="Data_validity" name="v_data_dual_passes_for_valid_object"/>
    <testcase time="0.0220000000000002" classname="Data_validity" name="v_data_dual_returns_error_for_biomarker_of_wrong_length"/>
    <testcase time="0.0220000000000002" classname="Data_validity" name="v_data_parts_passes_for_valid_object"/>
    <testcase time="0.0220000000000002" classname="Data_validity" name="v_data_parts_error_when_part_of_wrong_length_and_values"/>
    <testcase time="0.0259999999999998" classname="Data_validity" name="v_data_parts_error_when_nextPart_of_wrong_len_vals_order"/>
    <testcase time="0.0229999999999997" classname="Data_validity" name="v_data_parts_error_when_part1Ladder_unsorted_non_unique"/>
    <testcase time="0.0220000000000002" classname="Data_validity" name="v_data_parts_error_when_part1Ladder_has_wrong_values"/>
    <testcase time="0.0220000000000002" classname="Data_validity" name="v_data_mixture_passes_for_valid_object"/>
    <testcase time="0.0249999999999995" classname="Data_validity" name="v_data_mixture_error_when_xshare_is_of_wrong_length"/>
    <testcase time="0.0230000000000006" classname="Data_validity" name="v_data_mixture_error_when_xshare_has_wrong_values"/>
    <testcase time="0.0219999999999994" classname="Data_validity" name="v_data_mixture_error_for_yshare_of_wrong_length_and_vals."/>
    <testcase time="0.0220000000000002" classname="Data_validity" name="v_data_mixture_error_for_nObsshare_of_wrong_length"/>
    <testcase time="0.0220000000000002" classname="Data_validity" name="v_data_da_passes_for_valid_object"/>
    <testcase time="0.0439999999999996" classname="Data_validity" name="v_data_da_error_for_Tmax_of_wrong_length_negative_values"/>
    <testcase time="0.0220000000000002" classname="Data_validity" name="v_data_da_error_for_u_of_wrong_length_and_values"/>
    <testcase time="0.0229999999999997" classname="Data_validity" name="v_data_da_error_for_t0_of_wrong_length_negative_values"/>
  </testsuite>
  <testsuite name="Design-class" timestamp="2023-06-30T13:55:55Z" hostname="e5713d1084eb" tests="136" skipped="0" failures="0" errors="0" time="0.986">
    <testcase time="0.0120000000000005" classname="Design_class" name=".RuleDesign_works_as_expected"/>
    <testcase time="0.000999999999999446" classname="Design_class" name=".RuleDesign_works_as_expected"/>
    <testcase time="0.00400000000000045" classname="Design_class" name=".RuleDesign_works_as_expected"/>
    <testcase time="0.0119999999999996" classname="Design_class" name="RuleDesign_object_can_be_created_with_user_constructor"/>
    <testcase time="0.00100000000000033" classname="Design_class" name="RuleDesign_object_can_be_created_with_user_constructor"/>
    <testcase time="0.00499999999999989" classname="Design_class" name="RuleDesign_object_can_be_created_with_user_constructor"/>
    <testcase time="0.00400000000000045" classname="Design_class" name="RuleDesign_object_can_be_created_with_user_constructor"/>
    <testcase time="0.00300000000000011" classname="Design_class" name="RuleDesign_object_can_be_created_with_user_constructor"/>
    <testcase time="0.00399999999999956" classname="Design_class" name="RuleDesign_object_can_be_created_with_user_constructor"/>
    <testcase time="0.00400000000000045" classname="Design_class" name="RuleDesign_object_can_be_created_with_user_constructor"/>
    <testcase time="0.00699999999999967" classname="Design_class" name="RuleDesign_user_constructor_arguments_names_are_as_expected"/>
    <testcase time="0.0110000000000001" classname="Design_class" name="RuleDesign_object_can_be_created_with_ThreePlusThreeDesign_constructor"/>
    <testcase time="0.000999999999999446" classname="Design_class" name="RuleDesign_object_can_be_created_with_ThreePlusThreeDesign_constructor"/>
    <testcase time="0.00500000000000078" classname="Design_class" name="RuleDesign_object_can_be_created_with_ThreePlusThreeDesign_constructor"/>
    <testcase time="0.00399999999999956" classname="Design_class" name="RuleDesign_object_can_be_created_with_ThreePlusThreeDesign_constructor"/>
    <testcase time="0.00499999999999989" classname="Design_class" name="RuleDesign_object_can_be_created_with_ThreePlusThreeDesign_constructor"/>
    <testcase time="0.0110000000000001" classname="Design_class" name="RuleDesign_object_can_be_created_with_ThreePlusThreeDesign_constructor"/>
    <testcase time="0.00499999999999989" classname="Design_class" name="RuleDesign_object_can_be_created_with_ThreePlusThreeDesign_constructor"/>
    <testcase time="0.00600000000000023" classname="Design_class" name="ThreePlusThreeDesign_constructor_arguments_names_are_as_expected"/>
    <testcase time="0.00800000000000001" classname="Design_class" name=".Design_works_as_expected"/>
    <testcase time="0.000999999999999446" classname="Design_class" name=".Design_works_as_expected"/>
    <testcase time="0.00600000000000023" classname="Design_class" name=".Design_works_as_expected"/>
    <testcase time="0.0350000000000001" classname="Design_class" name="Design_object_can_be_created_with_user_constructor"/>
    <testcase time="0.00199999999999978" classname="Design_class" name="Design_object_can_be_created_with_user_constructor"/>
    <testcase time="0.00499999999999989" classname="Design_class" name="Design_object_can_be_created_with_user_constructor"/>
    <testcase time="0.00400000000000045" classname="Design_class" name="Design_object_can_be_created_with_user_constructor"/>
    <testcase time="0.00399999999999956" classname="Design_class" name="Design_object_can_be_created_with_user_constructor"/>
    <testcase time="0.00400000000000045" classname="Design_class" name="Design_object_can_be_created_with_user_constructor"/>
    <testcase time="0.00399999999999956" classname="Design_class" name="Design_object_can_be_created_with_user_constructor"/>
    <testcase time="0.00400000000000045" classname="Design_class" name="Design_object_can_be_created_with_user_constructor"/>
    <testcase time="0.00399999999999956" classname="Design_class" name="Design_object_can_be_created_with_user_constructor"/>
    <testcase time="0.00400000000000045" classname="Design_class" name="Design_object_can_be_created_with_user_constructor"/>
    <testcase time="0.00399999999999956" classname="Design_class" name="Design_object_can_be_created_with_user_constructor"/>
    <testcase time="0.00800000000000001" classname="Design_class" name="Design_object_can_be_created_with_user_constructor"/>
    <testcase time="0.00500000000000078" classname="Design_class" name="Design_object_can_be_created_with_user_constructor"/>
    <testcase time="0.00699999999999967" classname="Design_class" name="Design_user_constructor_arguments_names_are_as_expected"/>
    <testcase time="0.00800000000000001" classname="Design_class" name=".DualDesign_works_as_expected"/>
    <testcase time="0.00100000000000033" classname="Design_class" name=".DualDesign_works_as_expected"/>
    <testcase time="0.00599999999999934" classname="Design_class" name=".DualDesign_works_as_expected"/>
    <testcase time="0.0590000000000002" classname="Design_class" name="DualDesign_object_can_be_created_with_user_constructor"/>
    <testcase time="0.00199999999999978" classname="Design_class" name="DualDesign_object_can_be_created_with_user_constructor"/>
    <testcase time="0.00499999999999989" classname="Design_class" name="DualDesign_object_can_be_created_with_user_constructor"/>
    <testcase time="0.00500000000000078" classname="Design_class" name="DualDesign_object_can_be_created_with_user_constructor"/>
    <testcase time="0.00399999999999956" classname="Design_class" name="DualDesign_object_can_be_created_with_user_constructor"/>
    <testcase time="0.00499999999999989" classname="Design_class" name="DualDesign_object_can_be_created_with_user_constructor"/>
    <testcase time="0.00400000000000045" classname="Design_class" name="DualDesign_object_can_be_created_with_user_constructor"/>
    <testcase time="0.00399999999999956" classname="Design_class" name="DualDesign_object_can_be_created_with_user_constructor"/>
    <testcase time="0.00400000000000045" classname="Design_class" name="DualDesign_object_can_be_created_with_user_constructor"/>
    <testcase time="0.00399999999999956" classname="Design_class" name="DualDesign_object_can_be_created_with_user_constructor"/>
    <testcase time="0.00700000000000056" classname="Design_class" name="DualDesign_user_constructor_arguments_names_are_as_expected"/>
    <testcase time="0.00800000000000001" classname="Design_class" name=".TDsamplesDesign_works_as_expected"/>
    <testcase time="0.00199999999999978" classname="Design_class" name=".TDsamplesDesign_works_as_expected"/>
    <testcase time="0.00600000000000023" classname="Design_class" name=".TDsamplesDesign_works_as_expected"/>
    <testcase time="0.0449999999999999" classname="Design_class" name="TDsamplesDesign_object_can_be_created_with_user_constructor"/>
    <testcase time="0.00199999999999978" classname="Design_class" name="TDsamplesDesign_object_can_be_created_with_user_constructor"/>
    <testcase time="0.00499999999999989" classname="Design_class" name="TDsamplesDesign_object_can_be_created_with_user_constructor"/>
    <testcase time="0.00499999999999989" classname="Design_class" name="TDsamplesDesign_object_can_be_created_with_user_constructor"/>
    <testcase time="0.00400000000000045" classname="Design_class" name="TDsamplesDesign_object_can_be_created_with_user_constructor"/>
    <testcase time="0.00499999999999989" classname="Design_class" name="TDsamplesDesign_object_can_be_created_with_user_constructor"/>
    <testcase time="0.00499999999999989" classname="Design_class" name="TDsamplesDesign_object_can_be_created_with_user_constructor"/>
    <testcase time="0.00499999999999989" classname="Design_class" name="TDsamplesDesign_object_can_be_created_with_user_constructor"/>
    <testcase time="0.00399999999999956" classname="Design_class" name="TDsamplesDesign_object_can_be_created_with_user_constructor"/>
    <testcase time="0.00500000000000078" classname="Design_class" name="TDsamplesDesign_object_can_be_created_with_user_constructor"/>
    <testcase time="0.00499999999999989" classname="Design_class" name="TDsamplesDesign_object_can_be_created_with_user_constructor"/>
    <testcase time="0.0119999999999996" classname="Design_class" name="TDsamplesDesign_object_can_be_created_with_user_constructor"/>
    <testcase time="0.00499999999999989" classname="Design_class" name="TDsamplesDesign_object_can_be_created_with_user_constructor"/>
    <testcase time="0.00700000000000056" classname="Design_class" name="TDsamplesDesign_user_constructor_arguments_names_are_as_expected"/>
    <testcase time="0.00800000000000001" classname="Design_class" name=".TDDesign_works_as_expected"/>
    <testcase time="0.00199999999999978" classname="Design_class" name=".TDDesign_works_as_expected"/>
    <testcase time="0.00699999999999967" classname="Design_class" name=".TDDesign_works_as_expected"/>
    <testcase time="0.0259999999999998" classname="Design_class" name="TDDesign_object_can_be_created_with_user_constructor"/>
    <testcase time="0.00600000000000023" classname="Design_class" name="TDDesign_object_can_be_created_with_user_constructor"/>
    <testcase time="0.00700000000000056" classname="Design_class" name="TDDesign_object_can_be_created_with_user_constructor"/>
    <testcase time="0.00499999999999989" classname="Design_class" name="TDDesign_object_can_be_created_with_user_constructor"/>
    <testcase time="0.00399999999999956" classname="Design_class" name="TDDesign_object_can_be_created_with_user_constructor"/>
    <testcase time="0.00399999999999956" classname="Design_class" name="TDDesign_object_can_be_created_with_user_constructor"/>
    <testcase time="0.00499999999999989" classname="Design_class" name="TDDesign_object_can_be_created_with_user_constructor"/>
    <testcase time="0.00500000000000078" classname="Design_class" name="TDDesign_object_can_be_created_with_user_constructor"/>
    <testcase time="0.00499999999999989" classname="Design_class" name="TDDesign_object_can_be_created_with_user_constructor"/>
    <testcase time="0.00399999999999956" classname="Design_class" name="TDDesign_object_can_be_created_with_user_constructor"/>
    <testcase time="0.00499999999999989" classname="Design_class" name="TDDesign_object_can_be_created_with_user_constructor"/>
    <testcase time="0.00900000000000034" classname="Design_class" name="TDDesign_object_can_be_created_with_user_constructor"/>
    <testcase time="0.00499999999999989" classname="Design_class" name="TDDesign_object_can_be_created_with_user_constructor"/>
    <testcase time="0.00800000000000001" classname="Design_class" name="TDDesign_user_constructor_arguments_names_are_as_expected"/>
    <testcase time="0.00800000000000001" classname="Design_class" name=".DualResponsesSamplesDesign_works_as_expected"/>
    <testcase time="0.00199999999999978" classname="Design_class" name=".DualResponsesSamplesDesign_works_as_expected"/>
    <testcase time="0.0110000000000001" classname="Design_class" name=".DualResponsesSamplesDesign_works_as_expected"/>
    <testcase time="0.0510000000000002" classname="Design_class" name="DualResponsesSamplesDesign_object_can_be_created_with_user_constructor"/>
    <testcase time="0.00199999999999978" classname="Design_class" name="DualResponsesSamplesDesign_object_can_be_created_with_user_constructor"/>
    <testcase time="0.00700000000000056" classname="Design_class" name="DualResponsesSamplesDesign_object_can_be_created_with_user_constructor"/>
    <testcase time="0.00499999999999989" classname="Design_class" name="DualResponsesSamplesDesign_object_can_be_created_with_user_constructor"/>
    <testcase time="0.00499999999999989" classname="Design_class" name="DualResponsesSamplesDesign_object_can_be_created_with_user_constructor"/>
    <testcase time="0.00399999999999956" classname="Design_class" name="DualResponsesSamplesDesign_object_can_be_created_with_user_constructor"/>
    <testcase time="0.00399999999999956" classname="Design_class" name="DualResponsesSamplesDesign_object_can_be_created_with_user_constructor"/>
    <testcase time="0.00600000000000023" classname="Design_class" name="DualResponsesSamplesDesign_object_can_be_created_with_user_constructor"/>
    <testcase time="0.00499999999999989" classname="Design_class" name="DualResponsesSamplesDesign_object_can_be_created_with_user_constructor"/>
    <testcase time="0.00499999999999989" classname="Design_class" name="DualResponsesSamplesDesign_object_can_be_created_with_user_constructor"/>
    <testcase time="0.00500000000000078" classname="Design_class" name="DualResponsesSamplesDesign_object_can_be_created_with_user_constructor"/>
    <testcase time="0.00399999999999956" classname="Design_class" name="DualResponsesSamplesDesign_object_can_be_created_with_user_constructor"/>
    <testcase time="0.00800000000000001" classname="Design_class" name="DualResponsesSamplesDesign_user_constructor_arguments_names_are_as_expected"/>
    <testcase time="0.00800000000000001" classname="Design_class" name=".DualResponsesDesign_works_as_expected"/>
    <testcase time="0.00199999999999978" classname="Design_class" name=".DualResponsesDesign_works_as_expected"/>
    <testcase time="0.00800000000000001" classname="Design_class" name=".DualResponsesDesign_works_as_expected"/>
    <testcase time="0.048" classname="Design_class" name="DualResponsesDesign_object_can_be_created_with_user_constructor"/>
    <testcase time="0.00199999999999978" classname="Design_class" name="DualResponsesDesign_object_can_be_created_with_user_constructor"/>
    <testcase time="0.00600000000000023" classname="Design_class" name="DualResponsesDesign_object_can_be_created_with_user_constructor"/>
    <testcase time="0.00499999999999989" classname="Design_class" name="DualResponsesDesign_object_can_be_created_with_user_constructor"/>
    <testcase time="0.00499999999999989" classname="Design_class" name="DualResponsesDesign_object_can_be_created_with_user_constructor"/>
    <testcase time="0.00600000000000023" classname="Design_class" name="DualResponsesDesign_object_can_be_created_with_user_constructor"/>
    <testcase time="0.00499999999999989" classname="Design_class" name="DualResponsesDesign_object_can_be_created_with_user_constructor"/>
    <testcase time="0.00600000000000023" classname="Design_class" name="DualResponsesDesign_object_can_be_created_with_user_constructor"/>
    <testcase time="0.00499999999999989" classname="Design_class" name="DualResponsesDesign_object_can_be_created_with_user_constructor"/>
    <testcase time="0.00499999999999989" classname="Design_class" name="DualResponsesDesign_object_can_be_created_with_user_constructor"/>
    <testcase time="0.00499999999999989" classname="Design_class" name="DualResponsesDesign_object_can_be_created_with_user_constructor"/>
    <testcase time="0.00499999999999989" classname="Design_class" name="DualResponsesDesign_object_can_be_created_with_user_constructor"/>
    <testcase time="0.00700000000000056" classname="Design_class" name="DualResponsesDesign_user_constructor_arguments_names_are_as_expected"/>
    <testcase time="0.0109999999999992" classname="Design_class" name=".DADesign_works_as_expected"/>
    <testcase time="0.00200000000000067" classname="Design_class" name=".DADesign_works_as_expected"/>
    <testcase time="0.00800000000000001" classname="Design_class" name=".DADesign_works_as_expected"/>
    <testcase time="0.00499999999999989" classname="Design_class" name=".DADesign_works_as_expected"/>
    <testcase time="0.00999999999999979" classname="Design_class" name=".DADesign_works_as_expected"/>
    <testcase time="0.00499999999999989" classname="Design_class" name=".DADesign_works_as_expected"/>
    <testcase time="0.04" classname="Design_class" name="DADesign_constructor_works_as_expected"/>
    <testcase time="0.00199999999999978" classname="Design_class" name="DADesign_constructor_works_as_expected"/>
    <testcase time="0.00600000000000023" classname="Design_class" name="DADesign_constructor_works_as_expected"/>
    <testcase time="0.00499999999999989" classname="Design_class" name="DADesign_constructor_works_as_expected"/>
    <testcase time="0.00500000000000078" classname="Design_class" name="DADesign_constructor_works_as_expected"/>
    <testcase time="0.00599999999999934" classname="Design_class" name="DADesign_constructor_works_as_expected"/>
    <testcase time="0.00499999999999989" classname="Design_class" name="DADesign_constructor_works_as_expected"/>
    <testcase time="0.00500000000000078" classname="Design_class" name="DADesign_constructor_works_as_expected"/>
    <testcase time="0.00599999999999934" classname="Design_class" name="DADesign_constructor_works_as_expected"/>
    <testcase time="0.00499999999999989" classname="Design_class" name="DADesign_constructor_works_as_expected"/>
    <testcase time="0.00500000000000078" classname="Design_class" name="DADesign_constructor_works_as_expected"/>
    <testcase time="0.00499999999999989" classname="Design_class" name="DADesign_constructor_works_as_expected"/>
    <testcase time="0.00499999999999989" classname="Design_class" name="DADesign_constructor_works_as_expected"/>
    <testcase time="0.00800000000000001" classname="Design_class" name="DADesign_user_constructor_arguments_names_are_as_expected"/>
  </testsuite>
  <testsuite name="Design-methods" timestamp="2023-06-30T13:55:56Z" hostname="e5713d1084eb" tests="13" skipped="2" failures="0" errors="0" time="2.558">
    <testcase time="0.848" classname="Design_methods" name="NextBestInfTheory_produces_consistent_results_for_empty_data"/>
    <testcase time="0.00499999999999989" classname="Design_methods" name="NextBestInfTheory_produces_consistent_results_for_empty_data"/>
    <testcase time="0.00999999999999979" classname="Design_methods" name="NextBestInfTheory_produces_consistent_results_for_empty_data"/>
    <testcase time="0.00499999999999989" classname="Design_methods" name="NextBestInfTheory_produces_consistent_results_for_empty_data"/>
    <testcase time="0.00400000000000045" classname="Design_methods" name="NextBestInfTheory_produces_consistent_results_for_empty_data"/>
    <testcase time="0.0250000000000004" classname="Design_methods" name="NextBestInfTheory_produces_consistent_results_for_empty_data">
      <skipped message="Reason: On CRAN ('test-Design-methods.R:48:3')"/>
    </testcase>
    <testcase time="0.247" classname="Design_methods" name="NextBestInfTheory_produces_consistent_results_with_a_dataset"/>
    <testcase time="0.00499999999999989" classname="Design_methods" name="NextBestInfTheory_produces_consistent_results_with_a_dataset"/>
    <testcase time="0.00399999999999956" classname="Design_methods" name="NextBestInfTheory_produces_consistent_results_with_a_dataset"/>
    <testcase time="0.00400000000000045" classname="Design_methods" name="NextBestInfTheory_produces_consistent_results_with_a_dataset"/>
    <testcase time="0.00499999999999989" classname="Design_methods" name="NextBestInfTheory_produces_consistent_results_with_a_dataset"/>
    <testcase time="0.00699999999999967" classname="Design_methods" name="NextBestInfTheory_produces_consistent_results_with_a_dataset">
      <skipped message="Reason: On CRAN ('test-Design-methods.R:93:3')"/>
    </testcase>
    <testcase time="1.389" classname="Design_methods" name="stopReasons_can_be_NA_with_certain_stopping_rule_settings"/>
  </testsuite>
  <testsuite name="Design-validity" timestamp="2023-06-30T13:55:58Z" hostname="e5713d1084eb" tests="10" skipped="0" failures="0" errors="0" time="0.072">
    <testcase time="0.0169999999999995" classname="Design_validity" name="v_rule_design_passes_for_valid_object"/>
    <testcase time="0.0120000000000005" classname="Design_validity" name="v_rule_design_returns_message_when_startingDose_is_not_a_valid_scalar"/>
    <testcase time="0.00499999999999901" classname="Design_validity" name="v_rule_design_returns_message_when_startingDose_is_not_a_valid_scalar"/>
    <testcase time="0.00399999999999956" classname="Design_validity" name="v_rule_design_returns_message_when_startingDose_is_not_a_valid_scalar"/>
    <testcase time="0.00500000000000078" classname="Design_validity" name="v_rule_design_returns_message_when_startingDose_is_not_a_valid_scalar"/>
    <testcase time="0.00399999999999956" classname="Design_validity" name="v_rule_design_returns_message_when_startingDose_is_not_a_valid_scalar"/>
    <testcase time="0.00399999999999956" classname="Design_validity" name="v_rule_design_returns_message_when_startingDose_is_not_a_valid_scalar"/>
    <testcase time="0.0129999999999999" classname="Design_validity" name="v_rule_design_returns_message_when_startingDose_is_not_on_doseGrid"/>
    <testcase time="0.00400000000000134" classname="Design_validity" name="v_rule_design_returns_message_when_startingDose_is_not_on_doseGrid"/>
    <testcase time="0.00399999999999956" classname="Design_validity" name="v_rule_design_returns_message_when_startingDose_is_not_on_doseGrid"/>
  </testsuite>
  <testsuite name="McmcOptions-class" timestamp="2023-06-30T13:55:58Z" hostname="e5713d1084eb" tests="15" skipped="0" failures="0" errors="0" time="0.08">
    <testcase time="0.00999999999999979" classname="McmcOptions_class" name=".McmcOptions_works_as_expected"/>
    <testcase time="0.000999999999999446" classname="McmcOptions_class" name=".McmcOptions_works_as_expected"/>
    <testcase time="0.0100000000000016" classname="McmcOptions_class" name=".McmcOptions_works_as_expected"/>
    <testcase time="0.00999999999999979" classname="McmcOptions_class" name=".McmcOptions_works_as_expected_with_custom_values"/>
    <testcase time="0.00199999999999889" classname="McmcOptions_class" name=".McmcOptions_works_as_expected_with_custom_values"/>
    <testcase time="0.00400000000000134" classname="McmcOptions_class" name=".McmcOptions_works_as_expected_with_custom_values"/>
    <testcase time="0.00799999999999912" classname="McmcOptions_class" name="McmcOptions_object_can_be_created_with_user_constructor"/>
    <testcase time="0.00200000000000067" classname="McmcOptions_class" name="McmcOptions_object_can_be_created_with_user_constructor"/>
    <testcase time="0.00399999999999956" classname="McmcOptions_class" name="McmcOptions_object_can_be_created_with_user_constructor"/>
    <testcase time="0.00900000000000034" classname="McmcOptions_class" name="McmcOptions_object_can_be_created_with_custom_values"/>
    <testcase time="0.000999999999999446" classname="McmcOptions_class" name="McmcOptions_object_can_be_created_with_custom_values"/>
    <testcase time="0.00500000000000078" classname="McmcOptions_class" name="McmcOptions_object_can_be_created_with_custom_values"/>
    <testcase time="0.00799999999999912" classname="McmcOptions_class" name="McmcOptions_object_can_be_created_with_custom_RNG_and_NA_values"/>
    <testcase time="0.00200000000000067" classname="McmcOptions_class" name="McmcOptions_object_can_be_created_with_custom_RNG_and_NA_values"/>
    <testcase time="0.00399999999999956" classname="McmcOptions_class" name="McmcOptions_object_can_be_created_with_custom_RNG_and_NA_values"/>
  </testsuite>
  <testsuite name="McmcOptions-methods" timestamp="2023-06-30T13:55:58Z" hostname="e5713d1084eb" tests="3" skipped="0" failures="0" errors="0" time="0.033">
    <testcase time="0.0139999999999993" classname="McmcOptions_methods" name="Number_of_samples_is_correctly_computed"/>
    <testcase time="0.00999999999999979" classname="McmcOptions_methods" name="Sample_should_be_saved_as_expected_for_a_given_iteration_number"/>
    <testcase time="0.00900000000000034" classname="McmcOptions_methods" name="Sample_should_not_be_saved_for_a_given_iteration_number"/>
  </testsuite>
  <testsuite name="McmcOptions-validity" timestamp="2023-06-30T13:55:58Z" hostname="e5713d1084eb" tests="4" skipped="0" failures="0" errors="0" time="0.054">
    <testcase time="0.0140000000000011" classname="McmcOptions_validity" name="v_mcmc_options_passes_for_valid_object"/>
    <testcase time="0.0109999999999992" classname="McmcOptions_validity" name="v_mcmc_options_returns_error_messages_for_non_valid_object"/>
    <testcase time="0.016" classname="McmcOptions_validity" name="v_mcmc_options_returns_error_messages_non_valid_RNG_spec"/>
    <testcase time="0.0129999999999999" classname="McmcOptions_validity" name="v_mcmc_options_returns_error_message_for_wrong_step"/>
  </testsuite>
  <testsuite name="Model-class" timestamp="2023-06-30T13:55:58Z" hostname="e5713d1084eb" tests="210" skipped="58" failures="0" errors="0" time="6.853">
    <testcase time="0.0259999999999998" classname="Model_class" name=".GeneralModel_works_as_expected"/>
    <testcase time="0.000999999999999446" classname="Model_class" name=".GeneralModel_works_as_expected"/>
    <testcase time="0.00500000000000078" classname="Model_class" name=".GeneralModel_works_as_expected"/>
    <testcase time="0.0120000000000005" classname="Model_class" name=".ModelLogNormal_works_as_expected"/>
    <testcase time="0.000999999999999446" classname="Model_class" name=".ModelLogNormal_works_as_expected"/>
    <testcase time="0.00500000000000078" classname="Model_class" name=".ModelLogNormal_works_as_expected"/>
    <testcase time="0.0119999999999987" classname="Model_class" name="ModelLogNormal_object_can_be_created_with_user_constructor"/>
    <testcase time="0.00100000000000122" classname="Model_class" name="ModelLogNormal_object_can_be_created_with_user_constructor"/>
    <testcase time="0.00499999999999901" classname="Model_class" name="ModelLogNormal_object_can_be_created_with_user_constructor"/>
    <testcase time="0.0150000000000006" classname="Model_class" name="LogisticNormal_object_can_be_created_with_user_constructor"/>
    <testcase time="0.000999999999999446" classname="Model_class" name="LogisticNormal_object_can_be_created_with_user_constructor"/>
    <testcase time="0.00500000000000078" classname="Model_class" name="LogisticNormal_object_can_be_created_with_user_constructor"/>
    <testcase time="0.148" classname="Model_class" name=".DefaultLogisticNormal_works_as_expected"/>
    <testcase time="0.0400000000000009" classname="Model_class" name="MCMC_computes_correct_values_for_LogisticNormal_model">
      <skipped message="Reason: On CRAN ('test-Model-class.R:87:3')"/>
    </testcase>
    <testcase time="0.0479999999999983" classname="Model_class" name="MCMC_computes_correct_values_for_LogisticNormal_model_and_empty_data">
      <skipped message="Reason: On CRAN ('test-Model-class.R:96:3')"/>
    </testcase>
    <testcase time="0.0220000000000002" classname="Model_class" name="LogisticLogNormal_object_can_be_created_with_user_constructor"/>
    <testcase time="0.00100000000000122" classname="Model_class" name="LogisticLogNormal_object_can_be_created_with_user_constructor"/>
    <testcase time="0.00499999999999901" classname="Model_class" name="LogisticLogNormal_object_can_be_created_with_user_constructor"/>
    <testcase time="0.0470000000000006" classname="Model_class" name=".DefaultLogisticLogNormal_works_as_expected"/>
    <testcase time="0.036999999999999" classname="Model_class" name="MCMC_computes_correct_values_for_LogisticLogNormal_model">
      <skipped message="Reason: On CRAN ('test-Model-class.R:133:3')"/>
    </testcase>
    <testcase time="0.0370000000000008" classname="Model_class" name="MCMC_computes_correct_values_for_LogisticLogNormal_model_and_empty_data">
      <skipped message="Reason: On CRAN ('test-Model-class.R:142:3')"/>
    </testcase>
    <testcase time="0.0259999999999998" classname="Model_class" name="LogisticLogNormalSub_object_can_be_created_with_user_constructor"/>
    <testcase time="0.000999999999999446" classname="Model_class" name="LogisticLogNormalSub_object_can_be_created_with_user_constructor"/>
    <testcase time="0.00900000000000034" classname="Model_class" name="LogisticLogNormalSub_object_can_be_created_with_user_constructor"/>
    <testcase time="0.027000000000001" classname="Model_class" name=".DefaultLogisticLogNormalSub_works_correctly"/>
    <testcase time="0.0350000000000001" classname="Model_class" name="MCMC_computes_correct_values_for_LogisticLogNormalSub_model">
      <skipped message="Reason: On CRAN ('test-Model-class.R:179:3')"/>
    </testcase>
    <testcase time="0.0399999999999991" classname="Model_class" name="MCMC_computes_correct_values_for_LogisticLogNormalSub_model_and_empty_data">
      <skipped message="Reason: On CRAN ('test-Model-class.R:188:3')"/>
    </testcase>
    <testcase time="0.0229999999999997" classname="Model_class" name="ProbitLogNormal_object_can_be_created_with_user_constructor"/>
    <testcase time="0.00200000000000067" classname="Model_class" name="ProbitLogNormal_object_can_be_created_with_user_constructor"/>
    <testcase time="0.00900000000000034" classname="Model_class" name="ProbitLogNormal_object_can_be_created_with_user_constructor"/>
    <testcase time="0.0489999999999995" classname="Model_class" name=".DefaultProbitLogNormal_works_correctly"/>
    <testcase time="0.0380000000000003" classname="Model_class" name="MCMC_computes_correct_values_for_ProbitLogNormal_model">
      <skipped message="Reason: On CRAN ('test-Model-class.R:225:3')"/>
    </testcase>
    <testcase time="0.0359999999999996" classname="Model_class" name="MCMC_computes_correct_values_for_ProbitLogNormal_model_and_empty_data">
      <skipped message="Reason: On CRAN ('test-Model-class.R:234:3')"/>
    </testcase>
    <testcase time="0.0269999999999992" classname="Model_class" name="ProbitLogNormalRel_object_can_be_created_with_user_constructor"/>
    <testcase time="0.00200000000000067" classname="Model_class" name="ProbitLogNormalRel_object_can_be_created_with_user_constructor"/>
    <testcase time="0.00999999999999979" classname="Model_class" name="ProbitLogNormalRel_object_can_be_created_with_user_constructor"/>
    <testcase time="0.0449999999999999" classname="Model_class" name=".DefaultProbitLogNormalRel_works_correctly"/>
    <testcase time="0.043000000000001" classname="Model_class" name="MCMC_computes_correct_values_for_ProbitLogNormalRel_model">
      <skipped message="Reason: On CRAN ('test-Model-class.R:270:3')"/>
    </testcase>
    <testcase time="0.0359999999999996" classname="Model_class" name="MCMC_computes_correct_values_for_ProbitLogNormalRel_model_and_empty_data">
      <skipped message="Reason: On CRAN ('test-Model-class.R:279:3')"/>
    </testcase>
    <testcase time="0.0179999999999989" classname="Model_class" name="LogisticKadane_object_can_be_created_with_user_constructor"/>
    <testcase time="0.00200000000000067" classname="Model_class" name="LogisticKadane_object_can_be_created_with_user_constructor"/>
    <testcase time="0.00900000000000034" classname="Model_class" name="LogisticKadane_object_can_be_created_with_user_constructor"/>
    <testcase time="0.0310000000000006" classname="Model_class" name=".DefaultLogisticKadane_works_correctly"/>
    <testcase time="0.0350000000000001" classname="Model_class" name="MCMC_computes_correct_values_for_LogisticKadane_model">
      <skipped message="Reason: On CRAN ('test-Model-class.R:312:3')"/>
    </testcase>
    <testcase time="0.0319999999999983" classname="Model_class" name="MCMC_computes_correct_values_for_LogisticKadane_model_and_empty_data">
      <skipped message="Reason: On CRAN ('test-Model-class.R:321:3')"/>
    </testcase>
    <testcase time="0.0280000000000005" classname="Model_class" name="LogisticKadaneBetaGamma_object_can_be_created_with_user_constructor"/>
    <testcase time="0.00200000000000067" classname="Model_class" name="LogisticKadaneBetaGamma_object_can_be_created_with_user_constructor"/>
    <testcase time="0.0169999999999995" classname="Model_class" name="LogisticKadaneBetaGamma_object_can_be_created_with_user_constructor"/>
    <testcase time="0.0460000000000012" classname="Model_class" name=".DefaultLogisticKadaneBetaGamma_works_correctly"/>
    <testcase time="0.0379999999999985" classname="Model_class" name="MCMC_computes_correct_values_for_LogisticKadaneBetaGamma_model">
      <skipped message="Reason: On CRAN ('test-Model-class.R:366:3')"/>
    </testcase>
    <testcase time="0.0350000000000001" classname="Model_class" name="MCMC_computes_correct_values_for_LogisticKadaneBetaGamma_model_and_empty_data">
      <skipped message="Reason: On CRAN ('test-Model-class.R:375:3')"/>
    </testcase>
    <testcase time="0.0240000000000009" classname="Model_class" name="LogisticNormalMixture_object_can_be_created_with_user_constructor"/>
    <testcase time="0.00199999999999889" classname="Model_class" name="LogisticNormalMixture_object_can_be_created_with_user_constructor"/>
    <testcase time="0.0150000000000006" classname="Model_class" name="LogisticNormalMixture_object_can_be_created_with_user_constructor"/>
    <testcase time="0.0340000000000007" classname="Model_class" name=".DefaultLogisticNormalMixture_works_correctly"/>
    <testcase time="0.0449999999999999" classname="Model_class" name="MCMC_computes_correct_values_for_LogisticNormalMixture_model">
      <skipped message="Reason: On CRAN ('test-Model-class.R:420:3')"/>
    </testcase>
    <testcase time="0.183999999999999" classname="Model_class" name="MCMC_computes_correct_values_for_LogisticNormalMixture_model_and_empty_data">
      <skipped message="Reason: On CRAN ('test-Model-class.R:429:3')"/>
    </testcase>
    <testcase time="0.0280000000000005" classname="Model_class" name="LogisticNormalFixedMixture_object_can_be_created_with_user_constructor"/>
    <testcase time="0.00199999999999889" classname="Model_class" name="LogisticNormalFixedMixture_object_can_be_created_with_user_constructor"/>
    <testcase time="0.0120000000000005" classname="Model_class" name="LogisticNormalFixedMixture_object_can_be_created_with_user_constructor"/>
    <testcase time="0.0410000000000004" classname="Model_class" name=".DefaultLogisticNormalFixedMixture_works_as_expected"/>
    <testcase time="0.0749999999999993" classname="Model_class" name="MCMC_computes_correct_values_for_LogisticNormalFixedMixture_model">
      <skipped message="Reason: On CRAN ('test-Model-class.R:486:3')"/>
    </testcase>
    <testcase time="0.0700000000000003" classname="Model_class" name="MCMC_computes_correct_values_for_LogisticNormalFixedMixture_model_and_empty_data">
      <skipped message="Reason: On CRAN ('test-Model-class.R:498:3')"/>
    </testcase>
    <testcase time="0.0220000000000002" classname="Model_class" name="LogisticLogNormalMixture_object_can_be_created_with_user_constructor"/>
    <testcase time="0.00200000000000067" classname="Model_class" name="LogisticLogNormalMixture_object_can_be_created_with_user_constructor"/>
    <testcase time="0.0129999999999999" classname="Model_class" name="LogisticLogNormalMixture_object_can_be_created_with_user_constructor"/>
    <testcase time="0.0289999999999999" classname="Model_class" name=".DefaultLogisticLogNormalMixture_works_as_expected"/>
    <testcase time="0.0429999999999993" classname="Model_class" name="MCMC_computes_correct_values_for_LogisticLogNormalMixture_model">
      <skipped message="Reason: On CRAN ('test-Model-class.R:539:3')"/>
    </testcase>
    <testcase time="0.0389999999999997" classname="Model_class" name="MCMC_computes_correct_values_for_LogisticLogNormalMixture_model_and_empty_data">
      <skipped message="Reason: On CRAN ('test-Model-class.R:548:3')"/>
    </testcase>
    <testcase time="0.0210000000000008" classname="Model_class" name="DualEndpoint_object_can_be_created_with_user_constructor_fixed_params_"/>
    <testcase time="0.00200000000000067" classname="Model_class" name="DualEndpoint_object_can_be_created_with_user_constructor_fixed_params_"/>
    <testcase time="0.00600000000000023" classname="Model_class" name="DualEndpoint_object_can_be_created_with_user_constructor_fixed_params_"/>
    <testcase time="0.0159999999999982" classname="Model_class" name="DualEndpoint_object_can_be_created_with_user_constructor"/>
    <testcase time="0.00200000000000067" classname="Model_class" name="DualEndpoint_object_can_be_created_with_user_constructor"/>
    <testcase time="0.00600000000000023" classname="Model_class" name="DualEndpoint_object_can_be_created_with_user_constructor"/>
    <testcase time="0.0210000000000008" classname="Model_class" name="DualEndpointRW_object_can_be_created_with_user_constructor_fixed_params_"/>
    <testcase time="0.00199999999999889" classname="Model_class" name="DualEndpointRW_object_can_be_created_with_user_constructor_fixed_params_"/>
    <testcase time="0.00600000000000023" classname="Model_class" name="DualEndpointRW_object_can_be_created_with_user_constructor_fixed_params_"/>
    <testcase time="0.0190000000000001" classname="Model_class" name="DualEndpointRW_object_can_be_created_with_user_constructor"/>
    <testcase time="0.00200000000000067" classname="Model_class" name="DualEndpointRW_object_can_be_created_with_user_constructor"/>
    <testcase time="0.00699999999999967" classname="Model_class" name="DualEndpointRW_object_can_be_created_with_user_constructor"/>
    <testcase time="0.0609999999999999" classname="Model_class" name=".DefaultDualEndpointRW_works_correctly"/>
    <testcase time="0.0809999999999995" classname="Model_class" name="MCMC_computes_correct_values_for_DualEndpointRW_model_fixed_params_">
      <skipped message="Reason: On CRAN ('test-Model-class.R:603:3')"/>
    </testcase>
    <testcase time="0.0890000000000004" classname="Model_class" name="MCMC_computes_correct_values_for_DualEndpointRW_model">
      <skipped message="Reason: On CRAN ('test-Model-class.R:615:3')"/>
    </testcase>
    <testcase time="0.0850000000000009" classname="Model_class" name="MCMC_computes_correct_values_for_DualEndpointRW_model_with_RW2">
      <skipped message="Reason: On CRAN ('test-Model-class.R:627:3')"/>
    </testcase>
    <testcase time="0.0969999999999995" classname="Model_class" name="MCMC_computes_correct_values_for_DualEndpointRW_model_fixed_params_with_RW2">
      <skipped message="Reason: On CRAN ('test-Model-class.R:639:3')"/>
    </testcase>
    <testcase time="0.0670000000000002" classname="Model_class" name="MCMC_computes_correct_values_for_DualEndpointRW_model_fixed_params_empty_data_">
      <skipped message="Reason: On CRAN ('test-Model-class.R:651:3')"/>
    </testcase>
    <testcase time="0.0709999999999997" classname="Model_class" name="MCMC_computes_correct_values_for_DualEndpointRW_model_empty_data_">
      <skipped message="Reason: On CRAN ('test-Model-class.R:663:3')"/>
    </testcase>
    <testcase time="0.0749999999999993" classname="Model_class" name="MCMC_computes_correct_values_for_DualEndpointRW_model_with_RW2_empty_data_">
      <skipped message="Reason: On CRAN ('test-Model-class.R:675:3')"/>
    </testcase>
    <testcase time="0.0739999999999998" classname="Model_class" name="MCMC_computes_correct_values_for_DualEndpointRW_model_fixed_params_empty_data_with_RW2">
      <skipped message="Reason: On CRAN ('test-Model-class.R:687:3')"/>
    </testcase>
    <testcase time="0.0370000000000008" classname="Model_class" name="MCMC_throws_the_error_for_DualEndpointRW_model_when_nGrid_1_for_RW_1"/>
    <testcase time="0.0280000000000005" classname="Model_class" name="MCMC_throws_the_error_for_DualEndpointRW_model_when_nGrid_2_for_RW_2"/>
    <testcase time="0.0109999999999992" classname="Model_class" name="MCMC_throws_the_error_for_DualEndpointRW_model_when_nGrid_2_for_RW_2"/>
    <testcase time="0.0220000000000002" classname="Model_class" name="DualEndpointBeta_object_can_be_created_with_user_constructor_fixed_params_"/>
    <testcase time="0.00300000000000011" classname="Model_class" name="DualEndpointBeta_object_can_be_created_with_user_constructor_fixed_params_"/>
    <testcase time="0.016" classname="Model_class" name="DualEndpointBeta_object_can_be_created_with_user_constructor_fixed_params_"/>
    <testcase time="0.0229999999999997" classname="Model_class" name="DualEndpointBeta_object_can_be_created_with_user_constructor"/>
    <testcase time="0.00300000000000011" classname="Model_class" name="DualEndpointBeta_object_can_be_created_with_user_constructor"/>
    <testcase time="0.00699999999999967" classname="Model_class" name="DualEndpointBeta_object_can_be_created_with_user_constructor"/>
    <testcase time="0.140000000000001" classname="Model_class" name=".DefaultDualEndpointBeta_works_as_expected"/>
    <testcase time="0.0790000000000006" classname="Model_class" name="MCMC_computes_correct_values_for_DualEndpointBeta_model_with_fixed_parameters">
      <skipped message="Reason: On CRAN ('test-Model-class.R:770:3')"/>
    </testcase>
    <testcase time="0.093" classname="Model_class" name="MCMC_computes_correct_values_for_DualEndpointBeta_model">
      <skipped message="Reason: On CRAN ('test-Model-class.R:782:3')"/>
    </testcase>
    <testcase time="0.0510000000000002" classname="Model_class" name="MCMC_throws_the_error_for_DualEndpointBeta_model_when_ref_dose_beta_max_doseGrid_"/>
    <testcase time="0.0279999999999987" classname="Model_class" name="MCMC_throws_the_error_for_DualEndpointBeta_model_when_nGrid_0_"/>
    <testcase time="0.0609999999999999" classname="Model_class" name="MCMC_computes_correct_values_for_DualEndpointBeta_model_with_fixed_parameters_empty_data_">
      <skipped message="Reason: On CRAN ('test-Model-class.R:817:3')"/>
    </testcase>
    <testcase time="0.0760000000000005" classname="Model_class" name="MCMC_computes_correct_values_for_DualEndpointBeta_model_empty_data_">
      <skipped message="Reason: On CRAN ('test-Model-class.R:829:3')"/>
    </testcase>
    <testcase time="0.0350000000000001" classname="Model_class" name="DualEndpointEmax_object_can_be_created_with_user_constructor_fixed_params_"/>
    <testcase time="0.00200000000000067" classname="Model_class" name="DualEndpointEmax_object_can_be_created_with_user_constructor_fixed_params_"/>
    <testcase time="0.0169999999999995" classname="Model_class" name="DualEndpointEmax_object_can_be_created_with_user_constructor_fixed_params_"/>
    <testcase time="0.0250000000000004" classname="Model_class" name="DualEndpointEmax_object_can_be_created_with_user_constructor"/>
    <testcase time="0.00199999999999889" classname="Model_class" name="DualEndpointEmax_object_can_be_created_with_user_constructor"/>
    <testcase time="0.0080000000000009" classname="Model_class" name="DualEndpointEmax_object_can_be_created_with_user_constructor"/>
    <testcase time="0.121" classname="Model_class" name=".DefaultDualEndpointEmax_works_correctly"/>
    <testcase time="0.077" classname="Model_class" name="MCMC_computes_correct_values_for_DualEndpointEmax_model_with_fixed_parameters">
      <skipped message="Reason: On CRAN ('test-Model-class.R:873:3')"/>
    </testcase>
    <testcase time="0.093" classname="Model_class" name="MCMC_computes_correct_values_for_DualEndpointEmax_model">
      <skipped message="Reason: On CRAN ('test-Model-class.R:885:3')"/>
    </testcase>
    <testcase time="0.0729999999999986" classname="Model_class" name="MCMC_computes_correct_values_for_DualEndpointEmax_model_with_fixed_parameters_empty_data_">
      <skipped message="Reason: On CRAN ('test-Model-class.R:897:3')"/>
    </testcase>
    <testcase time="0.0750000000000011" classname="Model_class" name="MCMC_computes_correct_values_for_DualEndpointEmax_model_empty_data_">
      <skipped message="Reason: On CRAN ('test-Model-class.R:909:3')"/>
    </testcase>
    <testcase time="0.0380000000000003" classname="Model_class" name="MCMC_throws_the_error_for_DualEndpointEmax_model_when_nGrid_0_"/>
    <testcase time="0.0139999999999993" classname="Model_class" name="LogisticIndepBeta_object_can_be_created_with_user_constructor_empty_data_"/>
    <testcase time="0.00300000000000011" classname="Model_class" name="LogisticIndepBeta_object_can_be_created_with_user_constructor_empty_data_"/>
    <testcase time="0.00699999999999967" classname="Model_class" name="LogisticIndepBeta_object_can_be_created_with_user_constructor_empty_data_"/>
    <testcase time="0.0180000000000007" classname="Model_class" name="LogisticIndepBeta_object_can_be_created_with_user_constructor"/>
    <testcase time="0.00300000000000011" classname="Model_class" name="LogisticIndepBeta_object_can_be_created_with_user_constructor"/>
    <testcase time="0.00600000000000023" classname="Model_class" name="LogisticIndepBeta_object_can_be_created_with_user_constructor"/>
    <testcase time="0.0399999999999991" classname="Model_class" name="MCMC_computes_correct_values_for_LogisticIndepBeta_model">
      <skipped message="Reason: On CRAN ('test-Model-class.R:946:3')"/>
    </testcase>
    <testcase time="0.0340000000000007" classname="Model_class" name="MCMC_computes_correct_values_for_LogisticIndepBeta_model_empty_data_">
      <skipped message="Reason: On CRAN ('test-Model-class.R:955:3')"/>
    </testcase>
    <testcase time="0.0249999999999986" classname="Model_class" name="Effloglog_object_can_be_created_with_user_constructor_empty_data_"/>
    <testcase time="0.00300000000000011" classname="Model_class" name="Effloglog_object_can_be_created_with_user_constructor_empty_data_"/>
    <testcase time="0.0080000000000009" classname="Model_class" name="Effloglog_object_can_be_created_with_user_constructor_empty_data_"/>
    <testcase time="0.0220000000000002" classname="Model_class" name="Effloglog_object_can_be_created_with_user_constructor"/>
    <testcase time="0.00300000000000011" classname="Model_class" name="Effloglog_object_can_be_created_with_user_constructor"/>
    <testcase time="0.00799999999999912" classname="Model_class" name="Effloglog_object_can_be_created_with_user_constructor"/>
    <testcase time="0.0340000000000007" classname="Model_class" name="MCMC_computes_correct_values_for_Effloglog_model">
      <skipped message="Reason: On CRAN ('test-Model-class.R:980:3')"/>
    </testcase>
    <testcase time="0.0359999999999996" classname="Model_class" name="MCMC_computes_correct_values_for_Effloglog_model_empty_data_">
      <skipped message="Reason: On CRAN ('test-Model-class.R:989:3')"/>
    </testcase>
    <testcase time="0.0350000000000001" classname="Model_class" name="EffFlexi_object_can_be_created_with_user_constructor"/>
    <testcase time="0.00300000000000011" classname="Model_class" name="EffFlexi_object_can_be_created_with_user_constructor"/>
    <testcase time="0.00699999999999967" classname="Model_class" name="EffFlexi_object_can_be_created_with_user_constructor"/>
    <testcase time="0.0220000000000002" classname="Model_class" name="EffFlexi_object_can_be_created_with_user_constructor_RW2_"/>
    <testcase time="0.00300000000000011" classname="Model_class" name="EffFlexi_object_can_be_created_with_user_constructor_RW2_"/>
    <testcase time="0.00699999999999967" classname="Model_class" name="EffFlexi_object_can_be_created_with_user_constructor_RW2_"/>
    <testcase time="0.016" classname="Model_class" name="EffFlexi_object_can_be_created_with_user_constructor_empty_data_"/>
    <testcase time="0.00300000000000011" classname="Model_class" name="EffFlexi_object_can_be_created_with_user_constructor_empty_data_"/>
    <testcase time="0.00699999999999967" classname="Model_class" name="EffFlexi_object_can_be_created_with_user_constructor_empty_data_"/>
    <testcase time="0.016" classname="Model_class" name="EffFlexi_object_can_be_created_with_user_constructor_empty_data_RW2_"/>
    <testcase time="0.00300000000000011" classname="Model_class" name="EffFlexi_object_can_be_created_with_user_constructor_empty_data_RW2_"/>
    <testcase time="0.00699999999999967" classname="Model_class" name="EffFlexi_object_can_be_created_with_user_constructor_empty_data_RW2_"/>
    <testcase time="0.0440000000000005" classname="Model_class" name="MCMC_computes_correct_values_for_EffFlexi_model">
      <skipped message="Reason: On CRAN ('test-Model-class.R:1023:3')"/>
    </testcase>
    <testcase time="0.0559999999999992" classname="Model_class" name="MCMC_computes_correct_values_for_EffFlexi_model_RW2_">
      <skipped message="Reason: On CRAN ('test-Model-class.R:1031:3')"/>
    </testcase>
    <testcase time="0.0400000000000009" classname="Model_class" name="MCMC_computes_correct_values_for_EffFlexi_model_empty_data_">
      <skipped message="Reason: On CRAN ('test-Model-class.R:1039:3')"/>
    </testcase>
    <testcase time="0.0419999999999998" classname="Model_class" name="MCMC_computes_correct_values_for_EffFlexi_model_empty_data_RW2_">
      <skipped message="Reason: On CRAN ('test-Model-class.R:1047:3')"/>
    </testcase>
    <testcase time="0.0250000000000004" classname="Model_class" name="DALogisticLogNormal_object_can_be_created_with_user_constructor"/>
    <testcase time="0.00300000000000011" classname="Model_class" name="DALogisticLogNormal_object_can_be_created_with_user_constructor"/>
    <testcase time="0.00699999999999967" classname="Model_class" name="DALogisticLogNormal_object_can_be_created_with_user_constructor"/>
    <testcase time="0.0709999999999997" classname="Model_class" name=".DefaultDALogisticLogNormal_works_as_expected"/>
    <testcase time="0.0600000000000005" classname="Model_class" name="MCMC_computes_correct_values_for_DALogisticLogNormal_model">
      <skipped message="Reason: On CRAN ('test-Model-class.R:1097:3')"/>
    </testcase>
    <testcase time="0.0440000000000005" classname="Model_class" name="MCMC_computes_correct_values_for_DALogisticLogNormal_model_and_empty_data">
      <skipped message="Reason: On CRAN ('test-Model-class.R:1106:3')"/>
    </testcase>
    <testcase time="0.0249999999999986" classname="Model_class" name="TITELogisticLogNormal_object_can_be_created_with_user_constructor_linear_weight_"/>
    <testcase time="0.00300000000000011" classname="Model_class" name="TITELogisticLogNormal_object_can_be_created_with_user_constructor_linear_weight_"/>
    <testcase time="0.0140000000000011" classname="Model_class" name="TITELogisticLogNormal_object_can_be_created_with_user_constructor_linear_weight_"/>
    <testcase time="0.0179999999999989" classname="Model_class" name="TITELogisticLogNormal_object_can_be_created_with_user_constructor_adaptive_weight_"/>
    <testcase time="0.00300000000000011" classname="Model_class" name="TITELogisticLogNormal_object_can_be_created_with_user_constructor_adaptive_weight_"/>
    <testcase time="0.0120000000000005" classname="Model_class" name="TITELogisticLogNormal_object_can_be_created_with_user_constructor_adaptive_weight_"/>
    <testcase time="0.0600000000000005" classname="Model_class" name=".DefaultTITELogisticLogNormal_object_can_be_created_with_user_constructor_linear_weight_"/>
    <testcase time="0.048" classname="Model_class" name="MCMC_computes_correct_values_for_TITELogisticLogNormal_model_linear_">
      <skipped message="Reason: On CRAN ('test-Model-class.R:1143:3')"/>
    </testcase>
    <testcase time="0.0589999999999993" classname="Model_class" name="MCMC_computes_correct_values_for_TITELogisticLogNormal_model_linear_data_2_">
      <skipped message="Reason: On CRAN ('test-Model-class.R:1152:3')"/>
    </testcase>
    <testcase time="0.0449999999999999" classname="Model_class" name="MCMC_computes_correct_values_for_TITELogisticLogNormal_model_linear_empty_data_">
      <skipped message="Reason: On CRAN ('test-Model-class.R:1161:3')"/>
    </testcase>
    <testcase time="0.0510000000000002" classname="Model_class" name="MCMC_computes_correct_values_for_TITELogisticLogNormal_model_adaptive_">
      <skipped message="Reason: On CRAN ('test-Model-class.R:1170:3')"/>
    </testcase>
    <testcase time="0.0619999999999994" classname="Model_class" name="MCMC_computes_correct_values_for_TITELogisticLogNormal_model_adaptive_data_2_">
      <skipped message="Reason: On CRAN ('test-Model-class.R:1179:3')"/>
    </testcase>
    <testcase time="0.0410000000000004" classname="Model_class" name="MCMC_computes_correct_values_for_TITELogisticLogNormal_model_adaptive_empty_data_">
      <skipped message="Reason: On CRAN ('test-Model-class.R:1188:3')"/>
    </testcase>
    <testcase time="0.0250000000000004" classname="Model_class" name="OneParLogNormalPrior_object_can_be_created_with_user_constructor"/>
    <testcase time="0.00399999999999956" classname="Model_class" name="OneParLogNormalPrior_object_can_be_created_with_user_constructor"/>
    <testcase time="0.0150000000000006" classname="Model_class" name="OneParLogNormalPrior_object_can_be_created_with_user_constructor"/>
    <testcase time="0.00600000000000023" classname="Model_class" name="OneParLogNormalPrior_object_can_be_created_with_user_constructor"/>
    <testcase time="0.00600000000000023" classname="Model_class" name="OneParLogNormalPrior_object_can_be_created_with_user_constructor"/>
    <testcase time="0.00600000000000023" classname="Model_class" name="OneParLogNormalPrior_object_can_be_created_with_user_constructor"/>
    <testcase time="0.00499999999999901" classname="Model_class" name="OneParLogNormalPrior_object_can_be_created_with_user_constructor"/>
    <testcase time="0.0129999999999999" classname="Model_class" name="OneParLogNormalPrior_throws_the_error_when_dose_grid_and_skel_probs_have_diff._lengths"/>
    <testcase time="0.0129999999999999" classname="Model_class" name="OneParLogNormalPrior_throws_the_error_for_not_unique_or_not_sorted_dose_grid"/>
    <testcase time="0.00900000000000034" classname="Model_class" name="OneParLogNormalPrior_throws_the_error_for_not_unique_or_not_sorted_dose_grid"/>
    <testcase time="0.0129999999999999" classname="Model_class" name="OneParLogNormalPrior_throws_the_error_for_not_a_probability_values_in_skel_probs"/>
    <testcase time="0.0129999999999999" classname="Model_class" name="OneParLogNormalPrior_throws_the_error_for_not_unique_or_not_sorted_skel_probs"/>
    <testcase time="0.0080000000000009" classname="Model_class" name="OneParLogNormalPrior_throws_the_error_for_not_unique_or_not_sorted_skel_probs"/>
    <testcase time="0.0359999999999996" classname="Model_class" name="MCMC_computes_correct_values_for_OneParLogNormalPrior_model">
      <skipped message="Reason: On CRAN ('test-Model-class.R:1278:3')"/>
    </testcase>
    <testcase time="0.0339999999999989" classname="Model_class" name="MCMC_computes_correct_values_for_OneParLogNormalPrior_model_and_empty_data">
      <skipped message="Reason: On CRAN ('test-Model-class.R:1287:3')"/>
    </testcase>
    <testcase time="0.0370000000000008" classname="Model_class" name="MCMC_throws_the_error_for_OneParLogNormalPrior_model_when_xLevel_does_not_match_skel_probs_"/>
    <testcase time="0.0150000000000006" classname="Model_class" name="No_NA_is_returned_in_dose_calculations_for_OneParLogNormalPrior_model"/>
    <testcase time="0.0120000000000005" classname="Model_class" name="OneParExpPrior_object_can_be_created_with_user_constructor"/>
    <testcase time="0.00300000000000011" classname="Model_class" name="OneParExpPrior_object_can_be_created_with_user_constructor"/>
    <testcase time="0.0109999999999992" classname="Model_class" name="OneParExpPrior_object_can_be_created_with_user_constructor"/>
    <testcase time="0.00600000000000023" classname="Model_class" name="OneParExpPrior_object_can_be_created_with_user_constructor"/>
    <testcase time="0.00600000000000023" classname="Model_class" name="OneParExpPrior_object_can_be_created_with_user_constructor"/>
    <testcase time="0.00600000000000023" classname="Model_class" name="OneParExpPrior_object_can_be_created_with_user_constructor"/>
    <testcase time="0.00600000000000023" classname="Model_class" name="OneParExpPrior_object_can_be_created_with_user_constructor"/>
    <testcase time="0.0139999999999993" classname="Model_class" name="OneParExpPrior_throws_the_error_when_dose_grid_and_skel_probs_have_diff._lengths"/>
    <testcase time="0.0129999999999999" classname="Model_class" name="OneParExpPrior_throws_the_error_for_not_unique_or_not_sorted_dose_grid"/>
    <testcase time="0.00799999999999912" classname="Model_class" name="OneParExpPrior_throws_the_error_for_not_unique_or_not_sorted_dose_grid"/>
    <testcase time="0.0130000000000017" classname="Model_class" name="OneParExpPrior_throws_the_error_for_not_a_probability_values_in_skel_probs"/>
    <testcase time="0.0139999999999993" classname="Model_class" name="OneParExpPrior_throws_the_error_for_not_unique_or_not_sorted_skel_probs"/>
    <testcase time="0.00799999999999912" classname="Model_class" name="OneParExpPrior_throws_the_error_for_not_unique_or_not_sorted_skel_probs"/>
    <testcase time="0.0390000000000015" classname="Model_class" name="MCMC_computes_correct_values_for_OneParExpPrior_model">
      <skipped message="Reason: On CRAN ('test-Model-class.R:1396:3')"/>
    </testcase>
    <testcase time="0.0339999999999989" classname="Model_class" name="MCMC_computes_correct_values_for_OneParExpPrior_model_and_empty_data">
      <skipped message="Reason: On CRAN ('test-Model-class.R:1405:3')"/>
    </testcase>
    <testcase time="0.0329999999999995" classname="Model_class" name="MCMC_throws_the_error_for_OneParExpPrior_model_when_xLevel_does_not_match_skel_probs_"/>
    <testcase time="0.016" classname="Model_class" name="No_NA_is_returned_in_dose_calculations_for_OneParExpPrior_model"/>
    <testcase time="0.016" classname="Model_class" name="FractionalCRM_object_can_be_created_with_user_constructor"/>
    <testcase time="0.00300000000000011" classname="Model_class" name="FractionalCRM_object_can_be_created_with_user_constructor"/>
    <testcase time="0.0129999999999999" classname="Model_class" name="FractionalCRM_object_can_be_created_with_user_constructor"/>
    <testcase time="0.0700000000000003" classname="Model_class" name=".DefaultFractionalCRM_works_correctly"/>
    <testcase time="0.724" classname="Model_class" name="MCMC_computes_correct_values_for_FractionalCRM_model">
      <skipped message="Reason: On CRAN ('test-Model-class.R:1461:3')"/>
    </testcase>
    <testcase time="0.109" classname="Model_class" name="MCMC_computes_correct_values_for_FractionalCRM_model_and_empty_data">
      <skipped message="Reason: On CRAN ('test-Model-class.R:1470:3')"/>
    </testcase>
    <testcase time="0.233000000000001" classname="Model_class" name="MCMC_throws_the_error_for_FractionalCRM_model_when_xLevel_does_not_match_skel_probs_"/>
  </testsuite>
  <testsuite name="Model-methods" timestamp="2023-06-30T13:56:05Z" hostname="e5713d1084eb" tests="272" skipped="2" failures="0" errors="0" time="4.189">
    <testcase time="0.0350000000000001" classname="Model_methods" name="doseFunction_GeneralModel_returns_correct_dose_function"/>
    <testcase time="0.000999999999999446" classname="Model_methods" name="doseFunction_GeneralModel_returns_correct_dose_function"/>
    <testcase time="0.00399999999999956" classname="Model_methods" name="doseFunction_GeneralModel_returns_correct_dose_function"/>
[...]
    <testcase time="0.0229999999999961" classname="helpers_jags" name="h_jags_get_model_inits_works_as_expected_when_no_params_to_init"/>
    <testcase time="0.0240000000000009" classname="helpers_jags" name="h_jags_get_model_inits_works_as_expected_with_params_to_init"/>
    <testcase time="0.0260000000000105" classname="helpers_jags" name="h_jags_get_model_inits_throws_the_error_when_init_does_not_return_list"/>
    <testcase time="0.0240000000000009" classname="helpers_jags" name="h_jags_get_model_inits_truncates_zero_length_elements"/>
    <testcase time="0.0240000000000009" classname="helpers_jags" name="h_jags_get_data_works_as_expected"/>
    <testcase time="0.00300000000000011" classname="helpers_jags" name="h_jags_get_data_works_as_expected"/>
    <testcase time="0.0249999999999915" classname="helpers_jags" name="h_jags_get_data_works_as_expected_datanames_and_datanames_prior_redundant_"/>
    <testcase time="0.0370000000000061" classname="helpers_jags" name="h_jags_get_data_works_as_expected_from_prior_"/>
    <testcase time="0.0240000000000009" classname="helpers_jags" name="h_jags_get_data_works_as_expected_from_prior_and_datanames_prior_"/>
    <testcase time="0.0229999999999961" classname="helpers_jags" name="h_jags_get_data_works_with_arguments_to_modelspecs"/>
    <testcase time="0.0249999999999915" classname="helpers_jags" name="h_jags_get_data_throws_the_error_when_modelspecs_does_not_return_list"/>
    <testcase time="0.0230000000000103" classname="helpers_jags" name="h_jags_get_data_removes_ref_dose_from_modelspecs_when_sample_from_from_prior_only"/>
    <testcase time="0.00900000000000034" classname="helpers_jags" name="h_jags_join_models_works_as_expected"/>
    <testcase time="0.00900000000000034" classname="helpers_jags" name="h_jags_join_models_works_as_expected_for_empty_model2"/>
    <testcase time="0.0109999999999957" classname="helpers_jags" name="h_jags_join_models_throws_the_error_for_non_braced_expression"/>
    <testcase time="0.0139999999999958" classname="helpers_jags" name="h_jags_write_model_works_as_expected">
      <skipped message="Reason: On CRAN ('test-helpers_jags.R:243:3')"/>
    </testcase>
    <testcase time="0.0240000000000009" classname="helpers_jags" name="h_jags_write_model_works_as_expected_for_truncation">
      <skipped message="Reason: On CRAN ('test-helpers_jags.R:255:3')"/>
    </testcase>
    <testcase time="0.0180000000000007" classname="helpers_jags" name="h_jags_extract_samples_works_as_expected_for_vector"/>
    <testcase time="0.00900000000000034" classname="helpers_jags" name="h_jags_extract_samples_works_as_expected_for_matrix"/>
  </testsuite>
  <testsuite name="helpers_model" timestamp="2023-06-30T13:57:24Z" hostname="e5713d1084eb" tests="34" skipped="0" failures="0" errors="0" time="0.318">
    <testcase time="0.0139999999999958" classname="helpers_model" name="h_model_dual_endpoint_sigma2W_updates_model_components_for_fixed_sigma2W"/>
    <testcase time="0.00900000000000034" classname="helpers_model" name="h_model_dual_endpoint_sigma2W_updates_model_components"/>
    <testcase time="0.0100000000000051" classname="helpers_model" name="h_model_dual_endpoint_sigma2W_throws_error_for_non_valid_fixed_sigma2W"/>
    <testcase time="0.00600000000000023" classname="helpers_model" name="h_model_dual_endpoint_sigma2W_throws_error_for_non_valid_fixed_sigma2W"/>
    <testcase time="0.0109999999999957" classname="helpers_model" name="h_model_dual_endpoint_sigma2W_throws_error_for_non_valid_sigma2W"/>
    <testcase time="0.00800000000000978" classname="helpers_model" name="h_model_dual_endpoint_rho_updates_model_components_for_fixed_rho"/>
    <testcase time="0.00900000000000034" classname="helpers_model" name="h_model_dual_endpoint_rho_updates_model_components"/>
    <testcase time="0.0109999999999957" classname="helpers_model" name="h_model_dual_endpoint_rho_throws_error_for_non_valid_fixed_rho"/>
    <testcase time="0.00600000000000023" classname="helpers_model" name="h_model_dual_endpoint_rho_throws_error_for_non_valid_fixed_rho"/>
    <testcase time="0.00600000000000023" classname="helpers_model" name="h_model_dual_endpoint_rho_throws_error_for_non_valid_fixed_rho"/>
    <testcase time="0.0100000000000051" classname="helpers_model" name="h_model_dual_endpoint_rho_throws_error_for_non_valid_rho"/>
    <testcase time="0.0139999999999958" classname="helpers_model" name="h_model_dual_endpoint_sigma2betaW_updates_model_components_for_fixed_sigma2betaW"/>
    <testcase time="0.00400000000000489" classname="helpers_model" name="h_model_dual_endpoint_sigma2betaW_updates_model_components_for_fixed_sigma2betaW"/>
    <testcase time="0.0139999999999958" classname="helpers_model" name="h_model_dual_endpoint_sigma2betaW_updates_model_components"/>
    <testcase time="0.00399999999999068" classname="helpers_model" name="h_model_dual_endpoint_sigma2betaW_updates_model_components"/>
    <testcase time="0.00400000000000489" classname="helpers_model" name="h_model_dual_endpoint_sigma2betaW_updates_model_components"/>
    <testcase time="0.00400000000000489" classname="helpers_model" name="h_model_dual_endpoint_sigma2betaW_updates_model_components"/>
    <testcase time="0.00999999999999091" classname="helpers_model" name="h_model_dual_endpoint_sigma2betaW_updates_model_components"/>
    <testcase time="0.00500000000000966" classname="helpers_model" name="h_model_dual_endpoint_sigma2betaW_updates_model_components"/>
    <testcase time="0.0219999999999914" classname="helpers_model" name="h_model_dual_endpoint_sigma2betaW_throws_error_for_non_valid_fixed_sigma2betaW"/>
    <testcase time="0.00600000000000023" classname="helpers_model" name="h_model_dual_endpoint_sigma2betaW_throws_error_for_non_valid_fixed_sigma2betaW"/>
    <testcase time="0.0160000000000053" classname="helpers_model" name="h_model_dual_endpoint_sigma2betaW_throws_error_for_non_valid_sigma2betaW"/>
    <testcase time="0.0139999999999958" classname="helpers_model" name="h_model_dual_endpoint_beta_updates_model_components_for_scalar_param"/>
    <testcase time="0.00400000000000489" classname="helpers_model" name="h_model_dual_endpoint_beta_updates_model_components_for_scalar_param"/>
    <testcase time="0.00400000000000489" classname="helpers_model" name="h_model_dual_endpoint_beta_updates_model_components_for_scalar_param"/>
    <testcase time="0.0139999999999958" classname="helpers_model" name="h_model_dual_endpoint_beta_updates_model_components"/>
    <testcase time="0.00400000000000489" classname="helpers_model" name="h_model_dual_endpoint_beta_updates_model_components"/>
    <testcase time="0.00399999999999068" classname="helpers_model" name="h_model_dual_endpoint_beta_updates_model_components"/>
    <testcase time="0.00400000000000489" classname="helpers_model" name="h_model_dual_endpoint_beta_updates_model_components"/>
    <testcase time="0.00399999999999068" classname="helpers_model" name="h_model_dual_endpoint_beta_updates_model_components"/>
    <testcase time="0.0160000000000053" classname="helpers_model" name="h_model_dual_endpoint_beta_throws_error_for_non_valid_param"/>
    <testcase time="0.0150000000000006" classname="helpers_model" name="h_model_dual_endpoint_beta_throws_error_for_non_valid_param_name"/>
    <testcase time="0.0160000000000053" classname="helpers_model" name="h_model_dual_endpoint_beta_throws_error_for_non_valid_param_suffix"/>
    <testcase time="0.0159999999999911" classname="helpers_model" name="h_model_dual_endpoint_beta_throws_error_for_non_valid_priormodel"/>
  </testsuite>
  <testsuite name="helpers_rules" timestamp="2023-06-30T13:57:24Z" hostname="e5713d1084eb" tests="47" skipped="11" failures="0" errors="0" time="3.052">
    <testcase time="0.0150000000000006" classname="helpers_rules" name="h_info_theory_dist_works_as_expected_for_scalars"/>
    <testcase time="0.0100000000000051" classname="helpers_rules" name="h_info_theory_dist_works_as_expected_for_vectors"/>
    <testcase time="0.0100000000000051" classname="helpers_rules" name="h_info_theory_dist_works_as_expected_for_matrices"/>
    <testcase time="0.0120000000000005" classname="helpers_rules" name="h_info_theory_dist_throws_the_error_for_non_conformable_args"/>
    <testcase time="0.00600000000000023" classname="helpers_rules" name="h_info_theory_dist_throws_the_error_for_non_conformable_args"/>
    <testcase time="0.0109999999999957" classname="helpers_rules" name="h_info_theory_dist_throws_the_error_for_wrong_asymmetry"/>
    <testcase time="0.0369999999999919" classname="helpers_rules" name="h_next_best_mg_ci_works_as_expected"/>
    <testcase time="0.0370000000000061" classname="helpers_rules" name="h_next_best_mg_ci_works_as_expected_with_placebo_"/>
    <testcase time="0.00900000000000034" classname="helpers_rules" name="h_next_best_mg_doses_at_grid_works_as_expected"/>
    <testcase time="0.00900000000000034" classname="helpers_rules" name="h_next_best_mg_doses_at_grid_works_as_expected_small_doselimit_"/>
    <testcase time="0.00900000000000034" classname="helpers_rules" name="h_next_best_mg_doses_at_grid_works_as_expected_small_doselimit_placebo_"/>
    <testcase time="0.00900000000000034" classname="helpers_rules" name="h_next_best_mg_doses_at_grid_works_as_expected_td_mg_"/>
    <testcase time="0.00900000000000034" classname="helpers_rules" name="h_next_best_eligible_doses_works_as_expected"/>
    <testcase time="0.00399999999999068" classname="helpers_rules" name="h_next_best_eligible_doses_works_as_expected"/>
    <testcase time="0.00400000000000489" classname="helpers_rules" name="h_next_best_eligible_doses_works_as_expected"/>
    <testcase time="0.00400000000000489" classname="helpers_rules" name="h_next_best_eligible_doses_works_as_expected"/>
    <testcase time="0.00300000000000011" classname="helpers_rules" name="h_next_best_eligible_doses_works_as_expected"/>
    <testcase time="0.00399999999999068" classname="helpers_rules" name="h_next_best_eligible_doses_works_as_expected"/>
    <testcase time="0.0110000000000099" classname="helpers_rules" name="h_next_best_eligible_doses_works_as_expected"/>
    <testcase time="0.00600000000000023" classname="helpers_rules" name="h_next_best_eligible_doses_works_as_expected"/>
    <testcase time="0.00499999999999545" classname="helpers_rules" name="h_next_best_eligible_doses_works_as_expected"/>
    <testcase time="0.00600000000000023" classname="helpers_rules" name="h_next_best_eligible_doses_works_as_expected"/>
    <testcase time="0.00499999999999545" classname="helpers_rules" name="h_next_best_eligible_doses_works_as_expected"/>
    <testcase time="0.00500000000000966" classname="helpers_rules" name="h_next_best_eligible_doses_works_as_expected"/>
    <testcase time="0.00900000000000034" classname="helpers_rules" name="h_next_best_eligible_doses_works_as_expected_no_placebo_"/>
    <testcase time="0.00399999999999068" classname="helpers_rules" name="h_next_best_eligible_doses_works_as_expected_no_placebo_"/>
    <testcase time="0.00400000000000489" classname="helpers_rules" name="h_next_best_eligible_doses_works_as_expected_no_placebo_"/>
    <testcase time="0.00400000000000489" classname="helpers_rules" name="h_next_best_eligible_doses_works_as_expected_no_placebo_"/>
    <testcase time="0.00399999999999068" classname="helpers_rules" name="h_next_best_eligible_doses_works_as_expected_no_placebo_"/>
    <testcase time="0.00400000000000489" classname="helpers_rules" name="h_next_best_eligible_doses_works_as_expected_no_placebo_"/>
    <testcase time="0.00300000000000011" classname="helpers_rules" name="h_next_best_eligible_doses_works_as_expected_no_placebo_"/>
    <testcase time="0.00400000000000489" classname="helpers_rules" name="h_next_best_eligible_doses_works_as_expected_no_placebo_"/>
    <testcase time="0.00399999999999068" classname="helpers_rules" name="h_next_best_eligible_doses_works_as_expected_no_placebo_"/>
    <testcase time="0.00400000000000489" classname="helpers_rules" name="h_next_best_eligible_doses_works_as_expected_no_placebo_"/>
    <testcase time="0.0109999999999957" classname="helpers_rules" name="h_next_best_eligible_doses_throws_the_error_for_empty_dose_grid_or_not_sorted"/>
    <testcase time="0.00600000000000023" classname="helpers_rules" name="h_next_best_eligible_doses_throws_the_error_for_empty_dose_grid_or_not_sorted"/>
    <testcase time="0.290000000000006" classname="helpers_rules" name="h_next_best_ncrm_loss_plot_works_as_expected">
      <skipped message="Reason: On CRAN ('test-helpers_rules.R:197:3')"/>
    </testcase>
    <testcase time="0.378" classname="helpers_rules" name="h_next_best_ncrm_loss_plot_works_as_expected_unacceptable_specified_">
      <skipped message="Reason: On CRAN ('test-helpers_rules.R:218:3')"/>
    </testcase>
    <testcase time="0.278999999999996" classname="helpers_rules" name="h_next_best_ncrm_loss_plot_works_as_expected_no_doselimit_">
      <skipped message="Reason: On CRAN ('test-helpers_rules.R:238:3')"/>
    </testcase>
    <testcase time="0.195999999999998" classname="helpers_rules" name="h_next_best_tdsamples_plot_works_as_expected">
      <skipped message="Reason: On CRAN ('test-helpers_rules.R:247:3')"/>
    </testcase>
    <testcase time="0.183000000000007" classname="helpers_rules" name="h_next_best_tdsamples_plot_works_as_expected_no_doselimit_">
      <skipped message="Reason: On CRAN ('test-helpers_rules.R:254:3')"/>
    </testcase>
    <testcase time="0.199999999999989" classname="helpers_rules" name="h_next_best_td_plot_works_as_expected">
      <skipped message="Reason: On CRAN ('test-helpers_rules.R:263:3')"/>
    </testcase>
    <testcase time="0.202000000000012" classname="helpers_rules" name="h_next_best_td_plot_works_as_expected_no_doselimit_">
      <skipped message="Reason: On CRAN ('test-helpers_rules.R:270:3')"/>
    </testcase>
    <testcase time="0.334999999999994" classname="helpers_rules" name="h_next_best_mg_plot_works_as_expected">
      <skipped message="Reason: On CRAN ('test-helpers_rules.R:283:3')"/>
    </testcase>
    <testcase time="0.335999999999999" classname="helpers_rules" name="h_next_best_mg_plot_works_as_expected_no_doselimit_">
      <skipped message="Reason: On CRAN ('test-helpers_rules.R:294:3')"/>
    </testcase>
    <testcase time="0.168999999999997" classname="helpers_rules" name="h_next_best_mgsamples_plot_works_as_expected">
      <skipped message="Reason: On CRAN ('test-helpers_rules.R:303:3')"/>
    </testcase>
    <testcase time="0.183000000000007" classname="helpers_rules" name="h_next_best_mgsamples_plot_works_as_expected_no_doselimit_">
      <skipped message="Reason: On CRAN ('test-helpers_rules.R:310:3')"/>
    </testcase>
  </testsuite>
  <testsuite name="logger" timestamp="2023-06-30T13:57:27Z" hostname="e5713d1084eb" tests="5" skipped="0" failures="0" errors="0" time="0.071">
    <testcase time="0.0289999999999964" classname="logger" name="enable_logging_works_as_expected"/>
    <testcase time="0.0120000000000005" classname="logger" name="disable_logging_works_as_expected"/>
    <testcase time="0.0100000000000051" classname="logger" name="is_logging_enabled_works_as_expected"/>
    <testcase time="0.00699999999999079" classname="logger" name="is_logging_enabled_works_as_expected"/>
    <testcase time="0.0130000000000052" classname="logger" name="log_trace_works_as_expected"/>
  </testsuite>
  <testsuite name="mcmc" timestamp="2023-06-30T13:57:27Z" hostname="e5713d1084eb" tests="11" skipped="0" failures="0" errors="0" time="0.142">
    <testcase time="0.0150000000000006" classname="mcmc" name="JAGS_model_compile_works_as_expected_for_an_example_model"/>
    <testcase time="0.00400000000000489" classname="mcmc" name="JAGS_model_compile_works_as_expected_for_an_example_model"/>
    <testcase time="0.0319999999999965" classname="mcmc" name="mcmc_GeneralData_works_as_expected"/>
    <testcase time="0.00400000000000489" classname="mcmc" name="mcmc_GeneralData_works_as_expected"/>
    <testcase time="0.00399999999999068" classname="mcmc" name="mcmc_GeneralData_works_as_expected"/>
    <testcase time="0.00100000000000477" classname="mcmc" name="mcmc_GeneralData_works_as_expected"/>
    <testcase time="0.00100000000000477" classname="mcmc" name="mcmc_GeneralData_works_as_expected"/>
    <testcase time="0.0379999999999967" classname="mcmc" name="mcmc_GeneralData_gets_random_results"/>
    <testcase time="0.00300000000000011" classname="mcmc" name="mcmc_GeneralData_gets_random_results"/>
    <testcase time="0.0370000000000061" classname="mcmc" name="mcmc_GeneralData_respects_fixed_RNG_settings"/>
    <testcase time="0.00300000000000011" classname="mcmc" name="mcmc_GeneralData_respects_fixed_RNG_settings"/>
  </testsuite>
  <testsuite name="sas-results-part-1" timestamp="2023-06-30T13:57:27Z" hostname="e5713d1084eb" tests="4" skipped="4" failures="0" errors="0" time="0.055">
    <testcase time="0.0120000000000005" classname="sas_results_part_1" name="Posterior_summaries_for_probabilities_of_DLT_2_parameter_logistic_model_and_recommended_doses_NCRMLoss_crmPack_vs._SAS_Example_1">
      <skipped message="Reason: On CRAN ('test-sas-results-part-1.R:4:3')"/>
    </testcase>
    <testcase time="0.0139999999999958" classname="sas_results_part_1" name="Posterior_summaries_for_probabilities_of_DLT_2_parameter_logistic_model_and_recommended_doses_NCRMLoss_crmPack_vs._SAS_Example_2">
      <skipped message="Reason: On CRAN ('test-sas-results-part-1.R:95:3')"/>
    </testcase>
    <testcase time="0.01400000000001" classname="sas_results_part_1" name="Posterior_summaries_for_probabilities_of_DLT_2_parameter_logistic_model_and_recommended_doses_NCRMLoss_crmPack_vs._SAS_Example_3">
      <skipped message="Reason: On CRAN ('test-sas-results-part-1.R:186:3')"/>
    </testcase>
    <testcase time="0.0149999999999864" classname="sas_results_part_1" name="Posterior_summaries_for_probabilities_of_DLT_2_parameter_logistic_model_and_recommended_doses_NCRMLoss_crmPack_vs._SAS_Example_4">
      <skipped message="Reason: On CRAN ('test-sas-results-part-1.R:283:3')"/>
    </testcase>
  </testsuite>
  <testsuite name="sas-results-part-2" timestamp="2023-06-30T13:57:27Z" hostname="e5713d1084eb" tests="4" skipped="4" failures="0" errors="0" time="0.077">
    <testcase time="0.0310000000000059" classname="sas_results_part_2" name="Posterior_summaries_for_probabilities_of_DLT_2_parameter_logistic_model_and_recommended_doses_NCRMLoss_crmPack_vs._SAS_Example_1">
      <skipped message="Reason: On CRAN ('test-sas-results-part-2.R:4:3')"/>
    </testcase>
    <testcase time="0.0180000000000007" classname="sas_results_part_2" name="Posterior_summaries_for_probabilities_of_DLT_2_parameter_logistic_model_and_recommended_doses_NCRMLoss_crmPack_vs._SAS_Example_2">
      <skipped message="Reason: On CRAN ('test-sas-results-part-2.R:118:3')"/>
    </testcase>
    <testcase time="0.0139999999999958" classname="sas_results_part_2" name="Posterior_summaries_for_probabilities_of_DLT_2_parameter_logistic_model_and_recommended_doses_NCRMLoss_crmPack_vs._SAS_Example_3">
      <skipped message="Reason: On CRAN ('test-sas-results-part-2.R:233:3')"/>
    </testcase>
    <testcase time="0.01400000000001" classname="sas_results_part_2" name="Posterior_summaries_for_probabilities_of_DLT_2_parameter_logistic_model_and_recommended_doses_NCRMLoss_crmPack_vs._SAS_Example_4">
      <skipped message="Reason: On CRAN ('test-sas-results-part-2.R:348:3')"/>
    </testcase>
  </testsuite>
  <testsuite name="utils" timestamp="2023-06-30T13:57:27Z" hostname="e5713d1084eb" tests="2" skipped="0" failures="0" errors="0" time="0.031">
    <testcase time="0.0219999999999914" classname="utils" name="dapply_returns_valid_object_for_sample_data_for_max_dose_fun"/>
    <testcase time="0.00900000000000034" classname="utils" name="dapply_returns_valid_objects_for_sample_data_for_sort_dose_fun"/>
  </testsuite>
</testsuites>
